2025-04-11T03:35:56.793262+00:00, 613, 117
2025-04-11T03:35:56.799443+00:00, 602, 85
2025-04-11T03:35:56.803981+00:00, 601, 114
2025-04-11T03:35:56.807962+00:00, 607, 81
2025-04-11T03:35:56.811123+00:00, 616, 85
2025-04-11T03:35:56.815144+00:00, 505, 76
2025-04-11T03:35:56.819675+00:00, 512, 95
2025-04-11T03:35:56.824264+00:00, 510, 79
2025-04-11T03:35:56.827539+00:00, 509, 90
2025-04-11T03:35:56.833522+00:00, 506, 86
2025-04-11T03:35:56.836674+00:00, 511, 97
2025-04-11T03:35:56.839755+00:00, 501, 59
2025-04-11T03:35:56.842606+00:00, 503, 93
2025-04-11T03:35:56.845224+00:00, 502, 104
2025-04-11T03:35:56.848169+00:00, 508, 70
2025-04-11T03:35:56.850580+00:00, 504, 106
2025-04-11T03:35:56.853804+00:00, 516, 66
2025-04-11T03:35:56.856717+00:00, 514, 93
2025-04-11T03:35:56.859581+00:00, 605, 124
2025-04-11T03:35:56.865724+00:00, 603, 84
2025-04-11T03:35:56.868770+00:00, 610, 56
2025-04-11T03:35:56.873727+00:00, 608, 112
2025-04-11T03:35:56.876569+00:00, 604, 124
2025-04-11T03:35:56.880012+00:00, 611, 73
2025-04-11T03:35:56.882977+00:00, 606, 91
2025-04-11T03:35:56.886277+00:00, 613, 113
2025-04-11T03:35:56.890115+00:00, 602, 93
2025-04-11T03:35:56.893154+00:00, 601, 113
2025-04-11T03:35:56.896222+00:00, 607, 81
2025-04-11T03:35:56.900869+00:00, 616, 85
2025-04-11T03:35:56.904412+00:00, 505, 76
2025-04-11T03:35:56.907715+00:00, 512, 97
2025-04-11T03:35:56.910672+00:00, 510, 72
2025-04-11T03:35:56.915322+00:00, 509, 78
2025-04-11T03:35:56.918840+00:00, 506, 85
2025-04-11T03:35:56.924448+00:00, 511, 81
2025-04-11T03:35:56.927793+00:00, 501, 60
2025-04-11T03:35:56.932152+00:00, 503, 92
2025-04-11T03:35:56.935837+00:00, 502, 104
2025-04-11T03:35:56.944291+00:00, 508, 73
2025-04-11T03:35:56.947171+00:00, 504, 106
2025-04-11T03:35:56.949981+00:00, 516, 67
2025-04-11T03:35:56.954874+00:00, 514, 98
2025-04-11T03:35:56.957912+00:00, 605, 126
2025-04-11T03:35:56.961329+00:00, 603, 85
2025-04-11T03:35:56.964847+00:00, 610, 54
2025-04-11T03:35:56.970295+00:00, 608, 109
2025-04-11T03:35:56.974100+00:00, 604, 118
2025-04-11T03:35:56.978261+00:00, 611, 78
2025-04-11T03:35:56.982579+00:00, 606, 90
2025-04-11T03:35:56.986912+00:00, 613, 116
2025-04-11T03:35:56.993552+00:00, 602, 86
2025-04-11T03:35:57.001129+00:00, 601, 113
2025-04-11T03:35:57.006362+00:00, 607, 82
2025-04-11T03:35:57.012014+00:00, 616, 85
2025-04-11T03:35:57.015809+00:00, 505, 79
2025-04-11T03:35:57.021224+00:00, 512, 98
2025-04-11T03:35:57.024847+00:00, 510, 77
2025-04-11T03:35:57.029893+00:00, 509, 76
2025-04-11T03:35:57.033539+00:00, 506, 92
2025-04-11T03:35:57.036890+00:00, 511, 97
2025-04-11T03:35:57.039723+00:00, 501, 58
2025-04-11T03:35:57.043510+00:00, 503, 93
2025-04-11T03:35:57.047517+00:00, 502, 104
2025-04-11T03:35:57.481136+00:00, 508, 69
2025-04-11T03:35:58.105662+00:00, 504, 106
2025-04-11T03:35:58.716471+00:00, 516, 68
2025-04-11T03:35:59.322322+00:00, 514, 99
2025-04-11T03:35:59.926742+00:00, 605, 127
2025-04-11T03:36:00.540900+00:00, 603, 87
2025-04-11T03:36:01.165525+00:00, 610, 57
2025-04-11T03:36:01.767895+00:00, 608, 107
2025-04-11T03:36:02.382124+00:00, 604, 122
2025-04-11T03:36:02.975356+00:00, 611, 87
2025-04-11T03:36:03.587174+00:00, 606, 91
2025-04-11T03:36:04.189448+00:00, 613, 118
2025-04-11T03:36:04.792749+00:00, 602, 91
2025-04-11T03:36:05.398009+00:00, 601, 113
2025-04-11T03:36:06.009327+00:00, 607, 81
2025-04-11T03:36:06.621102+00:00, 616, 85
2025-04-11T03:36:07.228000+00:00, 505, 77
2025-04-11T03:36:07.845200+00:00, 512, 95
2025-04-11T03:36:08.461590+00:00, 509, 83
2025-04-11T03:36:09.064134+00:00, 506, 94
2025-04-11T03:36:09.680688+00:00, 511, 99
2025-04-11T03:36:10.294216+00:00, 501, 57
2025-04-11T03:36:10.912312+00:00, 503, 95
2025-04-11T03:36:11.513399+00:00, 502, 104
2025-04-11T03:36:12.118128+00:00, 508, 71
2025-04-11T03:36:12.735832+00:00, 504, 105
2025-04-11T03:36:13.344282+00:00, 516, 71
2025-04-11T03:36:13.950838+00:00, 514, 103
2025-04-11T03:36:14.570685+00:00, 605, 121
2025-04-11T03:36:15.190270+00:00, 603, 86
2025-04-11T03:36:15.804631+00:00, 610, 56
2025-04-11T03:36:16.405263+00:00, 608, 103
2025-04-11T03:36:17.023815+00:00, 604, 122
2025-04-11T03:36:17.634715+00:00, 611, 76
2025-04-11T03:36:18.233220+00:00, 606, 90
2025-04-11T03:36:18.852252+00:00, 613, 117
2025-04-11T03:36:19.466111+00:00, 602, 92
2025-04-11T03:36:20.081771+00:00, 601, 113
2025-04-11T03:36:20.675694+00:00, 607, 82
2025-04-11T03:36:21.277372+00:00, 616, 84
2025-04-11T03:36:21.901934+00:00, 505, 75
2025-04-11T03:36:22.506402+00:00, 512, 96
2025-04-11T03:36:23.114573+00:00, 509, 74
2025-04-11T03:36:23.736471+00:00, 506, 94
2025-04-11T03:36:24.338137+00:00, 511, 94
2025-04-11T03:36:24.948227+00:00, 501, 59
2025-04-11T03:36:25.556544+00:00, 503, 93
2025-04-11T03:36:26.163981+00:00, 502, 104
2025-04-11T03:36:26.757260+00:00, 508, 67
2025-04-11T03:36:27.382755+00:00, 504, 105
2025-04-11T03:36:27.987754+00:00, 516, 67
2025-04-11T03:36:28.601344+00:00, 514, 96
2025-04-11T03:36:29.214435+00:00, 605, 123
2025-04-11T03:36:29.818070+00:00, 603, 87
2025-04-11T03:36:30.441374+00:00, 610, 55
2025-04-11T03:36:31.048086+00:00, 608, 102
2025-04-11T03:36:31.658409+00:00, 604, 121
2025-04-11T03:36:32.262625+00:00, 611, 78
2025-04-11T03:36:32.880345+00:00, 606, 90
2025-04-11T03:36:33.492714+00:00, 613, 118
2025-04-11T03:36:34.092821+00:00, 602, 93
2025-04-11T03:36:34.697996+00:00, 601, 113
2025-04-11T03:36:35.320161+00:00, 607, 83
2025-04-11T03:36:35.927964+00:00, 616, 85
2025-04-11T03:36:36.534378+00:00, 505, 75
2025-04-11T03:36:37.135082+00:00, 512, 95
2025-04-11T03:36:37.760177+00:00, 509, 78
2025-04-11T03:36:38.376809+00:00, 506, 94
2025-04-11T03:36:38.982366+00:00, 511, 96
2025-04-11T03:36:39.587285+00:00, 501, 60
2025-04-11T03:36:40.210907+00:00, 503, 92
2025-04-11T03:36:40.815116+00:00, 502, 104
2025-04-11T03:36:41.436219+00:00, 508, 74
2025-04-11T03:36:42.047559+00:00, 504, 105
2025-04-11T03:36:42.640948+00:00, 516, 67
2025-04-11T03:36:43.268476+00:00, 514, 93
2025-04-11T03:36:43.870474+00:00, 605, 124
2025-04-11T03:36:44.481714+00:00, 603, 86
2025-04-11T03:36:45.098087+00:00, 610, 55
2025-04-11T03:36:45.699429+00:00, 608, 104
2025-04-11T03:36:46.292547+00:00, 604, 117
2025-04-11T03:36:46.918785+00:00, 611, 88
2025-04-11T03:36:47.522431+00:00, 606, 90
2025-04-11T03:36:48.123801+00:00, 613, 119
2025-04-11T03:36:48.736376+00:00, 602, 71
2025-04-11T03:36:49.353999+00:00, 601, 112
2025-04-11T03:36:49.965081+00:00, 607, 82
2025-04-11T03:36:50.580187+00:00, 616, 84
2025-04-11T03:36:51.195846+00:00, 505, 77
2025-04-11T03:36:51.795214+00:00, 512, 98
2025-04-11T03:36:52.420557+00:00, 509, 69
2025-04-11T03:36:53.024563+00:00, 506, 96
2025-04-11T03:36:53.636632+00:00, 511, 97
2025-04-11T03:36:54.250059+00:00, 501, 59
2025-04-11T03:36:54.841227+00:00, 503, 92
2025-04-11T03:36:55.459180+00:00, 502, 103
2025-04-11T03:36:56.067855+00:00, 508, 71
2025-04-11T03:36:56.669813+00:00, 504, 105
2025-04-11T03:36:57.290497+00:00, 516, 69
2025-04-11T03:36:57.894029+00:00, 514, 93
2025-04-11T03:36:58.500559+00:00, 605, 124
2025-04-11T03:36:59.106814+00:00, 603, 87
2025-04-11T03:36:59.716889+00:00, 610, 54
2025-04-11T03:37:00.347486+00:00, 608, 99
2025-04-11T03:37:00.949349+00:00, 604, 117
2025-04-11T03:37:01.546042+00:00, 611, 71
2025-04-11T03:37:02.157771+00:00, 606, 90
2025-04-11T03:37:02.767346+00:00, 613, 119
2025-04-11T03:37:03.393163+00:00, 602, 69
2025-04-11T03:37:04.000080+00:00, 601, 114
2025-04-11T03:37:04.600058+00:00, 607, 82
2025-04-11T03:37:05.212206+00:00, 616, 83
2025-04-11T03:37:05.841426+00:00, 505, 76
2025-04-11T03:37:06.450054+00:00, 512, 95
2025-04-11T03:37:07.060893+00:00, 509, 71
2025-04-11T03:37:07.669414+00:00, 506, 98
2025-04-11T03:37:08.283064+00:00, 511, 99
2025-04-11T03:37:08.891149+00:00, 501, 59
2025-04-11T03:37:09.504483+00:00, 503, 92
2025-04-11T03:37:10.095606+00:00, 502, 103
2025-04-11T03:37:10.710845+00:00, 508, 67
2025-04-11T03:37:11.312707+00:00, 504, 104
2025-04-11T03:37:11.932878+00:00, 516, 68
2025-04-11T03:37:12.541824+00:00, 514, 98
2025-04-11T03:37:13.156470+00:00, 605, 123
2025-04-11T03:37:13.760557+00:00, 603, 86
2025-04-11T03:37:14.371310+00:00, 610, 55
2025-04-11T03:37:14.969438+00:00, 608, 101
2025-04-11T03:37:15.581630+00:00, 604, 116
2025-04-11T03:37:16.205020+00:00, 611, 81
2025-04-11T03:37:16.815002+00:00, 606, 89
2025-04-11T03:37:17.418053+00:00, 613, 115
2025-04-11T03:37:18.043783+00:00, 602, 101
2025-04-11T03:37:18.657814+00:00, 601, 113
2025-04-11T03:37:19.275695+00:00, 607, 81
2025-04-11T03:37:19.880435+00:00, 616, 84
2025-04-11T03:37:20.500655+00:00, 505, 80
2025-04-11T03:37:21.090238+00:00, 512, 93
2025-04-11T03:37:21.706795+00:00, 509, 73
2025-04-11T03:37:22.298323+00:00, 506, 96
2025-04-11T03:37:22.906835+00:00, 511, 97
2025-04-11T03:37:23.514303+00:00, 501, 60
2025-04-11T03:37:24.128781+00:00, 503, 92
2025-04-11T03:37:24.730278+00:00, 502, 104
2025-04-11T03:37:25.350223+00:00, 508, 67
2025-04-11T03:37:25.970044+00:00, 504, 104
2025-04-11T03:37:26.558614+00:00, 516, 67
2025-04-11T03:37:27.180288+00:00, 514, 99
2025-04-11T03:37:27.777577+00:00, 605, 122
2025-04-11T03:37:28.393221+00:00, 603, 86
2025-04-11T03:37:29.010323+00:00, 610, 55
2025-04-11T03:37:29.622562+00:00, 608, 105
2025-04-11T03:37:30.241614+00:00, 604, 115
2025-04-11T03:37:30.852152+00:00, 611, 87
2025-04-11T03:37:31.457740+00:00, 606, 90
2025-04-11T03:37:32.065215+00:00, 613, 115
2025-04-11T03:37:32.669684+00:00, 602, 95
2025-04-11T03:37:33.284387+00:00, 601, 114
2025-04-11T03:37:33.879298+00:00, 607, 80
2025-04-11T03:37:34.496592+00:00, 616, 84
2025-04-11T03:37:35.114954+00:00, 505, 81
2025-04-11T03:37:35.721637+00:00, 512, 93
2025-04-11T03:37:36.331704+00:00, 509, 72
2025-04-11T03:37:36.929792+00:00, 506, 99
2025-04-11T03:37:37.543038+00:00, 511, 102
2025-04-11T03:37:38.154782+00:00, 501, 59
2025-04-11T03:37:38.773448+00:00, 503, 92
2025-04-11T03:37:39.394729+00:00, 502, 103
2025-04-11T03:37:39.999584+00:00, 508, 70
2025-04-11T03:37:40.612931+00:00, 504, 105
2025-04-11T03:37:41.224831+00:00, 516, 79
2025-04-11T03:37:41.837759+00:00, 514, 95
2025-04-11T03:37:42.436178+00:00, 605, 126
2025-04-11T03:37:43.072698+00:00, 603, 86
2025-04-11T03:37:43.658061+00:00, 610, 56
2025-04-11T03:37:44.255865+00:00, 608, 102
2025-04-11T03:37:44.866473+00:00, 604, 115
2025-04-11T03:37:45.487285+00:00, 606, 91
2025-04-11T03:37:46.104128+00:00, 613, 120
2025-04-11T03:37:46.714521+00:00, 602, 96
2025-04-11T03:37:47.329206+00:00, 601, 113
2025-04-11T03:37:47.943679+00:00, 607, 80
2025-04-11T03:37:48.538511+00:00, 616, 84
2025-04-11T03:37:49.148056+00:00, 505, 79
2025-04-11T03:37:49.768591+00:00, 512, 93
2025-04-11T03:37:50.385349+00:00, 509, 72
2025-04-11T03:37:50.993328+00:00, 506, 96
2025-04-11T03:37:51.593683+00:00, 511, 93
2025-04-11T03:37:52.193406+00:00, 501, 59
2025-04-11T03:37:52.814019+00:00, 503, 92
2025-04-11T03:37:53.420892+00:00, 502, 103
2025-04-11T03:37:54.040612+00:00, 508, 72
2025-04-11T03:37:54.639564+00:00, 504, 105
2025-04-11T03:37:55.256994+00:00, 516, 66
2025-04-11T03:37:55.906457+00:00, 514, 101
2025-04-11T03:37:56.532945+00:00, 605, 129
2025-04-11T03:37:57.137222+00:00, 603, 86
2025-04-11T03:37:57.750406+00:00, 610, 56
2025-04-11T03:37:58.354361+00:00, 608, 100
2025-04-11T03:37:58.958074+00:00, 604, 115
2025-04-11T03:37:59.561778+00:00, 606, 92
2025-04-11T03:38:00.184894+00:00, 613, 124
2025-04-11T03:38:00.782317+00:00, 602, 87
2025-04-11T03:38:01.405949+00:00, 601, 115
2025-04-11T03:38:02.030364+00:00, 607, 81
2025-04-11T03:38:02.634471+00:00, 616, 83
2025-04-11T03:38:03.248752+00:00, 505, 82
2025-04-11T03:38:03.862254+00:00, 512, 89
2025-04-11T03:38:04.469233+00:00, 509, 71
2025-04-11T03:38:05.067517+00:00, 506, 98
2025-04-11T03:38:05.676011+00:00, 511, 93
2025-04-11T03:38:06.278839+00:00, 501, 59
2025-04-11T03:38:06.898805+00:00, 503, 91
2025-04-11T03:38:07.516089+00:00, 502, 104
2025-04-11T03:38:08.138699+00:00, 508, 77
2025-04-11T03:38:08.745278+00:00, 504, 104
2025-04-11T03:38:09.351258+00:00, 514, 98
2025-04-11T03:38:09.963223+00:00, 605, 123
2025-04-11T03:38:10.563457+00:00, 603, 87
2025-04-11T03:38:11.179342+00:00, 610, 56
2025-04-11T03:38:11.783886+00:00, 608, 103
2025-04-11T03:38:12.386767+00:00, 604, 115
2025-04-11T03:38:13.011340+00:00, 606, 93
2025-04-11T03:38:13.605681+00:00, 613, 124
2025-04-11T03:38:14.222920+00:00, 602, 83
2025-04-11T03:38:14.822372+00:00, 601, 114
2025-04-11T03:38:15.436378+00:00, 607, 81
2025-04-11T03:38:16.041277+00:00, 616, 83
2025-04-11T03:38:16.647843+00:00, 505, 78
2025-04-11T03:38:17.270835+00:00, 512, 94
2025-04-11T03:38:17.882736+00:00, 509, 73
2025-04-11T03:38:18.493381+00:00, 506, 101
2025-04-11T03:38:19.099785+00:00, 511, 96
2025-04-11T03:38:19.715384+00:00, 501, 60
2025-04-11T03:38:20.321120+00:00, 503, 90
2025-04-11T03:38:20.920380+00:00, 502, 105
2025-04-11T03:38:21.528946+00:00, 508, 69
2025-04-11T03:38:22.136354+00:00, 504, 104
2025-04-11T03:38:22.766241+00:00, 514, 98
2025-04-11T03:38:23.363579+00:00, 605, 122
2025-04-11T03:38:23.983290+00:00, 603, 87
2025-04-11T03:38:24.589077+00:00, 610, 54
2025-04-11T03:38:25.191940+00:00, 608, 100
2025-04-11T03:38:25.802173+00:00, 604, 113
2025-04-11T03:38:26.411207+00:00, 606, 93
2025-04-11T03:38:27.035004+00:00, 613, 125
2025-04-11T03:38:27.637059+00:00, 602, 94
2025-04-11T03:38:28.257513+00:00, 601, 114
2025-04-11T03:38:28.872717+00:00, 607, 82
2025-04-11T03:38:29.490934+00:00, 616, 83
2025-04-11T03:38:30.107606+00:00, 505, 81
2025-04-11T03:38:30.711139+00:00, 512, 95
2025-04-11T03:38:31.313829+00:00, 509, 71
2025-04-11T03:38:31.934978+00:00, 506, 101
2025-04-11T03:38:32.531481+00:00, 511, 95
2025-04-11T03:38:33.140361+00:00, 501, 59
2025-04-11T03:38:33.755599+00:00, 503, 91
2025-04-11T03:38:34.360778+00:00, 502, 104
2025-04-11T03:38:34.954049+00:00, 508, 69
2025-04-11T03:38:35.581220+00:00, 504, 105
2025-04-11T03:38:36.191681+00:00, 516, 70
2025-04-11T03:38:36.799054+00:00, 514, 100
2025-04-11T03:38:37.411794+00:00, 515, 78
2025-04-11T03:38:38.020691+00:00, 605, 122
2025-04-11T03:38:38.643988+00:00, 603, 85
2025-04-11T03:38:39.243335+00:00, 610, 56
2025-04-11T03:38:39.863590+00:00, 608, 100
2025-04-11T03:38:40.486851+00:00, 604, 113
2025-04-11T03:38:41.072276+00:00, 606, 93
2025-04-11T03:38:41.685753+00:00, 613, 126
2025-04-11T03:38:42.289407+00:00, 602, 91
2025-04-11T03:38:42.918778+00:00, 601, 114
2025-04-11T03:38:43.531595+00:00, 607, 83
2025-04-11T03:38:44.132892+00:00, 616, 83
2025-04-11T03:38:44.754216+00:00, 505, 76
2025-04-11T03:38:45.368192+00:00, 512, 97
2025-04-11T03:38:45.973636+00:00, 509, 76
2025-04-11T03:38:46.584793+00:00, 506, 97
2025-04-11T03:38:47.186515+00:00, 511, 96
2025-04-11T03:38:47.808333+00:00, 501, 59
2025-04-11T03:38:48.423755+00:00, 503, 90
2025-04-11T03:38:49.016290+00:00, 502, 105
2025-04-11T03:38:49.628529+00:00, 508, 71
2025-04-11T03:38:50.253967+00:00, 504, 105
2025-04-11T03:38:50.849458+00:00, 516, 72
2025-04-11T03:38:51.471197+00:00, 514, 91
2025-04-11T03:38:52.073997+00:00, 515, 77
2025-04-11T03:38:52.689859+00:00, 605, 124
2025-04-11T03:38:53.288032+00:00, 603, 84
2025-04-11T03:38:53.899616+00:00, 610, 56
2025-04-11T03:38:54.517045+00:00, 608, 103
2025-04-11T03:38:55.121594+00:00, 604, 112
2025-04-11T03:38:55.735900+00:00, 611, 85
2025-04-11T03:38:56.358493+00:00, 606, 93
2025-04-11T03:38:56.964238+00:00, 613, 123
2025-04-11T03:38:57.590374+00:00, 602, 87
2025-04-11T03:38:58.182301+00:00, 601, 115
2025-04-11T03:38:58.801970+00:00, 607, 81
2025-04-11T03:38:59.400102+00:00, 616, 82
2025-04-11T03:39:00.020601+00:00, 505, 80
2025-04-11T03:39:00.650671+00:00, 512, 86
2025-04-11T03:39:01.262782+00:00, 509, 74
2025-04-11T03:39:01.870595+00:00, 506, 95
2025-04-11T03:39:02.493023+00:00, 511, 98
2025-04-11T03:39:03.101909+00:00, 501, 60
2025-04-11T03:39:03.690535+00:00, 503, 91
2025-04-11T03:39:04.289772+00:00, 502, 105
2025-04-11T03:39:04.901623+00:00, 508, 73
2025-04-11T03:39:05.512441+00:00, 504, 105
2025-04-11T03:39:06.134679+00:00, 516, 73
2025-04-11T03:39:06.741240+00:00, 514, 93
2025-04-11T03:39:07.356173+00:00, 515, 77
2025-04-11T03:39:07.963808+00:00, 605, 126
2025-04-11T03:39:08.587915+00:00, 603, 85
2025-04-11T03:39:09.175955+00:00, 610, 55
2025-04-11T03:39:09.801527+00:00, 608, 102
2025-04-11T03:39:10.408113+00:00, 604, 107
2025-04-11T03:39:11.015266+00:00, 611, 80
2025-04-11T03:39:11.630195+00:00, 606, 95
2025-04-11T03:39:12.232694+00:00, 613, 115
2025-04-11T03:39:12.847432+00:00, 602, 71
2025-04-11T03:39:13.463650+00:00, 601, 114
2025-04-11T03:39:14.074939+00:00, 607, 82
2025-04-11T03:39:14.690209+00:00, 616, 82
2025-04-11T03:39:15.296017+00:00, 505, 76
2025-04-11T03:39:15.902220+00:00, 512, 92
2025-04-11T03:39:16.510089+00:00, 509, 73
2025-04-11T03:39:17.126438+00:00, 506, 91
2025-04-11T03:39:17.735315+00:00, 511, 94
2025-04-11T03:39:18.355282+00:00, 501, 59
2025-04-11T03:39:18.950273+00:00, 503, 93
2025-04-11T03:39:19.573304+00:00, 502, 105
2025-04-11T03:39:20.181362+00:00, 508, 73
2025-04-11T03:39:20.787545+00:00, 504, 105
2025-04-11T03:39:21.392325+00:00, 516, 73
2025-04-11T03:39:21.989411+00:00, 514, 94
2025-04-11T03:39:22.604613+00:00, 515, 77
2025-04-11T03:39:23.220665+00:00, 605, 126
2025-04-11T03:39:23.833208+00:00, 603, 83
2025-04-11T03:39:24.438234+00:00, 610, 56
2025-04-11T03:39:25.049563+00:00, 608, 103
2025-04-11T03:39:25.673890+00:00, 604, 106
2025-04-11T03:39:26.282069+00:00, 611, 68
2025-04-11T03:39:26.888405+00:00, 606, 93
2025-04-11T03:39:27.495477+00:00, 613, 116
2025-04-11T03:39:28.114630+00:00, 602, 99
2025-04-11T03:39:28.727517+00:00, 601, 114
2025-04-11T03:39:29.329624+00:00, 607, 82
2025-04-11T03:39:29.938300+00:00, 616, 83
2025-04-11T03:39:30.552658+00:00, 505, 78
2025-04-11T03:39:31.170693+00:00, 512, 80
2025-04-11T03:39:31.787028+00:00, 509, 72
2025-04-11T03:39:32.386812+00:00, 506, 88
2025-04-11T03:39:33.009041+00:00, 511, 95
2025-04-11T03:39:33.606845+00:00, 501, 59
2025-04-11T03:39:34.226215+00:00, 503, 93
2025-04-11T03:39:34.838081+00:00, 502, 105
2025-04-11T03:39:35.466539+00:00, 508, 73
2025-04-11T03:39:36.062069+00:00, 504, 104
2025-04-11T03:39:36.669067+00:00, 516, 73
2025-04-11T03:39:37.299248+00:00, 514, 92
2025-04-11T03:39:37.903449+00:00, 515, 82
2025-04-11T03:39:38.510345+00:00, 605, 126
2025-04-11T03:39:39.113484+00:00, 603, 83
2025-04-11T03:39:39.724503+00:00, 610, 55
2025-04-11T03:39:40.336595+00:00, 608, 105
2025-04-11T03:39:40.960444+00:00, 604, 107
2025-04-11T03:39:41.561184+00:00, 611, 76
2025-04-11T03:39:42.170411+00:00, 606, 95
2025-04-11T03:39:42.776826+00:00, 613, 97
2025-04-11T03:39:43.389134+00:00, 602, 98
2025-04-11T03:39:43.999715+00:00, 601, 114
2025-04-11T03:39:44.602762+00:00, 607, 81
2025-04-11T03:39:45.225009+00:00, 616, 82
2025-04-11T03:39:45.834175+00:00, 505, 75
2025-04-11T03:39:46.453307+00:00, 512, 99
2025-04-11T03:39:47.055700+00:00, 509, 72
2025-04-11T03:39:47.660303+00:00, 506, 90
2025-04-11T03:39:48.274928+00:00, 511, 95
2025-04-11T03:39:48.880973+00:00, 501, 60
2025-04-11T03:39:49.486125+00:00, 503, 93
2025-04-11T03:39:50.106218+00:00, 502, 104
2025-04-11T03:39:50.704932+00:00, 508, 77
2025-04-11T03:39:51.319705+00:00, 504, 104
2025-04-11T03:39:51.931407+00:00, 516, 71
2025-04-11T03:39:52.544029+00:00, 514, 91
2025-04-11T03:39:53.156726+00:00, 515, 78
2025-04-11T03:39:53.771699+00:00, 605, 127
2025-04-11T03:39:54.375525+00:00, 603, 84
2025-04-11T03:39:54.978803+00:00, 610, 56
2025-04-11T03:39:55.590380+00:00, 608, 101
2025-04-11T03:39:56.188200+00:00, 604, 108
2025-04-11T03:39:56.806592+00:00, 611, 86
2025-04-11T03:39:57.424526+00:00, 606, 94
2025-04-11T03:39:58.037661+00:00, 613, 108
2025-04-11T03:39:58.648019+00:00, 602, 99
2025-04-11T03:39:59.261221+00:00, 601, 112
2025-04-11T03:39:59.868468+00:00, 607, 81
2025-04-11T03:40:00.477362+00:00, 616, 83
2025-04-11T03:40:01.081021+00:00, 505, 76
2025-04-11T03:40:01.700381+00:00, 512, 96
2025-04-11T03:40:02.307415+00:00, 509, 71
2025-04-11T03:40:02.916092+00:00, 506, 89
2025-04-11T03:40:03.537919+00:00, 511, 96
2025-04-11T03:40:04.149875+00:00, 501, 59
2025-04-11T03:40:04.755494+00:00, 503, 91
2025-04-11T03:40:05.373742+00:00, 502, 104
2025-04-11T03:40:05.991048+00:00, 508, 77
2025-04-11T03:40:06.584709+00:00, 504, 105
2025-04-11T03:40:07.208547+00:00, 516, 71
2025-04-11T03:40:07.812184+00:00, 514, 91
2025-04-11T03:40:08.421590+00:00, 515, 93
2025-04-11T03:40:09.039422+00:00, 605, 125
2025-04-11T03:40:09.636853+00:00, 603, 82
2025-04-11T03:40:10.252036+00:00, 610, 55
2025-04-11T03:40:10.869214+00:00, 608, 101
2025-04-11T03:40:11.480199+00:00, 604, 113
2025-04-11T03:40:12.088890+00:00, 611, 76
2025-04-11T03:40:12.691949+00:00, 606, 96
2025-04-11T03:40:13.290242+00:00, 613, 106
2025-04-11T03:40:13.911392+00:00, 602, 91
2025-04-11T03:40:14.518246+00:00, 601, 113
2025-04-11T03:40:15.119437+00:00, 607, 79
2025-04-11T03:40:15.748806+00:00, 616, 81
2025-04-11T03:40:16.354336+00:00, 505, 76
2025-04-11T03:40:16.956314+00:00, 512, 93
2025-04-11T03:40:17.566418+00:00, 509, 69
2025-04-11T03:40:18.172189+00:00, 506, 88
