2025-04-11T03:46:07.669080+00:00, 613, 117
2025-04-11T03:46:07.676377+00:00, 602, 85
2025-04-11T03:46:07.685106+00:00, 601, 114
2025-04-11T03:46:07.690729+00:00, 607, 81
2025-04-11T03:46:07.694799+00:00, 616, 85
2025-04-11T03:46:07.700582+00:00, 505, 76
2025-04-11T03:46:07.704502+00:00, 512, 95
2025-04-11T03:46:07.708573+00:00, 510, 79
2025-04-11T03:46:07.713991+00:00, 509, 90
2025-04-11T03:46:07.718943+00:00, 506, 86
2025-04-11T03:46:07.726819+00:00, 511, 97
2025-04-11T03:46:07.733291+00:00, 501, 59
2025-04-11T03:46:07.741234+00:00, 503, 93
2025-04-11T03:46:07.744781+00:00, 502, 104
2025-04-11T03:46:07.748400+00:00, 508, 70
2025-04-11T03:46:07.757459+00:00, 504, 106
2025-04-11T03:46:07.761700+00:00, 516, 66
2025-04-11T03:46:07.766421+00:00, 514, 93
2025-04-11T03:46:07.769065+00:00, 605, 124
2025-04-11T03:46:07.771587+00:00, 603, 84
2025-04-11T03:46:07.774143+00:00, 610, 56
2025-04-11T03:46:07.776412+00:00, 608, 112
2025-04-11T03:46:07.778501+00:00, 604, 124
2025-04-11T03:46:07.782130+00:00, 611, 73
2025-04-11T03:46:07.784516+00:00, 606, 91
2025-04-11T03:46:07.786431+00:00, 613, 113
2025-04-11T03:46:07.788419+00:00, 602, 93
2025-04-11T03:46:07.790340+00:00, 601, 113
2025-04-11T03:46:07.792898+00:00, 607, 81
2025-04-11T03:46:07.795467+00:00, 616, 85
2025-04-11T03:46:07.798644+00:00, 505, 76
2025-04-11T03:46:07.800639+00:00, 512, 97
2025-04-11T03:46:07.802690+00:00, 510, 72
2025-04-11T03:46:07.804724+00:00, 509, 78
2025-04-11T03:46:07.808779+00:00, 506, 85
2025-04-11T03:46:07.811491+00:00, 511, 81
2025-04-11T03:46:07.815173+00:00, 501, 60
2025-04-11T03:46:07.817249+00:00, 503, 92
2025-04-11T03:46:07.819313+00:00, 502, 104
2025-04-11T03:46:07.821884+00:00, 508, 73
2025-04-11T03:46:07.824513+00:00, 504, 106
2025-04-11T03:46:07.827492+00:00, 516, 67
2025-04-11T03:46:07.829822+00:00, 514, 98
2025-04-11T03:46:07.831997+00:00, 605, 126
2025-04-11T03:46:07.834162+00:00, 603, 85
2025-04-11T03:46:07.836397+00:00, 610, 54
2025-04-11T03:46:07.839372+00:00, 608, 109
2025-04-11T03:46:07.841757+00:00, 604, 118
2025-04-11T03:46:07.844216+00:00, 611, 78
2025-04-11T03:46:07.846288+00:00, 606, 90
2025-04-11T03:46:07.848700+00:00, 613, 116
2025-04-11T03:46:07.850885+00:00, 602, 86
2025-04-11T03:46:07.853159+00:00, 601, 113
2025-04-11T03:46:07.855324+00:00, 607, 82
2025-04-11T03:46:07.857418+00:00, 616, 85
2025-04-11T03:46:07.860449+00:00, 505, 79
2025-04-11T03:46:07.866376+00:00, 512, 98
2025-04-11T03:46:07.869250+00:00, 510, 77
2025-04-11T03:46:07.871321+00:00, 509, 76
2025-04-11T03:46:07.876010+00:00, 506, 92
2025-04-11T03:46:07.878431+00:00, 511, 97
2025-04-11T03:46:07.880491+00:00, 501, 58
2025-04-11T03:46:07.882549+00:00, 503, 93
2025-04-11T03:46:07.884921+00:00, 502, 104
2025-04-11T03:46:07.886927+00:00, 508, 69
2025-04-11T03:46:07.889836+00:00, 504, 106
2025-04-11T03:46:07.892787+00:00, 516, 68
2025-04-11T03:46:07.895516+00:00, 514, 99
2025-04-11T03:46:07.898636+00:00, 605, 127
2025-04-11T03:46:07.902757+00:00, 603, 87
2025-04-11T03:46:07.908358+00:00, 610, 57
2025-04-11T03:46:07.911492+00:00, 608, 107
2025-04-11T03:46:07.915660+00:00, 604, 122
2025-04-11T03:46:07.919005+00:00, 611, 87
2025-04-11T03:46:07.923671+00:00, 606, 91
2025-04-11T03:46:07.926410+00:00, 613, 118
2025-04-11T03:46:07.928908+00:00, 602, 91
2025-04-11T03:46:07.932930+00:00, 601, 113
2025-04-11T03:46:07.945278+00:00, 607, 81
2025-04-11T03:46:07.948148+00:00, 616, 85
2025-04-11T03:46:07.957177+00:00, 505, 77
2025-04-11T03:46:07.959173+00:00, 512, 95
2025-04-11T03:46:07.961057+00:00, 509, 83
2025-04-11T03:46:07.962965+00:00, 506, 94
2025-04-11T03:46:07.965067+00:00, 511, 99
2025-04-11T03:46:07.966844+00:00, 501, 57
2025-04-11T03:46:07.968842+00:00, 503, 95
2025-04-11T03:46:07.970667+00:00, 502, 104
2025-04-11T03:46:07.975892+00:00, 508, 71
2025-04-11T03:46:07.977928+00:00, 504, 105
2025-04-11T03:46:07.979375+00:00, 516, 71
2025-04-11T03:46:07.980980+00:00, 514, 103
2025-04-11T03:46:07.982901+00:00, 605, 121
2025-04-11T03:46:07.984478+00:00, 603, 86
2025-04-11T03:46:07.986252+00:00, 610, 56
2025-04-11T03:46:07.988446+00:00, 608, 103
2025-04-11T03:46:07.990972+00:00, 604, 122
2025-04-11T03:46:07.993012+00:00, 611, 76
2025-04-11T03:46:07.995618+00:00, 606, 90
2025-04-11T03:46:07.998968+00:00, 613, 117
2025-04-11T03:46:08.000938+00:00, 602, 92
2025-04-11T03:46:08.002743+00:00, 601, 113
2025-04-11T03:46:08.004694+00:00, 607, 82
2025-04-11T03:46:08.006675+00:00, 616, 84
2025-04-11T03:46:08.009801+00:00, 505, 75
2025-04-11T03:46:08.014440+00:00, 512, 96
2025-04-11T03:46:08.016595+00:00, 509, 74
2025-04-11T03:46:08.019359+00:00, 506, 94
2025-04-11T03:46:08.023962+00:00, 511, 94
2025-04-11T03:46:08.026591+00:00, 501, 59
2025-04-11T03:46:08.029052+00:00, 503, 93
2025-04-11T03:46:08.032448+00:00, 502, 104
2025-04-11T03:46:08.034556+00:00, 508, 67
2025-04-11T03:46:08.036157+00:00, 504, 105
2025-04-11T03:46:08.038124+00:00, 516, 67
2025-04-11T03:46:08.040408+00:00, 514, 96
2025-04-11T03:46:08.043448+00:00, 605, 123
2025-04-11T03:46:08.045600+00:00, 603, 87
2025-04-11T03:46:08.047785+00:00, 610, 55
2025-04-11T03:46:08.049652+00:00, 608, 102
2025-04-11T03:46:08.051669+00:00, 604, 121
2025-04-11T03:46:08.053465+00:00, 611, 78
2025-04-11T03:46:08.055821+00:00, 606, 90
2025-04-11T03:46:08.058565+00:00, 613, 118
2025-04-11T03:46:08.061088+00:00, 602, 93
2025-04-11T03:46:08.191226+00:00, 601, 113
2025-04-11T03:46:08.496337+00:00, 607, 83
2025-04-11T03:46:08.792636+00:00, 616, 85
2025-04-11T03:46:09.117821+00:00, 505, 75
2025-04-11T03:46:09.426222+00:00, 512, 95
2025-04-11T03:46:09.743549+00:00, 509, 78
2025-04-11T03:46:10.040758+00:00, 506, 94
2025-04-11T03:46:10.365420+00:00, 511, 96
2025-04-11T03:46:10.677848+00:00, 501, 60
2025-04-11T03:46:10.979160+00:00, 503, 92
2025-04-11T03:46:11.284878+00:00, 502, 104
2025-04-11T03:46:11.602514+00:00, 508, 74
2025-04-11T03:46:11.922367+00:00, 504, 105
2025-04-11T03:46:12.222933+00:00, 516, 67
2025-04-11T03:46:12.545928+00:00, 514, 93
2025-04-11T03:46:12.848949+00:00, 605, 124
2025-04-11T03:46:13.163033+00:00, 603, 86
2025-04-11T03:46:13.470253+00:00, 610, 55
2025-04-11T03:46:13.804663+00:00, 608, 104
2025-04-11T03:46:14.084917+00:00, 604, 117
2025-04-11T03:46:14.399007+00:00, 611, 88
2025-04-11T03:46:14.702781+00:00, 606, 90
2025-04-11T03:46:15.010316+00:00, 613, 119
2025-04-11T03:46:15.313178+00:00, 602, 71
2025-04-11T03:46:15.623619+00:00, 601, 112
2025-04-11T03:46:15.945717+00:00, 607, 82
2025-04-11T03:46:16.245817+00:00, 616, 84
2025-04-11T03:46:16.568920+00:00, 505, 77
2025-04-11T03:46:16.875380+00:00, 512, 98
2025-04-11T03:46:17.185160+00:00, 509, 69
2025-04-11T03:46:17.497745+00:00, 506, 96
2025-04-11T03:46:17.812340+00:00, 511, 97
2025-04-11T03:46:18.115427+00:00, 501, 59
2025-04-11T03:46:18.432021+00:00, 503, 92
2025-04-11T03:46:18.741292+00:00, 502, 103
2025-04-11T03:46:19.053233+00:00, 508, 71
2025-04-11T03:46:19.360902+00:00, 504, 105
2025-04-11T03:46:19.660601+00:00, 516, 69
2025-04-11T03:46:19.966448+00:00, 514, 93
2025-04-11T03:46:20.278036+00:00, 605, 124
2025-04-11T03:46:20.586257+00:00, 603, 87
2025-04-11T03:46:20.901692+00:00, 610, 54
2025-04-11T03:46:21.204945+00:00, 608, 99
2025-04-11T03:46:21.517636+00:00, 604, 117
2025-04-11T03:46:21.840127+00:00, 611, 71
2025-04-11T03:46:22.149821+00:00, 606, 90
2025-04-11T03:46:22.458404+00:00, 613, 119
2025-04-11T03:46:22.764766+00:00, 602, 69
2025-04-11T03:46:23.083821+00:00, 601, 114
2025-04-11T03:46:23.388746+00:00, 607, 82
2025-04-11T03:46:23.714783+00:00, 616, 83
2025-04-11T03:46:24.009982+00:00, 505, 76
2025-04-11T03:46:24.311438+00:00, 512, 95
2025-04-11T03:46:24.627937+00:00, 509, 71
2025-04-11T03:46:24.933902+00:00, 506, 98
2025-04-11T03:46:25.250440+00:00, 511, 99
2025-04-11T03:46:25.552192+00:00, 501, 59
2025-04-11T03:46:25.874007+00:00, 503, 92
2025-04-11T03:46:26.184455+00:00, 502, 103
2025-04-11T03:46:26.500331+00:00, 508, 67
2025-04-11T03:46:26.835375+00:00, 504, 104
2025-04-11T03:46:27.122968+00:00, 516, 68
2025-04-11T03:46:27.429873+00:00, 514, 98
2025-04-11T03:46:27.735501+00:00, 605, 123
2025-04-11T03:46:28.041890+00:00, 603, 86
2025-04-11T03:46:28.371064+00:00, 610, 55
2025-04-11T03:46:28.692853+00:00, 608, 101
2025-04-11T03:46:29.003450+00:00, 604, 116
2025-04-11T03:46:29.329182+00:00, 611, 81
2025-04-11T03:46:29.634535+00:00, 606, 89
2025-04-11T03:46:29.934989+00:00, 613, 115
2025-04-11T03:46:30.254264+00:00, 602, 101
2025-04-11T03:46:30.558260+00:00, 601, 113
2025-04-11T03:46:30.874727+00:00, 607, 81
2025-04-11T03:46:31.190433+00:00, 616, 84
2025-04-11T03:46:31.492297+00:00, 505, 80
2025-04-11T03:46:31.792961+00:00, 512, 93
2025-04-11T03:46:32.114945+00:00, 509, 73
2025-04-11T03:46:32.425423+00:00, 506, 96
2025-04-11T03:46:32.715487+00:00, 511, 97
2025-04-11T03:46:33.042759+00:00, 501, 60
2025-04-11T03:46:33.354004+00:00, 503, 92
2025-04-11T03:46:33.669091+00:00, 502, 104
2025-04-11T03:46:33.979483+00:00, 508, 67
2025-04-11T03:46:34.287422+00:00, 504, 104
2025-04-11T03:46:34.596950+00:00, 516, 67
2025-04-11T03:46:34.896598+00:00, 514, 99
2025-04-11T03:46:35.207196+00:00, 605, 122
2025-04-11T03:46:35.516500+00:00, 603, 86
2025-04-11T03:46:35.820841+00:00, 610, 55
2025-04-11T03:46:36.117628+00:00, 608, 105
2025-04-11T03:46:36.436057+00:00, 604, 115
2025-04-11T03:46:36.752909+00:00, 611, 87
2025-04-11T03:46:37.054175+00:00, 606, 90
2025-04-11T03:46:37.366311+00:00, 613, 115
2025-04-11T03:46:37.670637+00:00, 602, 95
2025-04-11T03:46:37.981792+00:00, 601, 114
2025-04-11T03:46:38.294440+00:00, 607, 80
2025-04-11T03:46:38.590192+00:00, 616, 84
2025-04-11T03:46:38.908078+00:00, 505, 81
2025-04-11T03:46:39.220536+00:00, 512, 93
2025-04-11T03:46:39.527155+00:00, 509, 72
2025-04-11T03:46:39.853682+00:00, 506, 99
2025-04-11T03:46:40.154443+00:00, 511, 102
2025-04-11T03:46:40.468708+00:00, 501, 59
2025-04-11T03:46:40.781424+00:00, 503, 92
2025-04-11T03:46:41.085752+00:00, 502, 103
2025-04-11T03:46:41.405995+00:00, 508, 70
2025-04-11T03:46:41.698443+00:00, 504, 105
2025-04-11T03:46:42.007102+00:00, 516, 79
2025-04-11T03:46:42.318130+00:00, 514, 95
2025-04-11T03:46:42.616590+00:00, 605, 126
2025-04-11T03:46:42.946951+00:00, 603, 86
2025-04-11T03:46:43.252980+00:00, 610, 56
2025-04-11T03:46:43.546684+00:00, 608, 102
2025-04-11T03:46:43.842938+00:00, 604, 115
2025-04-11T03:46:44.165060+00:00, 606, 91
2025-04-11T03:46:44.474019+00:00, 613, 120
2025-04-11T03:46:44.782983+00:00, 602, 96
2025-04-11T03:46:45.075517+00:00, 601, 113
2025-04-11T03:46:45.395032+00:00, 607, 80
2025-04-11T03:46:45.720172+00:00, 616, 84
2025-04-11T03:46:46.023526+00:00, 505, 79
2025-04-11T03:46:46.330942+00:00, 512, 93
2025-04-11T03:46:46.642843+00:00, 509, 72
2025-04-11T03:46:46.942094+00:00, 506, 96
2025-04-11T03:46:47.245018+00:00, 511, 93
2025-04-11T03:46:47.567998+00:00, 501, 59
2025-04-11T03:46:47.863641+00:00, 503, 92
2025-04-11T03:46:48.186254+00:00, 502, 103
2025-04-11T03:46:48.483290+00:00, 508, 72
2025-04-11T03:46:48.791171+00:00, 504, 105
2025-04-11T03:46:49.092676+00:00, 516, 66
2025-04-11T03:46:49.416216+00:00, 514, 101
2025-04-11T03:46:49.718675+00:00, 605, 129
2025-04-11T03:46:50.027504+00:00, 603, 86
2025-04-11T03:46:50.349485+00:00, 610, 56
2025-04-11T03:46:50.663099+00:00, 608, 100
2025-04-11T03:46:50.980944+00:00, 604, 115
2025-04-11T03:46:51.289196+00:00, 606, 92
2025-04-11T03:46:51.596037+00:00, 613, 124
2025-04-11T03:46:51.920791+00:00, 602, 87
2025-04-11T03:46:52.219283+00:00, 601, 115
2025-04-11T03:46:52.513408+00:00, 607, 81
2025-04-11T03:46:52.822710+00:00, 616, 83
2025-04-11T03:46:53.153303+00:00, 505, 82
2025-04-11T03:46:53.449574+00:00, 512, 89
2025-04-11T03:46:53.754631+00:00, 509, 71
2025-04-11T03:46:54.066997+00:00, 506, 98
2025-04-11T03:46:54.366955+00:00, 511, 93
2025-04-11T03:46:54.678216+00:00, 501, 59
2025-04-11T03:46:54.976946+00:00, 503, 91
2025-04-11T03:46:55.294649+00:00, 502, 104
2025-04-11T03:46:55.600518+00:00, 508, 77
2025-04-11T03:46:55.928959+00:00, 504, 104
2025-04-11T03:46:56.224561+00:00, 514, 98
2025-04-11T03:46:56.551170+00:00, 605, 123
2025-04-11T03:46:56.861234+00:00, 603, 87
2025-04-11T03:46:57.168894+00:00, 610, 56
2025-04-11T03:46:57.478404+00:00, 608, 103
2025-04-11T03:46:57.793406+00:00, 604, 115
2025-04-11T03:46:58.107090+00:00, 606, 93
2025-04-11T03:46:58.410142+00:00, 613, 124
2025-04-11T03:46:58.735224+00:00, 602, 83
2025-04-11T03:46:59.042044+00:00, 601, 114
2025-04-11T03:46:59.354538+00:00, 607, 81
2025-04-11T03:46:59.653128+00:00, 616, 83
2025-04-11T03:46:59.967895+00:00, 505, 78
2025-04-11T03:47:00.276079+00:00, 512, 94
2025-04-11T03:47:00.590040+00:00, 509, 73
2025-04-11T03:47:00.888273+00:00, 506, 101
2025-04-11T03:47:01.213744+00:00, 511, 96
2025-04-11T03:47:01.521815+00:00, 501, 60
2025-04-11T03:47:01.833599+00:00, 503, 90
2025-04-11T03:47:02.160035+00:00, 502, 105
2025-04-11T03:47:02.478562+00:00, 508, 69
2025-04-11T03:47:02.762609+00:00, 504, 104
2025-04-11T03:47:03.090645+00:00, 514, 98
2025-04-11T03:47:03.395223+00:00, 605, 122
2025-04-11T03:47:03.707222+00:00, 603, 87
2025-04-11T03:47:04.015407+00:00, 610, 54
2025-04-11T03:47:04.312737+00:00, 608, 100
2025-04-11T03:47:04.623830+00:00, 604, 113
2025-04-11T03:47:04.936266+00:00, 606, 93
2025-04-11T03:47:05.253197+00:00, 613, 125
2025-04-11T03:47:05.551046+00:00, 602, 94
2025-04-11T03:47:05.869623+00:00, 601, 114
2025-04-11T03:47:06.178830+00:00, 607, 82
2025-04-11T03:47:06.477821+00:00, 616, 83
2025-04-11T03:47:06.802970+00:00, 505, 81
2025-04-11T03:47:07.094878+00:00, 512, 95
2025-04-11T03:47:07.418879+00:00, 509, 71
2025-04-11T03:47:07.732990+00:00, 506, 101
2025-04-11T03:47:08.035593+00:00, 511, 95
2025-04-11T03:47:08.352071+00:00, 501, 59
2025-04-11T03:47:08.671101+00:00, 503, 91
2025-04-11T03:47:08.969450+00:00, 502, 104
2025-04-11T03:47:09.277538+00:00, 508, 69
2025-04-11T03:47:09.577016+00:00, 504, 105
2025-04-11T03:47:09.888483+00:00, 516, 70
2025-04-11T03:47:10.189827+00:00, 514, 100
2025-04-11T03:47:10.508672+00:00, 515, 78
2025-04-11T03:47:10.818508+00:00, 605, 122
2025-04-11T03:47:11.133982+00:00, 603, 85
2025-04-11T03:47:11.455138+00:00, 610, 56
2025-04-11T03:47:11.762048+00:00, 608, 100
2025-04-11T03:47:12.063307+00:00, 604, 113
2025-04-11T03:47:12.383102+00:00, 606, 93
2025-04-11T03:47:12.680613+00:00, 613, 126
2025-04-11T03:47:13.003389+00:00, 602, 91
2025-04-11T03:47:13.316110+00:00, 601, 114
2025-04-11T03:47:13.627871+00:00, 607, 83
2025-04-11T03:47:13.945155+00:00, 616, 83
2025-04-11T03:47:14.248916+00:00, 505, 76
2025-04-11T03:47:14.558558+00:00, 512, 97
2025-04-11T03:47:14.874206+00:00, 509, 76
2025-04-11T03:47:15.173013+00:00, 506, 97
2025-04-11T03:47:15.476266+00:00, 511, 96
2025-04-11T03:47:15.798046+00:00, 501, 59
2025-04-11T03:47:16.103491+00:00, 503, 90
2025-04-11T03:47:16.410445+00:00, 502, 105
2025-04-11T03:47:16.721184+00:00, 508, 71
2025-04-11T03:47:17.024292+00:00, 504, 105
2025-04-11T03:47:17.336170+00:00, 516, 72
2025-04-11T03:47:17.636875+00:00, 514, 91
2025-04-11T03:47:17.952068+00:00, 515, 77
2025-04-11T03:47:18.267220+00:00, 605, 124
2025-04-11T03:47:18.559615+00:00, 603, 84
2025-04-11T03:47:18.879313+00:00, 610, 56
2025-04-11T03:47:19.192022+00:00, 608, 103
2025-04-11T03:47:19.506645+00:00, 604, 112
2025-04-11T03:47:19.809281+00:00, 611, 85
2025-04-11T03:47:20.109999+00:00, 606, 93
2025-04-11T03:47:20.434210+00:00, 613, 123
2025-04-11T03:47:20.735180+00:00, 602, 87
2025-04-11T03:47:21.059701+00:00, 601, 115
2025-04-11T03:47:21.352951+00:00, 607, 81
2025-04-11T03:47:21.660295+00:00, 616, 82
2025-04-11T03:47:21.975967+00:00, 505, 80
2025-04-11T03:47:22.273138+00:00, 512, 86
2025-04-11T03:47:22.595324+00:00, 509, 74
2025-04-11T03:47:22.900817+00:00, 506, 95
2025-04-11T03:47:23.207141+00:00, 511, 98
2025-04-11T03:47:23.514747+00:00, 501, 60
2025-04-11T03:47:23.841706+00:00, 503, 91
2025-04-11T03:47:24.153830+00:00, 502, 105
2025-04-11T03:47:24.463202+00:00, 508, 73
2025-04-11T03:47:24.780232+00:00, 504, 105
2025-04-11T03:47:25.064159+00:00, 516, 73
2025-04-11T03:47:25.381402+00:00, 514, 93
2025-04-11T03:47:25.687634+00:00, 515, 77
2025-04-11T03:47:26.005920+00:00, 605, 126
2025-04-11T03:47:26.314973+00:00, 603, 85
2025-04-11T03:47:26.609639+00:00, 610, 55
2025-04-11T03:47:26.935163+00:00, 608, 102
2025-04-11T03:47:27.246514+00:00, 604, 107
2025-04-11T03:47:27.541254+00:00, 611, 80
2025-04-11T03:47:27.840909+00:00, 606, 95
2025-04-11T03:47:28.156998+00:00, 613, 115
2025-04-11T03:47:28.448475+00:00, 602, 71
2025-04-11T03:47:28.767373+00:00, 601, 114
2025-04-11T03:47:29.078432+00:00, 607, 82
2025-04-11T03:47:29.387407+00:00, 616, 82
2025-04-11T03:47:29.701825+00:00, 505, 76
2025-04-11T03:47:30.001754+00:00, 512, 92
2025-04-11T03:47:30.324113+00:00, 509, 73
2025-04-11T03:47:30.637304+00:00, 506, 91
2025-04-11T03:47:30.934231+00:00, 511, 94
2025-04-11T03:47:31.241514+00:00, 501, 59
2025-04-11T03:47:31.552594+00:00, 503, 93
2025-04-11T03:47:31.859232+00:00, 502, 105
2025-04-11T03:47:32.184146+00:00, 508, 73
2025-04-11T03:47:32.488442+00:00, 504, 105
2025-04-11T03:47:32.792030+00:00, 516, 73
2025-04-11T03:47:33.117406+00:00, 514, 94
2025-04-11T03:47:33.416783+00:00, 515, 77
2025-04-11T03:47:33.718071+00:00, 605, 126
2025-04-11T03:47:34.035120+00:00, 603, 83
2025-04-11T03:47:34.344420+00:00, 610, 56
2025-04-11T03:47:34.644287+00:00, 608, 103
2025-04-11T03:47:34.965438+00:00, 604, 106
2025-04-11T03:47:35.263597+00:00, 611, 68
2025-04-11T03:47:35.573063+00:00, 606, 93
2025-04-11T03:47:35.897824+00:00, 613, 116
2025-04-11T03:47:36.209315+00:00, 602, 99
2025-04-11T03:47:36.513180+00:00, 601, 114
2025-04-11T03:47:36.813783+00:00, 607, 82
2025-04-11T03:47:37.133537+00:00, 616, 83
2025-04-11T03:47:37.445218+00:00, 505, 78
2025-04-11T03:47:37.763652+00:00, 512, 80
2025-04-11T03:47:38.068098+00:00, 509, 72
2025-04-11T03:47:38.386774+00:00, 506, 88
2025-04-11T03:47:38.693683+00:00, 511, 95
2025-04-11T03:47:38.990951+00:00, 501, 59
2025-04-11T03:47:39.315626+00:00, 503, 93
2025-04-11T03:47:39.608011+00:00, 502, 105
2025-04-11T03:47:39.924982+00:00, 508, 73
2025-04-11T03:47:40.239792+00:00, 504, 104
2025-04-11T03:47:40.548379+00:00, 516, 73
2025-04-11T03:47:40.859398+00:00, 514, 92
2025-04-11T03:47:41.165730+00:00, 515, 82
2025-04-11T03:47:41.475079+00:00, 605, 126
2025-04-11T03:47:41.786885+00:00, 603, 83
2025-04-11T03:47:42.102139+00:00, 610, 55
2025-04-11T03:47:42.424059+00:00, 608, 105
2025-04-11T03:47:42.715111+00:00, 604, 107
2025-04-11T03:47:43.029123+00:00, 611, 76
2025-04-11T03:47:43.338736+00:00, 606, 95
2025-04-11T03:47:43.652482+00:00, 613, 97
2025-04-11T03:47:43.960499+00:00, 602, 98
2025-04-11T03:47:44.272980+00:00, 601, 114
2025-04-11T03:47:44.579659+00:00, 607, 81
2025-04-11T03:47:44.875420+00:00, 616, 82
2025-04-11T03:47:45.191128+00:00, 505, 75
2025-04-11T03:47:45.492336+00:00, 512, 99
2025-04-11T03:47:45.819785+00:00, 509, 72
2025-04-11T03:47:46.125981+00:00, 506, 90
2025-04-11T03:47:46.432321+00:00, 511, 95
2025-04-11T03:47:46.741930+00:00, 501, 60
2025-04-11T03:47:47.056712+00:00, 503, 93
2025-04-11T03:47:47.360013+00:00, 502, 104
2025-04-11T03:47:47.668972+00:00, 508, 77
2025-04-11T03:47:47.980390+00:00, 504, 104
2025-04-11T03:47:48.295037+00:00, 516, 71
2025-04-11T03:47:48.611136+00:00, 514, 91
2025-04-11T03:47:48.931481+00:00, 515, 78
2025-04-11T03:47:49.227283+00:00, 605, 127
2025-04-11T03:47:49.540166+00:00, 603, 84
2025-04-11T03:47:49.830454+00:00, 610, 56
2025-04-11T03:47:50.142008+00:00, 608, 101
2025-04-11T03:47:50.465415+00:00, 604, 108
2025-04-11T03:47:50.774122+00:00, 611, 86
2025-04-11T03:47:51.078073+00:00, 606, 94
2025-04-11T03:47:51.384670+00:00, 613, 108
2025-04-11T03:47:51.708415+00:00, 602, 99
2025-04-11T03:47:52.010048+00:00, 601, 112
2025-04-11T03:47:52.323634+00:00, 607, 81
2025-04-11T03:47:52.623110+00:00, 616, 83
2025-04-11T03:47:52.936281+00:00, 505, 76
2025-04-11T03:47:53.255514+00:00, 512, 96
2025-04-11T03:47:53.567016+00:00, 509, 71
2025-04-11T03:47:53.875665+00:00, 506, 89
2025-04-11T03:47:54.193245+00:00, 511, 96
2025-04-11T03:47:54.488425+00:00, 501, 59
2025-04-11T03:47:54.807913+00:00, 503, 91
2025-04-11T03:47:55.113794+00:00, 502, 104
2025-04-11T03:47:55.410668+00:00, 508, 77
2025-04-11T03:47:55.735313+00:00, 504, 105
2025-04-11T03:47:56.035278+00:00, 516, 71
2025-04-11T03:47:56.351094+00:00, 514, 91
2025-04-11T03:47:56.653207+00:00, 515, 93
2025-04-11T03:47:56.968173+00:00, 605, 125
2025-04-11T03:47:57.279415+00:00, 603, 82
2025-04-11T03:47:57.581770+00:00, 610, 55
2025-04-11T03:47:57.903411+00:00, 608, 101
2025-04-11T03:47:58.196044+00:00, 604, 113
2025-04-11T03:47:58.517426+00:00, 611, 76
2025-04-11T03:47:58.833676+00:00, 606, 96
2025-04-11T03:47:59.148653+00:00, 613, 106
2025-04-11T03:47:59.454746+00:00, 602, 91
2025-04-11T03:47:59.758873+00:00, 601, 113
2025-04-11T03:48:00.061507+00:00, 607, 79
2025-04-11T03:48:00.383337+00:00, 616, 81
2025-04-11T03:48:00.685916+00:00, 505, 76
2025-04-11T03:48:01.000570+00:00, 512, 93
2025-04-11T03:48:01.306786+00:00, 509, 69
2025-04-11T03:48:01.608259+00:00, 506, 88
2025-04-11T03:48:01.935244+00:00, 511, 97
2025-04-11T03:48:02.231659+00:00, 501, 70
2025-04-11T03:48:02.533839+00:00, 503, 96
2025-04-11T03:48:02.830385+00:00, 502, 105
2025-04-11T03:48:03.141947+00:00, 508, 74
2025-04-11T03:48:03.449624+00:00, 504, 105
2025-04-11T03:48:03.766924+00:00, 516, 72
2025-04-11T03:48:04.071581+00:00, 514, 91
2025-04-11T03:48:04.378918+00:00, 515, 86
2025-04-11T03:48:04.722967+00:00, 605, 127
2025-04-11T03:48:04.992814+00:00, 603, 81
2025-04-11T03:48:05.315727+00:00, 610, 57
2025-04-11T03:48:05.625632+00:00, 608, 101
2025-04-11T03:48:05.934817+00:00, 604, 112
2025-04-11T03:48:06.229159+00:00, 611, 89
2025-04-11T03:48:06.539168+00:00, 606, 95
2025-04-11T03:48:06.862199+00:00, 613, 104
2025-04-11T03:48:07.174465+00:00, 602, 95
2025-04-11T03:48:07.490243+00:00, 601, 113
2025-04-11T03:48:07.807599+00:00, 607, 81
2025-04-11T03:48:08.118210+00:00, 616, 80
2025-04-11T03:48:08.432862+00:00, 505, 80
2025-04-11T03:48:08.734130+00:00, 512, 90
2025-04-11T03:48:09.064761+00:00, 509, 68
2025-04-11T03:48:09.368617+00:00, 506, 89
2025-04-11T03:48:09.676671+00:00, 511, 94
2025-04-11T03:48:10.003593+00:00, 501, 65
2025-04-11T03:48:10.300487+00:00, 503, 92
2025-04-11T03:48:10.618868+00:00, 502, 105
2025-04-11T03:48:10.919041+00:00, 508, 72
2025-04-11T03:48:11.241242+00:00, 504, 104
2025-04-11T03:48:11.537771+00:00, 516, 72
2025-04-11T03:48:11.858374+00:00, 514, 93
2025-04-11T03:48:12.168603+00:00, 515, 82
2025-04-11T03:48:12.489899+00:00, 605, 122
2025-04-11T03:48:12.780559+00:00, 603, 83
2025-04-11T03:48:13.091629+00:00, 610, 56
2025-04-11T03:48:13.407017+00:00, 608, 100
2025-04-11T03:48:13.729873+00:00, 604, 109
2025-04-11T03:48:14.033778+00:00, 611, 92
2025-04-11T03:48:14.342685+00:00, 606, 95
2025-04-11T03:48:14.659881+00:00, 613, 105
2025-04-11T03:48:14.965418+00:00, 602, 94
2025-04-11T03:48:15.268731+00:00, 601, 112
2025-04-11T03:48:15.566937+00:00, 607, 79
2025-04-11T03:48:15.875836+00:00, 616, 79
2025-04-11T03:48:16.192549+00:00, 505, 76
2025-04-11T03:48:16.498747+00:00, 512, 69
2025-04-11T03:48:16.824397+00:00, 509, 69
2025-04-11T03:48:17.132103+00:00, 506, 89
2025-04-11T03:48:17.428091+00:00, 511, 98
2025-04-11T03:48:17.728476+00:00, 501, 62
2025-04-11T03:48:18.041257+00:00, 503, 91
2025-04-11T03:48:18.349988+00:00, 502, 104
2025-04-11T03:48:18.643650+00:00, 508, 80
2025-04-11T03:48:18.966863+00:00, 504, 105
2025-04-11T03:48:19.260304+00:00, 516, 72
2025-04-11T03:48:19.562237+00:00, 514, 96
2025-04-11T03:48:19.877658+00:00, 515, 82
2025-04-11T03:48:20.174930+00:00, 605, 126
2025-04-11T03:48:20.494716+00:00, 603, 82
2025-04-11T03:48:20.815829+00:00, 610, 56
2025-04-11T03:48:21.109157+00:00, 608, 100
2025-04-11T03:48:21.417590+00:00, 604, 114
2025-04-11T03:48:21.714042+00:00, 611, 88
2025-04-11T03:48:22.033322+00:00, 606, 95
2025-04-11T03:48:22.351599+00:00, 613, 109
2025-04-11T03:48:22.647849+00:00, 602, 101
2025-04-11T03:48:22.965124+00:00, 601, 112
2025-04-11T03:48:23.276597+00:00, 607, 78
2025-04-11T03:48:23.589445+00:00, 616, 80
2025-04-11T03:48:23.891838+00:00, 505, 76
2025-04-11T03:48:24.207033+00:00, 512, 77
2025-04-11T03:48:24.514564+00:00, 509, 69
2025-04-11T03:48:24.833574+00:00, 506, 89
2025-04-11T03:48:25.132571+00:00, 511, 97
2025-04-11T03:48:25.466995+00:00, 501, 63
2025-04-11T03:48:25.767909+00:00, 503, 88
2025-04-11T03:48:26.079404+00:00, 502, 106
2025-04-11T03:48:26.384836+00:00, 508, 74
2025-04-11T03:48:26.700846+00:00, 504, 106
2025-04-11T03:48:27.020469+00:00, 516, 74
2025-04-11T03:48:27.327869+00:00, 514, 94
2025-04-11T03:48:27.632935+00:00, 515, 79
2025-04-11T03:48:27.937011+00:00, 605, 126
2025-04-11T03:48:28.252853+00:00, 603, 82
2025-04-11T03:48:28.564537+00:00, 610, 56
2025-04-11T03:48:28.884857+00:00, 608, 99
2025-04-11T03:48:29.198681+00:00, 604, 110
2025-04-11T03:48:29.504643+00:00, 606, 95
2025-04-11T03:48:29.794934+00:00, 613, 121
2025-04-11T03:48:30.111225+00:00, 602, 92
2025-04-11T03:48:30.425952+00:00, 601, 112
2025-04-11T03:48:30.727158+00:00, 607, 77
2025-04-11T03:48:31.047542+00:00, 616, 79
2025-04-11T03:48:31.359460+00:00, 505, 74
2025-04-11T03:48:31.647729+00:00, 512, 91
2025-04-11T03:48:31.972291+00:00, 509, 73
2025-04-11T03:48:32.281271+00:00, 506, 95
2025-04-11T03:48:32.583273+00:00, 511, 85
2025-04-11T03:48:32.893212+00:00, 501, 65
2025-04-11T03:48:33.208224+00:00, 503, 87
2025-04-11T03:48:33.526163+00:00, 502, 105
2025-04-11T03:48:33.825039+00:00, 508, 80
2025-04-11T03:48:34.130984+00:00, 504, 106
2025-04-11T03:48:34.440833+00:00, 516, 73
2025-04-11T03:48:34.741701+00:00, 514, 89
2025-04-11T03:48:35.066313+00:00, 515, 78
2025-04-11T03:48:35.364153+00:00, 605, 128
2025-04-11T03:48:35.689620+00:00, 603, 81
2025-04-11T03:48:36.005035+00:00, 610, 48
2025-04-11T03:48:36.330582+00:00, 608, 97
2025-04-11T03:48:36.621669+00:00, 604, 105
2025-04-11T03:48:36.921044+00:00, 611, 94
2025-04-11T03:48:37.241763+00:00, 606, 95
2025-04-11T03:48:37.541008+00:00, 613, 122
2025-04-11T03:48:37.858385+00:00, 602, 100
2025-04-11T03:48:38.172606+00:00, 601, 112
2025-04-11T03:48:38.494313+00:00, 607, 80
2025-04-11T03:48:38.807481+00:00, 616, 80
2025-04-11T03:48:39.103875+00:00, 505, 74
2025-04-11T03:48:39.400750+00:00, 512, 81
2025-04-11T03:48:39.723755+00:00, 509, 72
2025-04-11T03:48:40.036049+00:00, 506, 94
2025-04-11T03:48:40.343670+00:00, 511, 94
2025-04-11T03:48:40.658490+00:00, 501, 63
2025-04-11T03:48:40.964724+00:00, 503, 89
2025-04-11T03:48:41.285480+00:00, 502, 104
2025-04-11T03:48:41.576535+00:00, 508, 81
2025-04-11T03:48:41.907788+00:00, 504, 106
2025-04-11T03:48:42.219520+00:00, 516, 72
2025-04-11T03:48:42.524591+00:00, 514, 96
2025-04-11T03:48:42.830060+00:00, 515, 76
2025-04-11T03:48:43.134239+00:00, 605, 124
2025-04-11T03:48:43.454229+00:00, 603, 81
2025-04-11T03:48:43.768249+00:00, 610, 56
2025-04-11T03:48:44.070852+00:00, 608, 97
2025-04-11T03:48:44.380058+00:00, 604, 108
2025-04-11T03:48:44.676204+00:00, 611, 93
2025-04-11T03:48:44.985219+00:00, 606, 95
2025-04-11T03:48:45.308392+00:00, 613, 126
2025-04-11T03:48:45.608799+00:00, 602, 103
2025-04-11T03:48:45.932565+00:00, 601, 112
2025-04-11T03:48:46.250780+00:00, 607, 78
2025-04-11T03:48:46.552291+00:00, 616, 80
2025-04-11T03:48:46.866071+00:00, 505, 75
2025-04-11T03:48:47.181021+00:00, 512, 96
2025-04-11T03:48:47.492369+00:00, 509, 74
2025-04-11T03:48:47.798584+00:00, 506, 94
2025-04-11T03:48:48.106070+00:00, 511, 95
2025-04-11T03:48:48.419422+00:00, 501, 61
2025-04-11T03:48:48.716255+00:00, 503, 90
2025-04-11T03:48:49.016110+00:00, 502, 105
2025-04-11T03:48:49.335599+00:00, 508, 72
2025-04-11T03:48:49.639867+00:00, 504, 106
2025-04-11T03:48:49.949871+00:00, 516, 95
2025-04-11T03:48:50.254881+00:00, 514, 89
2025-04-11T03:48:50.571249+00:00, 515, 76
2025-04-11T03:48:50.883566+00:00, 605, 124
2025-04-11T03:48:51.205024+00:00, 603, 81
2025-04-11T03:48:51.511989+00:00, 610, 56
2025-04-11T03:48:51.830638+00:00, 608, 106
2025-04-11T03:48:52.131645+00:00, 604, 111
2025-04-11T03:48:52.453221+00:00, 611, 87
2025-04-11T03:48:52.751206+00:00, 606, 96
2025-04-11T03:48:53.082973+00:00, 613, 123
2025-04-11T03:48:53.379020+00:00, 602, 97
2025-04-11T03:48:53.684765+00:00, 601, 113
2025-04-11T03:48:53.994463+00:00, 607, 77
2025-04-11T03:48:54.297824+00:00, 616, 80
2025-04-11T03:48:54.597527+00:00, 505, 75
2025-04-11T03:48:54.909699+00:00, 512, 85
2025-04-11T03:48:55.212931+00:00, 509, 79
2025-04-11T03:48:55.521903+00:00, 506, 92
2025-04-11T03:48:55.851228+00:00, 511, 95
2025-04-11T03:48:56.153562+00:00, 501, 61
2025-04-11T03:48:56.485425+00:00, 503, 91
2025-04-11T03:48:56.797665+00:00, 502, 102
2025-04-11T03:48:57.107458+00:00, 508, 80
2025-04-11T03:48:57.420029+00:00, 504, 105
2025-04-11T03:48:57.742577+00:00, 516, 67
2025-04-11T03:48:58.046302+00:00, 514, 96
2025-04-11T03:48:58.350852+00:00, 515, 76
2025-04-11T03:48:58.667116+00:00, 605, 128
2025-04-11T03:48:58.971870+00:00, 603, 81
2025-04-11T03:48:59.271284+00:00, 610, 56
2025-04-11T03:48:59.590201+00:00, 608, 101
2025-04-11T03:48:59.897645+00:00, 604, 109
2025-04-11T03:49:00.203931+00:00, 611, 88
2025-04-11T03:49:00.510458+00:00, 606, 95
2025-04-11T03:49:00.828275+00:00, 613, 122
2025-04-11T03:49:01.144854+00:00, 602, 104
2025-04-11T03:49:01.450903+00:00, 601, 111
2025-04-11T03:49:01.758693+00:00, 607, 77
2025-04-11T03:49:02.075995+00:00, 616, 80
2025-04-11T03:49:02.373220+00:00, 505, 74
2025-04-11T03:49:02.682552+00:00, 512, 94
2025-04-11T03:49:02.991385+00:00, 509, 77
2025-04-11T03:49:03.304663+00:00, 506, 92
2025-04-11T03:49:03.605750+00:00, 511, 94
2025-04-11T03:49:03.926658+00:00, 501, 59
2025-04-11T03:49:04.240516+00:00, 503, 94
2025-04-11T03:49:04.541032+00:00, 502, 99
2025-04-11T03:49:04.869256+00:00, 508, 81
2025-04-11T03:49:05.154124+00:00, 504, 106
2025-04-11T03:49:05.481925+00:00, 516, 68
2025-04-11T03:49:05.792854+00:00, 514, 95
2025-04-11T03:49:06.080213+00:00, 515, 76
2025-04-11T03:49:06.398096+00:00, 605, 124
2025-04-11T03:49:06.708308+00:00, 603, 80
2025-04-11T03:49:07.026317+00:00, 610, 56
2025-04-11T03:49:07.345206+00:00, 608, 101
2025-04-11T03:49:07.642685+00:00, 604, 109
2025-04-11T03:49:07.948283+00:00, 611, 84
2025-04-11T03:49:08.256352+00:00, 606, 95
2025-04-11T03:49:08.570382+00:00, 613, 119
2025-04-11T03:49:08.878630+00:00, 602, 103
2025-04-11T03:49:09.193702+00:00, 601, 111
2025-04-11T03:49:09.489985+00:00, 607, 77
2025-04-11T03:49:09.809362+00:00, 616, 80
2025-04-11T03:49:10.123601+00:00, 505, 74
2025-04-11T03:49:10.425695+00:00, 512, 90
2025-04-11T03:49:10.737259+00:00, 509, 73
2025-04-11T03:49:11.028980+00:00, 506, 91
2025-04-11T03:49:11.350498+00:00, 511, 94
2025-04-11T03:49:11.657969+00:00, 501, 60
2025-04-11T03:49:11.979544+00:00, 503, 91
2025-04-11T03:49:12.291438+00:00, 502, 104
2025-04-11T03:49:12.589594+00:00, 508, 77
2025-04-11T03:49:12.897257+00:00, 504, 106
2025-04-11T03:49:13.215873+00:00, 516, 72
2025-04-11T03:49:13.532134+00:00, 514, 89
2025-04-11T03:49:13.831693+00:00, 515, 76
2025-04-11T03:49:14.150503+00:00, 605, 126
2025-04-11T03:49:14.468587+00:00, 603, 80
2025-04-11T03:49:14.778170+00:00, 610, 56
2025-04-11T03:49:15.094142+00:00, 608, 104
2025-04-11T03:49:15.385054+00:00, 604, 109
2025-04-11T03:49:15.700735+00:00, 611, 82
2025-04-11T03:49:16.019926+00:00, 606, 94
2025-04-11T03:49:16.341144+00:00, 613, 110
2025-04-11T03:49:16.630495+00:00, 602, 96
2025-04-11T03:49:16.967656+00:00, 601, 111
2025-04-11T03:49:17.251770+00:00, 607, 76
2025-04-11T03:49:17.573399+00:00, 616, 80
2025-04-11T03:49:17.892715+00:00, 505, 74
2025-04-11T03:49:18.197310+00:00, 512, 69
2025-04-11T03:49:18.499698+00:00, 509, 73
2025-04-11T03:49:18.811738+00:00, 506, 93
2025-04-11T03:49:19.125722+00:00, 511, 95
2025-04-11T03:49:19.441596+00:00, 501, 60
2025-04-11T03:49:19.743655+00:00, 503, 92
2025-04-11T03:49:20.054749+00:00, 502, 104
2025-04-11T03:49:20.349264+00:00, 508, 72
2025-04-11T03:49:20.646673+00:00, 504, 106
2025-04-11T03:49:20.967018+00:00, 516, 73
2025-04-11T03:49:21.283241+00:00, 514, 91
2025-04-11T03:49:21.574431+00:00, 515, 75
2025-04-11T03:49:21.902320+00:00, 605, 129
2025-04-11T03:49:22.213381+00:00, 603, 81
2025-04-11T03:49:22.518626+00:00, 610, 56
2025-04-11T03:49:22.824507+00:00, 608, 103
2025-04-11T03:49:23.142198+00:00, 604, 112
2025-04-11T03:49:23.452062+00:00, 611, 91
2025-04-11T03:49:23.757042+00:00, 606, 96
2025-04-11T03:49:24.084377+00:00, 613, 109
2025-04-11T03:49:24.388072+00:00, 602, 102
2025-04-11T03:49:24.697922+00:00, 601, 111
2025-04-11T03:49:24.997537+00:00, 607, 76
2025-04-11T03:49:25.306347+00:00, 616, 80
2025-04-11T03:49:25.630946+00:00, 505, 95
2025-04-11T03:49:25.941392+00:00, 512, 68
2025-04-11T03:49:26.234683+00:00, 509, 70
2025-04-11T03:49:26.559904+00:00, 506, 87
2025-04-11T03:49:26.871488+00:00, 511, 96
2025-04-11T03:49:27.172169+00:00, 501, 58
2025-04-11T03:49:27.483907+00:00, 503, 91
2025-04-11T03:49:27.785903+00:00, 502, 104
2025-04-11T03:49:28.092965+00:00, 508, 71
2025-04-11T03:49:28.431962+00:00, 504, 107
2025-04-11T03:49:28.755451+00:00, 516, 72
2025-04-11T03:49:29.049199+00:00, 514, 94
2025-04-11T03:49:29.358942+00:00, 515, 74
2025-04-11T03:49:29.674602+00:00, 605, 126
2025-04-11T03:49:29.986152+00:00, 603, 80
2025-04-11T03:49:30.278208+00:00, 610, 54
2025-04-11T03:49:30.589608+00:00, 608, 101
2025-04-11T03:49:30.900820+00:00, 604, 111
2025-04-11T03:49:31.211358+00:00, 611, 88
2025-04-11T03:49:31.526204+00:00, 606, 96
2025-04-11T03:49:31.816170+00:00, 613, 104
2025-04-11T03:49:32.135779+00:00, 602, 102
2025-04-11T03:49:32.447801+00:00, 601, 113
2025-04-11T03:49:32.755393+00:00, 607, 76
2025-04-11T03:49:33.064751+00:00, 616, 80
2025-04-11T03:49:33.385674+00:00, 505, 82
2025-04-11T03:49:33.691660+00:00, 512, 82
2025-04-11T03:49:33.997098+00:00, 509, 67
2025-04-11T03:49:34.320204+00:00, 506, 90
2025-04-11T03:49:34.623589+00:00, 511, 95
2025-04-11T03:49:34.935521+00:00, 501, 60
2025-04-11T03:49:35.231829+00:00, 503, 88
2025-04-11T03:49:35.536260+00:00, 502, 105
2025-04-11T03:49:35.856093+00:00, 508, 76
2025-04-11T03:49:36.172304+00:00, 504, 108
2025-04-11T03:49:36.484052+00:00, 516, 74
2025-04-11T03:49:36.797880+00:00, 514, 91
2025-04-11T03:49:37.099869+00:00, 515, 74
2025-04-11T03:49:37.416322+00:00, 605, 126
2025-04-11T03:49:37.725598+00:00, 603, 81
2025-04-11T03:49:38.023509+00:00, 610, 54
2025-04-11T03:49:38.340337+00:00, 608, 104
2025-04-11T03:49:38.645546+00:00, 604, 112
2025-04-11T03:49:38.963983+00:00, 611, 86
2025-04-11T03:49:39.275097+00:00, 606, 95
2025-04-11T03:49:39.578229+00:00, 613, 99
2025-04-11T03:49:39.882932+00:00, 602, 100
2025-04-11T03:49:40.185510+00:00, 601, 112
2025-04-11T03:49:40.511949+00:00, 607, 75
2025-04-11T03:49:40.813962+00:00, 616, 80
2025-04-11T03:49:41.116737+00:00, 505, 78
2025-04-11T03:49:41.417255+00:00, 512, 90
2025-04-11T03:49:41.733815+00:00, 506, 92
2025-04-11T03:49:42.048218+00:00, 511, 96
2025-04-11T03:49:42.359680+00:00, 501, 62
2025-04-11T03:49:42.669638+00:00, 503, 91
2025-04-11T03:49:42.969396+00:00, 502, 108
2025-04-11T03:49:43.306190+00:00, 508, 66
2025-04-11T03:49:43.590598+00:00, 504, 108
2025-04-11T03:49:43.904625+00:00, 516, 84
2025-04-11T03:49:44.221917+00:00, 514, 93
2025-04-11T03:49:44.525491+00:00, 515, 85
2025-04-11T03:49:44.847820+00:00, 605, 126
2025-04-11T03:49:45.148576+00:00, 603, 80
2025-04-11T03:49:45.478882+00:00, 610, 55
2025-04-11T03:49:45.771435+00:00, 608, 106
2025-04-11T03:49:46.098288+00:00, 604, 110
2025-04-11T03:49:46.400863+00:00, 611, 88
2025-04-11T03:49:46.710918+00:00, 606, 95
2025-04-11T03:49:47.024078+00:00, 613, 101
2025-04-11T03:49:47.325117+00:00, 602, 100
2025-04-11T03:49:47.634933+00:00, 601, 116
2025-04-11T03:49:47.943198+00:00, 607, 76
2025-04-11T03:49:48.250212+00:00, 616, 79
2025-04-11T03:49:48.566922+00:00, 505, 75
2025-04-11T03:49:48.857876+00:00, 512, 96
2025-04-11T03:49:49.176884+00:00, 509, 71
2025-04-11T03:49:49.486576+00:00, 506, 93
2025-04-11T03:49:49.791621+00:00, 511, 99
2025-04-11T03:49:50.102042+00:00, 501, 59
2025-04-11T03:49:50.409714+00:00, 503, 91
2025-04-11T03:49:50.732498+00:00, 502, 108
2025-04-11T03:49:51.034244+00:00, 508, 74
2025-04-11T03:49:51.369240+00:00, 504, 108
2025-04-11T03:49:51.648938+00:00, 516, 75
2025-04-11T03:49:51.971891+00:00, 514, 92
2025-04-11T03:49:52.276040+00:00, 515, 82
2025-04-11T03:49:52.590642+00:00, 605, 123
2025-04-11T03:49:52.899397+00:00, 603, 79
2025-04-11T03:49:53.214913+00:00, 610, 57
2025-04-11T03:49:53.532592+00:00, 608, 107
2025-04-11T03:49:53.838133+00:00, 604, 109
2025-04-11T03:49:54.151206+00:00, 611, 88
2025-04-11T03:49:54.465716+00:00, 606, 95
2025-04-11T03:49:54.771809+00:00, 613, 100
2025-04-11T03:49:55.074728+00:00, 602, 106
2025-04-11T03:49:55.369574+00:00, 601, 114
2025-04-11T03:49:55.689033+00:00, 607, 75
2025-04-11T03:49:55.998740+00:00, 616, 80
2025-04-11T03:49:56.307007+00:00, 505, 92
2025-04-11T03:49:56.603804+00:00, 512, 94
2025-04-11T03:49:56.924805+00:00, 509, 69
2025-04-11T03:49:57.225738+00:00, 506, 92
2025-04-11T03:49:57.547033+00:00, 511, 101
2025-04-11T03:49:57.848716+00:00, 501, 60
2025-04-11T03:49:58.162572+00:00, 503, 91
2025-04-11T03:49:58.468784+00:00, 502, 108
2025-04-11T03:49:58.782273+00:00, 508, 76
2025-04-11T03:49:59.083746+00:00, 504, 108
2025-04-11T03:49:59.402285+00:00, 516, 75
2025-04-11T03:49:59.704769+00:00, 514, 97
2025-04-11T03:50:00.016637+00:00, 515, 76
2025-04-11T03:50:00.316540+00:00, 605, 125
2025-04-11T03:50:00.637994+00:00, 603, 80
2025-04-11T03:50:00.951045+00:00, 610, 57
2025-04-11T03:50:01.260077+00:00, 608, 104
2025-04-11T03:50:01.574429+00:00, 604, 112
2025-04-11T03:50:01.883913+00:00, 611, 90
2025-04-11T03:50:02.179849+00:00, 606, 96
2025-04-11T03:50:02.491690+00:00, 613, 105
2025-04-11T03:50:02.792672+00:00, 602, 102
2025-04-11T03:50:03.126584+00:00, 601, 115
2025-04-11T03:50:03.426518+00:00, 607, 75
2025-04-11T03:50:03.740328+00:00, 616, 80
2025-04-11T03:50:04.056340+00:00, 505, 75
2025-04-11T03:50:04.356078+00:00, 512, 91
2025-04-11T03:50:04.672249+00:00, 509, 67
2025-04-11T03:50:04.985379+00:00, 506, 89
2025-04-11T03:50:05.279246+00:00, 511, 96
2025-04-11T03:50:05.600872+00:00, 501, 60
2025-04-11T03:50:05.912677+00:00, 503, 91
2025-04-11T03:50:06.216326+00:00, 502, 107
2025-04-11T03:50:06.524474+00:00, 508, 75
2025-04-11T03:50:06.843324+00:00, 504, 108
2025-04-11T03:50:07.148210+00:00, 516, 75
2025-04-11T03:50:07.446814+00:00, 514, 95
2025-04-11T03:50:07.762987+00:00, 515, 79
2025-04-11T03:50:08.073752+00:00, 605, 123
2025-04-11T03:50:08.392039+00:00, 603, 81
2025-04-11T03:50:08.694981+00:00, 610, 56
2025-04-11T03:50:09.013761+00:00, 608, 105
2025-04-11T03:50:09.328641+00:00, 604, 116
2025-04-11T03:50:09.655588+00:00, 611, 93
2025-04-11T03:50:09.957560+00:00, 606, 96
2025-04-11T03:50:10.253468+00:00, 613, 102
2025-04-11T03:50:10.563582+00:00, 602, 101
2025-04-11T03:50:10.889356+00:00, 601, 114
2025-04-11T03:50:11.205916+00:00, 607, 76
2025-04-11T03:50:11.503130+00:00, 616, 79
2025-04-11T03:50:11.819814+00:00, 505, 78
2025-04-11T03:50:12.134089+00:00, 512, 88
2025-04-11T03:50:12.433795+00:00, 509, 68
2025-04-11T03:50:12.741330+00:00, 506, 88
2025-04-11T03:50:13.051132+00:00, 511, 99
2025-04-11T03:50:13.365409+00:00, 501, 61
2025-04-11T03:50:13.666935+00:00, 503, 91
2025-04-11T03:50:13.992285+00:00, 502, 106
2025-04-11T03:50:14.280306+00:00, 508, 66
2025-04-11T03:50:14.582361+00:00, 504, 113
2025-04-11T03:50:14.886143+00:00, 516, 78
2025-04-11T03:50:15.200124+00:00, 514, 98
2025-04-11T03:50:15.509538+00:00, 515, 78
2025-04-11T03:50:15.832854+00:00, 605, 128
2025-04-11T03:50:16.147813+00:00, 603, 81
2025-04-11T03:50:16.452944+00:00, 610, 57
2025-04-11T03:50:16.759748+00:00, 608, 108
2025-04-11T03:50:17.076946+00:00, 604, 120
2025-04-11T03:50:17.381161+00:00, 611, 92
2025-04-11T03:50:17.680276+00:00, 606, 95
2025-04-11T03:50:17.998622+00:00, 602, 101
2025-04-11T03:50:18.309337+00:00, 601, 113
2025-04-11T03:50:18.607364+00:00, 607, 75
2025-04-11T03:50:18.935089+00:00, 616, 81
2025-04-11T03:50:19.240259+00:00, 505, 73
2025-04-11T03:50:19.554126+00:00, 512, 70
2025-04-11T03:50:19.867046+00:00, 509, 68
2025-04-11T03:50:20.173617+00:00, 506, 82
2025-04-11T03:50:20.498003+00:00, 511, 104
2025-04-11T03:50:20.796029+00:00, 501, 62
2025-04-11T03:50:21.116240+00:00, 503, 91
2025-04-11T03:50:21.424137+00:00, 502, 106
2025-04-11T03:50:21.736640+00:00, 508, 74
2025-04-11T03:50:22.034549+00:00, 504, 107
2025-04-11T03:50:22.356345+00:00, 516, 99
2025-04-11T03:50:22.660418+00:00, 514, 97
2025-04-11T03:50:22.967736+00:00, 515, 76
2025-04-11T03:50:23.290027+00:00, 605, 126
2025-04-11T03:50:23.594996+00:00, 603, 80
2025-04-11T03:50:23.897560+00:00, 610, 56
2025-04-11T03:50:24.211870+00:00, 608, 105
2025-04-11T03:50:24.501639+00:00, 611, 91
2025-04-11T03:50:24.833663+00:00, 606, 96
2025-04-11T03:50:25.113986+00:00, 613, 105
2025-04-11T03:50:25.439634+00:00, 602, 103
2025-04-11T03:50:25.753785+00:00, 601, 115
2025-04-11T03:50:26.067465+00:00, 607, 75
2025-04-11T03:50:26.371563+00:00, 616, 80
2025-04-11T03:50:26.680755+00:00, 505, 73
2025-04-11T03:50:27.001654+00:00, 512, 97
2025-04-11T03:50:27.305285+00:00, 509, 67
2025-04-11T03:50:27.613220+00:00, 506, 84
2025-04-11T03:50:27.907431+00:00, 511, 96
2025-04-11T03:50:28.216108+00:00, 501, 60
2025-04-11T03:50:28.532427+00:00, 503, 93
2025-04-11T03:50:28.823932+00:00, 502, 106
2025-04-11T03:50:29.138757+00:00, 508, 72
2025-04-11T03:50:29.442105+00:00, 504, 108
