2025-04-10T22:50:47.056187+00:00, 613, 117
2025-04-10T22:50:47.060859+00:00, 602, 85
2025-04-10T22:50:47.063344+00:00, 601, 114
2025-04-10T22:50:47.065242+00:00, 607, 81
2025-04-10T22:50:47.067234+00:00, 616, 85
2025-04-10T22:50:47.069714+00:00, 505, 76
2025-04-10T22:50:47.071712+00:00, 512, 95
2025-04-10T22:50:47.073510+00:00, 510, 79
2025-04-10T22:50:47.076179+00:00, 509, 90
2025-04-10T22:50:47.077769+00:00, 506, 86
2025-04-10T22:50:47.079169+00:00, 511, 97
2025-04-10T22:50:47.080540+00:00, 501, 59
2025-04-10T22:50:47.081954+00:00, 503, 93
2025-04-10T22:50:47.083740+00:00, 502, 104
2025-04-10T22:50:47.085652+00:00, 508, 70
2025-04-10T22:50:47.087552+00:00, 504, 106
2025-04-10T22:50:47.089876+00:00, 516, 66
2025-04-10T22:50:47.092128+00:00, 514, 93
2025-04-10T22:50:47.094339+00:00, 605, 124
2025-04-10T22:50:47.095471+00:00, 603, 84
2025-04-10T22:50:47.096272+00:00, 610, 56
2025-04-10T22:50:47.097135+00:00, 608, 112
2025-04-10T22:50:47.098408+00:00, 604, 124
2025-04-10T22:50:47.099559+00:00, 611, 73
2025-04-10T22:50:47.101190+00:00, 606, 91
2025-04-10T22:50:47.102206+00:00, 613, 113
2025-04-10T22:50:47.103014+00:00, 602, 93
2025-04-10T22:50:47.103941+00:00, 601, 113
2025-04-10T22:50:47.104860+00:00, 607, 81
2025-04-10T22:50:47.105606+00:00, 616, 85
2025-04-10T22:50:47.106322+00:00, 505, 76
2025-04-10T22:50:47.106991+00:00, 512, 97
2025-04-10T22:50:47.107837+00:00, 510, 72
2025-04-10T22:50:47.108836+00:00, 509, 78
2025-04-10T22:50:47.109707+00:00, 506, 85
2025-04-10T22:50:47.110466+00:00, 511, 81
2025-04-10T22:50:47.111167+00:00, 501, 60
2025-04-10T22:50:47.111914+00:00, 503, 92
2025-04-10T22:50:47.112835+00:00, 502, 104
2025-04-10T22:50:47.113593+00:00, 508, 73
2025-04-10T22:50:47.114598+00:00, 504, 106
2025-04-10T22:50:47.115381+00:00, 516, 67
2025-04-10T22:50:47.116678+00:00, 514, 98
2025-04-10T22:50:47.117606+00:00, 605, 126
2025-04-10T22:50:47.118663+00:00, 603, 85
2025-04-10T22:50:47.119600+00:00, 610, 54
2025-04-10T22:50:47.120508+00:00, 608, 109
2025-04-10T22:50:47.121512+00:00, 604, 118
2025-04-10T22:50:47.122393+00:00, 611, 78
2025-04-10T22:50:47.123265+00:00, 606, 90
2025-04-10T22:50:47.596799+00:00, 613, 116
2025-04-10T22:50:48.350988+00:00, 602, 86
2025-04-10T22:50:49.114346+00:00, 601, 113
2025-04-10T22:50:49.860814+00:00, 607, 82
2025-04-10T22:50:50.621780+00:00, 616, 85
2025-04-10T22:50:51.372835+00:00, 505, 79
2025-04-10T22:50:52.126214+00:00, 512, 98
2025-04-10T22:50:52.885456+00:00, 510, 77
2025-04-10T22:50:53.639816+00:00, 509, 76
2025-04-10T22:50:54.403161+00:00, 506, 92
2025-04-10T22:50:55.152576+00:00, 511, 97
2025-04-10T22:50:55.921977+00:00, 501, 58
2025-04-10T22:50:56.671361+00:00, 503, 93
2025-04-10T22:50:57.423362+00:00, 502, 104
2025-04-10T22:50:58.183294+00:00, 508, 69
2025-04-10T22:50:58.942137+00:00, 504, 106
2025-04-10T22:50:59.695214+00:00, 516, 68
2025-04-10T22:51:00.452777+00:00, 514, 99
2025-04-10T22:51:01.199837+00:00, 605, 127
2025-04-10T22:51:01.963757+00:00, 603, 87
2025-04-10T22:51:02.715724+00:00, 610, 57
2025-04-10T22:51:03.472847+00:00, 608, 107
2025-04-10T22:51:04.229399+00:00, 604, 122
2025-04-10T22:51:04.985254+00:00, 611, 87
2025-04-10T22:51:05.741498+00:00, 606, 91
2025-04-10T22:51:06.488309+00:00, 613, 118
2025-04-10T22:51:07.252436+00:00, 602, 91
2025-04-10T22:51:08.010323+00:00, 601, 113
2025-04-10T22:51:08.755349+00:00, 607, 81
2025-04-10T22:51:09.518110+00:00, 616, 85
2025-04-10T22:51:10.269407+00:00, 505, 77
2025-04-10T22:51:11.033959+00:00, 512, 95
2025-04-10T22:51:11.781368+00:00, 509, 83
2025-04-10T22:51:12.542773+00:00, 506, 94
2025-04-10T22:51:13.295488+00:00, 511, 99
2025-04-10T22:51:14.051996+00:00, 501, 57
2025-04-10T22:51:14.804232+00:00, 503, 95
2025-04-10T22:51:15.564363+00:00, 502, 104
2025-04-10T22:51:16.319143+00:00, 508, 71
2025-04-10T22:51:17.070533+00:00, 504, 105
2025-04-10T22:51:17.829810+00:00, 516, 71
2025-04-10T22:51:18.597750+00:00, 514, 103
2025-04-10T22:51:19.335875+00:00, 605, 121
2025-04-10T22:51:20.090940+00:00, 603, 86
2025-04-10T22:51:20.846244+00:00, 610, 56
2025-04-10T22:51:21.603802+00:00, 608, 103
2025-04-10T22:51:22.354310+00:00, 604, 122
2025-04-10T22:51:23.117410+00:00, 611, 76
2025-04-10T22:51:23.870293+00:00, 606, 90
2025-04-10T22:51:24.628201+00:00, 613, 117
2025-04-10T22:51:25.381906+00:00, 602, 92
2025-04-10T22:51:26.129729+00:00, 601, 113
2025-04-10T22:51:26.881078+00:00, 607, 82
2025-04-10T22:51:27.645232+00:00, 616, 84
2025-04-10T22:51:28.401121+00:00, 505, 75
2025-04-10T22:51:29.156215+00:00, 512, 96
2025-04-10T22:51:29.910773+00:00, 509, 74
2025-04-10T22:51:30.663018+00:00, 506, 94
2025-04-10T22:51:31.415297+00:00, 511, 94
2025-04-10T22:51:32.179604+00:00, 501, 59
2025-04-10T22:51:32.931961+00:00, 503, 93
2025-04-10T22:51:33.693162+00:00, 502, 104
2025-04-10T22:51:34.450058+00:00, 508, 67
2025-04-10T22:51:35.202838+00:00, 504, 105
2025-04-10T22:51:35.963035+00:00, 516, 67
2025-04-10T22:51:36.714991+00:00, 514, 96
2025-04-10T22:51:37.463449+00:00, 605, 123
2025-04-10T22:51:38.225838+00:00, 603, 87
2025-04-10T22:51:38.976660+00:00, 610, 55
2025-04-10T22:51:39.736310+00:00, 608, 102
2025-04-10T22:51:40.493699+00:00, 604, 121
2025-04-10T22:51:41.241367+00:00, 611, 78
2025-04-10T22:51:42.007889+00:00, 606, 90
2025-04-10T22:51:42.761203+00:00, 613, 118
2025-04-10T22:51:43.510821+00:00, 602, 93
2025-04-10T22:51:44.274144+00:00, 601, 113
2025-04-10T22:51:45.019702+00:00, 607, 83
2025-04-10T22:51:45.786471+00:00, 616, 85
2025-04-10T22:51:46.542040+00:00, 505, 75
2025-04-10T22:51:47.299905+00:00, 512, 95
2025-04-10T22:51:48.056551+00:00, 509, 78
2025-04-10T22:51:48.809278+00:00, 506, 94
2025-04-10T22:51:49.561605+00:00, 511, 96
2025-04-10T22:51:50.316506+00:00, 501, 60
2025-04-10T22:51:51.081463+00:00, 503, 92
2025-04-10T22:51:51.838738+00:00, 502, 104
2025-04-10T22:51:52.592482+00:00, 508, 74
2025-04-10T22:51:53.350238+00:00, 504, 105
2025-04-10T22:51:54.095193+00:00, 516, 67
2025-04-10T22:51:54.859069+00:00, 514, 93
2025-04-10T22:51:55.616162+00:00, 605, 124
2025-04-10T22:51:56.374980+00:00, 603, 86
2025-04-10T22:51:57.134456+00:00, 610, 55
2025-04-10T22:51:57.894960+00:00, 608, 104
2025-04-10T22:51:58.649549+00:00, 604, 117
2025-04-10T22:51:59.406661+00:00, 611, 88
2025-04-10T22:52:00.155829+00:00, 606, 90
2025-04-10T22:52:00.915511+00:00, 613, 119
2025-04-10T22:52:01.660901+00:00, 602, 71
2025-04-10T22:52:02.427082+00:00, 601, 112
2025-04-10T22:52:03.182136+00:00, 607, 82
2025-04-10T22:52:03.940020+00:00, 616, 84
2025-04-10T22:52:04.692282+00:00, 505, 77
2025-04-10T22:52:05.444271+00:00, 512, 98
2025-04-10T22:52:06.200731+00:00, 509, 69
2025-04-10T22:52:06.952865+00:00, 506, 96
2025-04-10T22:52:07.709231+00:00, 511, 97
2025-04-10T22:52:08.471474+00:00, 501, 59
2025-04-10T22:52:09.225639+00:00, 503, 92
2025-04-10T22:52:09.970625+00:00, 502, 103
2025-04-10T22:52:10.733015+00:00, 508, 71
2025-04-10T22:52:11.495371+00:00, 504, 105
2025-04-10T22:52:12.247457+00:00, 516, 69
2025-04-10T22:52:13.003420+00:00, 514, 93
2025-04-10T22:52:13.753628+00:00, 605, 124
2025-04-10T22:52:14.513752+00:00, 603, 87
2025-04-10T22:52:15.265808+00:00, 610, 54
2025-04-10T22:52:16.023879+00:00, 608, 99
2025-04-10T22:52:16.782407+00:00, 604, 117
2025-04-10T22:52:17.531632+00:00, 611, 71
2025-04-10T22:52:18.295666+00:00, 606, 90
2025-04-10T22:52:19.050148+00:00, 613, 119
2025-04-10T22:52:19.806876+00:00, 602, 69
2025-04-10T22:52:20.563630+00:00, 601, 114
2025-04-10T22:52:21.314098+00:00, 607, 82
2025-04-10T22:52:22.077249+00:00, 616, 83
2025-04-10T22:52:22.837543+00:00, 505, 76
2025-04-10T22:52:23.586157+00:00, 512, 95
2025-04-10T22:52:24.349430+00:00, 509, 71
2025-04-10T22:52:25.104015+00:00, 506, 98
2025-04-10T22:52:25.854919+00:00, 511, 99
2025-04-10T22:52:26.615032+00:00, 501, 59
2025-04-10T22:52:27.367734+00:00, 503, 92
2025-04-10T22:52:28.121511+00:00, 502, 103
2025-04-10T22:52:28.868185+00:00, 508, 67
2025-04-10T22:52:29.633962+00:00, 504, 104
2025-04-10T22:52:30.384946+00:00, 516, 68
2025-04-10T22:52:31.146473+00:00, 514, 98
2025-04-10T22:52:31.896774+00:00, 605, 123
2025-04-10T22:52:32.656720+00:00, 603, 86
2025-04-10T22:52:33.416153+00:00, 610, 55
2025-04-10T22:52:34.166623+00:00, 608, 101
2025-04-10T22:52:34.928032+00:00, 604, 116
2025-04-10T22:52:35.685604+00:00, 611, 81
2025-04-10T22:52:36.449162+00:00, 606, 89
2025-04-10T22:52:37.206449+00:00, 613, 115
2025-04-10T22:52:37.953954+00:00, 602, 101
2025-04-10T22:52:38.711786+00:00, 601, 113
2025-04-10T22:52:39.466646+00:00, 607, 81
2025-04-10T22:52:40.222698+00:00, 616, 84
2025-04-10T22:52:40.985934+00:00, 505, 80
2025-04-10T22:52:41.740419+00:00, 512, 93
2025-04-10T22:52:42.497910+00:00, 509, 73
2025-04-10T22:52:43.243823+00:00, 506, 96
2025-04-10T22:52:44.008083+00:00, 511, 97
2025-04-10T22:52:44.756453+00:00, 501, 60
2025-04-10T22:52:45.517863+00:00, 503, 92
2025-04-10T22:52:46.268534+00:00, 502, 104
2025-04-10T22:52:47.031300+00:00, 508, 67
2025-04-10T22:52:47.788522+00:00, 504, 104
2025-04-10T22:52:48.540364+00:00, 516, 67
2025-04-10T22:52:49.298946+00:00, 514, 99
2025-04-10T22:52:50.050916+00:00, 605, 122
2025-04-10T22:52:50.809010+00:00, 603, 86
2025-04-10T22:52:51.565737+00:00, 610, 55
2025-04-10T22:52:52.318850+00:00, 608, 105
2025-04-10T22:52:53.080895+00:00, 604, 115
2025-04-10T22:52:53.833749+00:00, 611, 87
2025-04-10T22:52:54.589006+00:00, 606, 90
2025-04-10T22:52:55.337327+00:00, 613, 115
2025-04-10T22:52:56.098086+00:00, 602, 95
2025-04-10T22:52:56.857890+00:00, 601, 114
2025-04-10T22:52:57.620001+00:00, 607, 80
2025-04-10T22:52:58.372414+00:00, 616, 84
2025-04-10T22:52:59.128212+00:00, 505, 81
2025-04-10T22:52:59.890329+00:00, 512, 93
2025-04-10T22:53:00.643913+00:00, 509, 72
2025-04-10T22:53:01.399585+00:00, 506, 99
2025-04-10T22:53:02.154301+00:00, 511, 102
2025-04-10T22:53:02.906130+00:00, 501, 59
2025-04-10T22:53:03.664949+00:00, 503, 92
2025-04-10T22:53:04.418189+00:00, 502, 103
2025-04-10T22:53:05.178823+00:00, 508, 70
2025-04-10T22:53:05.929905+00:00, 504, 105
2025-04-10T22:53:06.683265+00:00, 516, 79
2025-04-10T22:53:07.432412+00:00, 514, 95
2025-04-10T22:53:08.190062+00:00, 605, 126
2025-04-10T22:53:08.951740+00:00, 603, 86
2025-04-10T22:53:09.702238+00:00, 610, 56
2025-04-10T22:53:10.462524+00:00, 608, 102
2025-04-10T22:53:11.208439+00:00, 604, 115
2025-04-10T22:53:11.970525+00:00, 606, 91
2025-04-10T22:53:12.733192+00:00, 613, 120
2025-04-10T22:53:13.481117+00:00, 602, 96
2025-04-10T22:53:14.242459+00:00, 601, 113
2025-04-10T22:53:14.994068+00:00, 607, 80
2025-04-10T22:53:15.755417+00:00, 616, 84
2025-04-10T22:53:16.512532+00:00, 505, 79
2025-04-10T22:53:17.268817+00:00, 512, 93
2025-04-10T22:53:18.030085+00:00, 509, 72
2025-04-10T22:53:18.786429+00:00, 506, 96
2025-04-10T22:53:19.534756+00:00, 511, 93
2025-04-10T22:53:20.291882+00:00, 501, 59
2025-04-10T22:53:21.047362+00:00, 503, 92
2025-04-10T22:53:21.812259+00:00, 502, 103
2025-04-10T22:53:22.567633+00:00, 508, 72
2025-04-10T22:53:23.322817+00:00, 504, 105
2025-04-10T22:53:24.076208+00:00, 516, 66
2025-04-10T22:53:24.829169+00:00, 514, 101
2025-04-10T22:53:25.588766+00:00, 605, 129
2025-04-10T22:53:26.343854+00:00, 603, 86
2025-04-10T22:53:27.093850+00:00, 610, 56
2025-04-10T22:53:27.854767+00:00, 608, 100
2025-04-10T22:53:28.612722+00:00, 604, 115
2025-04-10T22:53:29.369924+00:00, 606, 92
2025-04-10T22:53:30.121318+00:00, 613, 124
2025-04-10T22:53:30.875513+00:00, 602, 87
2025-04-10T22:53:31.630894+00:00, 601, 115
2025-04-10T22:53:32.386187+00:00, 607, 81
2025-04-10T22:53:33.141663+00:00, 616, 83
2025-04-10T22:53:33.895979+00:00, 505, 82
2025-04-10T22:53:34.658834+00:00, 512, 89
2025-04-10T22:53:35.411674+00:00, 509, 71
2025-04-10T22:53:36.172085+00:00, 506, 98
2025-04-10T22:53:36.929893+00:00, 511, 93
2025-04-10T22:53:37.682402+00:00, 501, 59
2025-04-10T22:53:38.437769+00:00, 503, 91
2025-04-10T22:53:39.205634+00:00, 502, 104
2025-04-10T22:53:39.967943+00:00, 508, 77
2025-04-10T22:53:40.722709+00:00, 504, 104
2025-04-10T22:53:41.472523+00:00, 514, 98
2025-04-10T22:53:42.234569+00:00, 605, 123
2025-04-10T22:53:42.990294+00:00, 603, 87
2025-04-10T22:53:43.751423+00:00, 610, 56
2025-04-10T22:53:44.527516+00:00, 608, 103
2025-04-10T22:53:45.265376+00:00, 604, 115
2025-04-10T22:53:46.020931+00:00, 606, 93
2025-04-10T22:53:46.773045+00:00, 613, 124
2025-04-10T22:53:47.527403+00:00, 602, 83
2025-04-10T22:53:48.285454+00:00, 601, 114
2025-04-10T22:53:49.038484+00:00, 607, 81
2025-04-10T22:53:49.805949+00:00, 616, 83
2025-04-10T22:53:50.557385+00:00, 505, 78
2025-04-10T22:53:51.302903+00:00, 512, 94
2025-04-10T22:53:52.059703+00:00, 509, 73
2025-04-10T22:53:52.821451+00:00, 506, 101
2025-04-10T22:53:53.578867+00:00, 511, 96
2025-04-10T22:53:54.335114+00:00, 501, 60
2025-04-10T22:53:55.093082+00:00, 503, 90
2025-04-10T22:53:55.841576+00:00, 502, 105
2025-04-10T22:53:56.603026+00:00, 508, 69
2025-04-10T22:53:57.359926+00:00, 504, 104
2025-04-10T22:53:58.111905+00:00, 514, 98
2025-04-10T22:53:58.870040+00:00, 605, 122
2025-04-10T22:53:59.625137+00:00, 603, 87
2025-04-10T22:54:00.379000+00:00, 610, 54
2025-04-10T22:54:01.139852+00:00, 608, 100
2025-04-10T22:54:01.900421+00:00, 604, 113
2025-04-10T22:54:02.657773+00:00, 606, 93
2025-04-10T22:54:03.412851+00:00, 613, 125
2025-04-10T22:54:04.166227+00:00, 602, 94
2025-04-10T22:54:04.929742+00:00, 601, 114
2025-04-10T22:54:05.681186+00:00, 607, 82
2025-04-10T22:54:06.442913+00:00, 616, 83
2025-04-10T22:54:07.197619+00:00, 505, 81
2025-04-10T22:54:07.952749+00:00, 512, 95
2025-04-10T22:54:08.700885+00:00, 509, 71
2025-04-10T22:54:09.460016+00:00, 506, 101
2025-04-10T22:54:10.220540+00:00, 511, 95
2025-04-10T22:54:10.975171+00:00, 501, 59
2025-04-10T22:54:11.728153+00:00, 503, 91
2025-04-10T22:54:12.488179+00:00, 502, 104
2025-04-10T22:54:13.243456+00:00, 508, 69
2025-04-10T22:54:13.991016+00:00, 504, 105
2025-04-10T22:54:14.754412+00:00, 516, 70
2025-04-10T22:54:15.512896+00:00, 514, 100
2025-04-10T22:54:16.268970+00:00, 515, 78
2025-04-10T22:54:17.028502+00:00, 605, 122
2025-04-10T22:54:17.786374+00:00, 603, 85
2025-04-10T22:54:18.538457+00:00, 610, 56
2025-04-10T22:54:19.291339+00:00, 608, 100
2025-04-10T22:54:20.049557+00:00, 604, 113
2025-04-10T22:54:20.807406+00:00, 606, 93
2025-04-10T22:54:21.558325+00:00, 613, 126
2025-04-10T22:54:22.316704+00:00, 602, 91
2025-04-10T22:54:23.079986+00:00, 601, 114
2025-04-10T22:54:23.829888+00:00, 607, 83
2025-04-10T22:54:24.587619+00:00, 616, 83
2025-04-10T22:54:25.342952+00:00, 505, 76
2025-04-10T22:54:26.094042+00:00, 512, 97
2025-04-10T22:54:26.852824+00:00, 509, 76
2025-04-10T22:54:27.615148+00:00, 506, 97
2025-04-10T22:54:28.372160+00:00, 511, 96
2025-04-10T22:54:29.126638+00:00, 501, 59
2025-04-10T22:54:29.888441+00:00, 503, 90
2025-04-10T22:54:30.639679+00:00, 502, 105
2025-04-10T22:54:31.389075+00:00, 508, 71
2025-04-10T22:54:32.153788+00:00, 504, 105
2025-04-10T22:54:32.906098+00:00, 516, 72
2025-04-10T22:54:33.662346+00:00, 514, 91
2025-04-10T22:54:34.420160+00:00, 515, 77
2025-04-10T22:54:35.178279+00:00, 605, 124
2025-04-10T22:54:35.926054+00:00, 603, 84
2025-04-10T22:54:36.689165+00:00, 610, 56
2025-04-10T22:54:37.442410+00:00, 608, 103
2025-04-10T22:54:38.195041+00:00, 604, 112
2025-04-10T22:54:38.947005+00:00, 611, 85
2025-04-10T22:54:39.706726+00:00, 606, 93
2025-04-10T22:54:40.458960+00:00, 613, 123
2025-04-10T22:54:41.220649+00:00, 602, 87
2025-04-10T22:54:41.980618+00:00, 601, 115
2025-04-10T22:54:42.740505+00:00, 607, 81
2025-04-10T22:54:43.490643+00:00, 616, 82
2025-04-10T22:54:44.247929+00:00, 505, 80
2025-04-10T22:54:45.015061+00:00, 512, 86
2025-04-10T22:54:45.766436+00:00, 509, 74
2025-04-10T22:54:46.525231+00:00, 506, 95
2025-04-10T22:54:47.291153+00:00, 511, 98
2025-04-10T22:54:48.038338+00:00, 501, 60
2025-04-10T22:54:48.798398+00:00, 503, 91
2025-04-10T22:54:49.548535+00:00, 502, 105
2025-04-10T22:54:50.309578+00:00, 508, 73
2025-04-10T22:54:51.072977+00:00, 504, 105
2025-04-10T22:54:51.822884+00:00, 516, 73
2025-04-10T22:54:52.581931+00:00, 514, 93
2025-04-10T22:54:53.341338+00:00, 515, 77
2025-04-10T22:54:54.097601+00:00, 605, 126
2025-04-10T22:54:54.860619+00:00, 603, 85
2025-04-10T22:54:55.606556+00:00, 610, 55
2025-04-10T22:54:56.367713+00:00, 608, 102
2025-04-10T22:54:57.124250+00:00, 604, 107
2025-04-10T22:54:57.870304+00:00, 611, 80
2025-04-10T22:54:58.631410+00:00, 606, 95
2025-04-10T22:54:59.392635+00:00, 613, 115
2025-04-10T22:55:00.157781+00:00, 602, 71
2025-04-10T22:55:00.906442+00:00, 601, 114
2025-04-10T22:55:01.673498+00:00, 607, 82
2025-04-10T22:55:02.435361+00:00, 616, 82
2025-04-10T22:55:03.187850+00:00, 505, 76
2025-04-10T22:55:03.936832+00:00, 512, 92
2025-04-10T22:55:04.698606+00:00, 509, 73
2025-04-10T22:55:05.460200+00:00, 506, 91
2025-04-10T22:55:06.219430+00:00, 511, 94
2025-04-10T22:55:06.982971+00:00, 501, 59
2025-04-10T22:55:07.749115+00:00, 503, 93
2025-04-10T22:55:08.506895+00:00, 502, 105
2025-04-10T22:55:09.265415+00:00, 508, 73
