2025-04-10T23:11:09.241681+00:00, 613, 117
2025-04-10T23:11:09.242685+00:00, 602, 85
2025-04-10T23:11:09.243439+00:00, 601, 114
2025-04-10T23:11:09.244416+00:00, 607, 81
2025-04-10T23:11:09.245515+00:00, 616, 85
2025-04-10T23:11:09.246276+00:00, 505, 76
2025-04-10T23:11:09.247098+00:00, 512, 95
2025-04-10T23:11:09.248244+00:00, 510, 79
2025-04-10T23:11:09.249201+00:00, 509, 90
2025-04-10T23:11:09.250301+00:00, 506, 86
2025-04-10T23:11:09.251118+00:00, 511, 97
2025-04-10T23:11:09.251897+00:00, 501, 59
2025-04-10T23:11:09.252755+00:00, 503, 93
2025-04-10T23:11:09.253725+00:00, 502, 104
2025-04-10T23:11:09.254662+00:00, 508, 70
2025-04-10T23:11:09.255583+00:00, 504, 106
2025-04-10T23:11:09.256964+00:00, 516, 66
2025-04-10T23:11:09.257983+00:00, 514, 93
2025-04-10T23:11:09.258776+00:00, 605, 124
2025-04-10T23:11:09.259742+00:00, 603, 84
2025-04-10T23:11:09.260516+00:00, 610, 56
2025-04-10T23:11:09.261316+00:00, 608, 112
2025-04-10T23:11:09.262186+00:00, 604, 124
2025-04-10T23:11:09.263032+00:00, 611, 73
2025-04-10T23:11:09.264026+00:00, 606, 91
2025-04-10T23:11:09.265333+00:00, 613, 113
2025-04-10T23:11:09.266242+00:00, 602, 93
2025-04-10T23:11:09.267459+00:00, 601, 113
2025-04-10T23:11:09.268553+00:00, 607, 81
2025-04-10T23:11:09.269608+00:00, 616, 85
2025-04-10T23:11:09.270792+00:00, 505, 76
2025-04-10T23:11:09.271584+00:00, 512, 97
2025-04-10T23:11:09.272546+00:00, 510, 72
2025-04-10T23:11:09.273659+00:00, 509, 78
2025-04-10T23:11:09.274556+00:00, 506, 85
2025-04-10T23:11:09.275329+00:00, 511, 81
2025-04-10T23:11:09.276275+00:00, 501, 60
2025-04-10T23:11:09.277084+00:00, 503, 92
2025-04-10T23:11:09.278026+00:00, 502, 104
2025-04-10T23:11:09.278980+00:00, 508, 73
2025-04-10T23:11:09.280146+00:00, 504, 106
2025-04-10T23:11:09.281248+00:00, 516, 67
2025-04-10T23:11:09.282668+00:00, 514, 98
2025-04-10T23:11:09.283652+00:00, 605, 126
2025-04-10T23:11:09.284579+00:00, 603, 85
2025-04-10T23:11:09.285720+00:00, 610, 54
2025-04-10T23:11:09.286786+00:00, 608, 109
2025-04-10T23:11:09.287761+00:00, 604, 118
2025-04-10T23:11:09.288605+00:00, 611, 78
2025-04-10T23:11:09.289794+00:00, 606, 90
2025-04-10T23:11:09.291045+00:00, 613, 116
2025-04-10T23:11:09.291954+00:00, 602, 86
2025-04-10T23:11:09.292746+00:00, 601, 113
2025-04-10T23:11:09.294122+00:00, 607, 82
2025-04-10T23:11:09.295544+00:00, 616, 85
2025-04-10T23:11:09.296792+00:00, 505, 79
2025-04-10T23:11:09.298141+00:00, 512, 98
2025-04-10T23:11:09.299220+00:00, 510, 77
2025-04-10T23:11:09.300490+00:00, 509, 76
2025-04-10T23:11:09.301697+00:00, 506, 92
2025-04-10T23:11:09.302753+00:00, 511, 97
2025-04-10T23:11:09.303925+00:00, 501, 58
2025-04-10T23:11:09.304871+00:00, 503, 93
2025-04-10T23:11:09.306339+00:00, 502, 104
2025-04-10T23:11:09.307572+00:00, 508, 69
2025-04-10T23:11:09.308383+00:00, 504, 106
2025-04-10T23:11:09.309113+00:00, 516, 68
2025-04-10T23:11:09.310136+00:00, 514, 99
2025-04-10T23:11:09.311315+00:00, 605, 127
2025-04-10T23:11:09.312561+00:00, 603, 87
2025-04-10T23:11:09.313359+00:00, 610, 57
2025-04-10T23:11:09.314238+00:00, 608, 107
2025-04-10T23:11:09.315534+00:00, 604, 122
2025-04-10T23:11:09.316356+00:00, 611, 87
2025-04-10T23:11:09.317089+00:00, 606, 91
2025-04-10T23:11:09.317835+00:00, 613, 118
2025-04-10T23:11:09.318629+00:00, 602, 91
2025-04-10T23:11:09.319504+00:00, 601, 113
2025-04-10T23:11:09.320510+00:00, 607, 81
2025-04-10T23:11:09.321247+00:00, 616, 85
2025-04-10T23:11:09.322075+00:00, 505, 77
2025-04-10T23:11:09.323323+00:00, 512, 95
2025-04-10T23:11:09.324149+00:00, 509, 83
2025-04-10T23:11:09.324972+00:00, 506, 94
2025-04-10T23:11:09.325679+00:00, 511, 99
2025-04-10T23:11:09.326492+00:00, 501, 57
2025-04-10T23:11:09.327285+00:00, 503, 95
2025-04-10T23:11:09.328138+00:00, 502, 104
2025-04-10T23:11:09.328920+00:00, 508, 71
2025-04-10T23:11:09.329629+00:00, 504, 105
2025-04-10T23:11:09.330548+00:00, 516, 71
2025-04-10T23:11:09.331580+00:00, 514, 103
2025-04-10T23:11:09.332312+00:00, 605, 121
2025-04-10T23:11:09.332931+00:00, 603, 86
2025-04-10T23:11:09.333611+00:00, 610, 56
2025-04-10T23:11:09.334252+00:00, 608, 103
2025-04-10T23:11:09.335097+00:00, 604, 122
2025-04-10T23:11:09.336193+00:00, 611, 76
2025-04-10T23:11:09.337062+00:00, 606, 90
2025-04-10T23:11:09.337757+00:00, 613, 117
2025-04-10T23:11:09.338415+00:00, 602, 92
2025-04-10T23:11:09.339175+00:00, 601, 113
2025-04-10T23:11:09.340288+00:00, 607, 82
2025-04-10T23:11:09.340994+00:00, 616, 84
2025-04-10T23:11:09.341603+00:00, 505, 75
2025-04-10T23:11:09.342237+00:00, 512, 96
2025-04-10T23:11:09.342873+00:00, 509, 74
2025-04-10T23:11:09.343526+00:00, 506, 94
2025-04-10T23:11:09.344136+00:00, 511, 94
2025-04-10T23:11:09.344836+00:00, 501, 59
2025-04-10T23:11:09.345432+00:00, 503, 93
2025-04-10T23:11:09.346139+00:00, 502, 104
2025-04-10T23:11:09.346791+00:00, 508, 67
2025-04-10T23:11:09.347583+00:00, 504, 105
2025-04-10T23:11:09.348515+00:00, 516, 67
2025-04-10T23:11:09.349159+00:00, 514, 96
2025-04-10T23:11:09.349942+00:00, 605, 123
2025-04-10T23:11:09.350561+00:00, 603, 87
2025-04-10T23:11:09.351200+00:00, 610, 55
2025-04-10T23:11:09.351871+00:00, 608, 102
2025-04-10T23:11:09.352496+00:00, 604, 121
2025-04-10T23:11:09.353107+00:00, 611, 78
2025-04-10T23:11:09.353693+00:00, 606, 90
2025-04-10T23:11:09.422750+00:00, 613, 118
2025-04-10T23:11:09.732825+00:00, 602, 93
2025-04-10T23:11:10.032180+00:00, 601, 113
2025-04-10T23:11:10.339867+00:00, 607, 83
2025-04-10T23:11:10.646049+00:00, 616, 85
2025-04-10T23:11:10.960239+00:00, 505, 75
2025-04-10T23:11:11.270106+00:00, 512, 95
2025-04-10T23:11:11.570186+00:00, 509, 78
2025-04-10T23:11:11.873870+00:00, 506, 94
2025-04-10T23:11:12.176091+00:00, 511, 96
2025-04-10T23:11:12.484781+00:00, 501, 60
2025-04-10T23:11:12.792063+00:00, 503, 92
2025-04-10T23:11:13.105033+00:00, 502, 104
2025-04-10T23:11:13.412939+00:00, 508, 74
2025-04-10T23:11:13.722407+00:00, 504, 105
2025-04-10T23:11:14.030756+00:00, 516, 67
2025-04-10T23:11:14.333942+00:00, 514, 93
2025-04-10T23:11:14.642234+00:00, 605, 124
2025-04-10T23:11:14.951107+00:00, 603, 86
2025-04-10T23:11:15.253599+00:00, 610, 55
2025-04-10T23:11:15.565339+00:00, 608, 104
2025-04-10T23:11:15.880716+00:00, 604, 117
2025-04-10T23:11:16.186987+00:00, 611, 88
2025-04-10T23:11:16.505088+00:00, 606, 90
2025-04-10T23:11:16.812443+00:00, 613, 119
2025-04-10T23:11:17.121245+00:00, 602, 71
2025-04-10T23:11:17.423153+00:00, 601, 112
2025-04-10T23:11:17.737175+00:00, 607, 82
2025-04-10T23:11:18.051270+00:00, 616, 84
2025-04-10T23:11:18.356386+00:00, 505, 77
2025-04-10T23:11:18.669807+00:00, 512, 98
2025-04-10T23:11:18.978786+00:00, 509, 69
2025-04-10T23:11:19.294221+00:00, 506, 96
2025-04-10T23:11:19.601755+00:00, 511, 97
2025-04-10T23:11:19.911816+00:00, 501, 59
2025-04-10T23:11:20.211106+00:00, 503, 92
2025-04-10T23:11:20.522430+00:00, 502, 103
2025-04-10T23:11:20.820493+00:00, 508, 71
2025-04-10T23:11:21.137649+00:00, 504, 105
2025-04-10T23:11:21.445704+00:00, 516, 69
2025-04-10T23:11:21.754091+00:00, 514, 93
2025-04-10T23:11:22.048919+00:00, 605, 124
2025-04-10T23:11:22.368498+00:00, 603, 87
2025-04-10T23:11:22.673532+00:00, 610, 54
2025-04-10T23:11:22.979248+00:00, 608, 99
2025-04-10T23:11:23.285820+00:00, 604, 117
2025-04-10T23:11:23.583086+00:00, 611, 71
2025-04-10T23:11:23.902173+00:00, 606, 90
2025-04-10T23:11:24.203955+00:00, 613, 119
2025-04-10T23:11:24.510384+00:00, 602, 69
2025-04-10T23:11:24.815715+00:00, 601, 114
2025-04-10T23:11:25.127810+00:00, 607, 82
2025-04-10T23:11:25.437388+00:00, 616, 83
2025-04-10T23:11:25.743914+00:00, 505, 76
2025-04-10T23:11:26.056538+00:00, 512, 95
2025-04-10T23:11:26.349277+00:00, 509, 71
2025-04-10T23:11:26.662028+00:00, 506, 98
2025-04-10T23:11:26.975218+00:00, 511, 99
2025-04-10T23:11:27.289570+00:00, 501, 59
2025-04-10T23:11:27.604803+00:00, 503, 92
2025-04-10T23:11:27.909607+00:00, 502, 103
2025-04-10T23:11:28.218060+00:00, 508, 67
2025-04-10T23:11:28.525882+00:00, 504, 104
2025-04-10T23:11:28.825496+00:00, 516, 68
2025-04-10T23:11:29.135565+00:00, 514, 98
2025-04-10T23:11:29.454450+00:00, 605, 123
2025-04-10T23:11:29.771277+00:00, 603, 86
2025-04-10T23:11:30.069855+00:00, 610, 55
2025-04-10T23:11:30.375747+00:00, 608, 101
2025-04-10T23:11:30.679021+00:00, 604, 116
2025-04-10T23:11:30.984339+00:00, 611, 81
2025-04-10T23:11:31.303828+00:00, 606, 89
2025-04-10T23:11:31.604213+00:00, 613, 115
2025-04-10T23:11:31.906482+00:00, 602, 101
2025-04-10T23:11:32.215305+00:00, 601, 113
2025-04-10T23:11:32.530702+00:00, 607, 81
2025-04-10T23:11:32.835127+00:00, 616, 84
2025-04-10T23:11:33.144320+00:00, 505, 80
2025-04-10T23:11:33.447722+00:00, 512, 93
2025-04-10T23:11:33.746667+00:00, 509, 73
2025-04-10T23:11:34.048389+00:00, 506, 96
2025-04-10T23:11:34.366327+00:00, 511, 97
2025-04-10T23:11:34.663354+00:00, 501, 60
2025-04-10T23:11:34.983884+00:00, 503, 92
2025-04-10T23:11:35.296928+00:00, 502, 104
2025-04-10T23:11:35.612235+00:00, 508, 67
2025-04-10T23:11:35.915864+00:00, 504, 104
2025-04-10T23:11:36.217171+00:00, 516, 67
2025-04-10T23:11:36.539243+00:00, 514, 99
2025-04-10T23:11:36.839201+00:00, 605, 122
2025-04-10T23:11:37.140948+00:00, 603, 86
2025-04-10T23:11:37.457577+00:00, 610, 55
2025-04-10T23:11:37.758594+00:00, 608, 105
2025-04-10T23:11:38.067229+00:00, 604, 115
2025-04-10T23:11:38.386132+00:00, 611, 87
2025-04-10T23:11:38.702820+00:00, 606, 90
2025-04-10T23:11:39.000187+00:00, 613, 115
2025-04-10T23:11:39.302903+00:00, 602, 95
2025-04-10T23:11:39.617844+00:00, 601, 114
2025-04-10T23:11:39.930732+00:00, 607, 80
2025-04-10T23:11:40.241623+00:00, 616, 84
2025-04-10T23:11:40.552737+00:00, 505, 81
2025-04-10T23:11:40.865092+00:00, 512, 93
2025-04-10T23:11:41.169170+00:00, 509, 72
2025-04-10T23:11:41.481258+00:00, 506, 99
2025-04-10T23:11:41.778620+00:00, 511, 102
2025-04-10T23:11:42.083242+00:00, 501, 59
2025-04-10T23:11:42.408316+00:00, 503, 92
2025-04-10T23:11:42.716977+00:00, 502, 103
2025-04-10T23:11:43.024826+00:00, 508, 70
2025-04-10T23:11:43.320828+00:00, 504, 105
2025-04-10T23:11:43.631029+00:00, 516, 79
2025-04-10T23:11:43.942095+00:00, 514, 95
2025-04-10T23:11:44.257854+00:00, 605, 126
2025-04-10T23:11:44.558661+00:00, 603, 86
2025-04-10T23:11:44.860133+00:00, 610, 56
2025-04-10T23:11:45.170146+00:00, 608, 102
2025-04-10T23:11:45.469022+00:00, 604, 115
2025-04-10T23:11:45.785893+00:00, 606, 91
2025-04-10T23:11:46.094586+00:00, 613, 120
2025-04-10T23:11:46.404613+00:00, 602, 96
2025-04-10T23:11:46.709815+00:00, 601, 113
2025-04-10T23:11:47.013392+00:00, 607, 80
2025-04-10T23:11:47.332971+00:00, 616, 84
2025-04-10T23:11:47.642115+00:00, 505, 79
2025-04-10T23:11:47.950764+00:00, 512, 93
2025-04-10T23:11:48.251469+00:00, 509, 72
2025-04-10T23:11:48.554501+00:00, 506, 96
2025-04-10T23:11:48.856716+00:00, 511, 93
2025-04-10T23:11:49.167478+00:00, 501, 59
2025-04-10T23:11:49.483190+00:00, 503, 92
2025-04-10T23:11:49.788759+00:00, 502, 103
2025-04-10T23:11:50.087234+00:00, 508, 72
2025-04-10T23:11:50.393535+00:00, 504, 105
2025-04-10T23:11:50.696047+00:00, 516, 66
2025-04-10T23:11:51.006199+00:00, 514, 101
2025-04-10T23:11:51.316222+00:00, 605, 129
2025-04-10T23:11:51.627514+00:00, 603, 86
2025-04-10T23:11:51.938617+00:00, 610, 56
2025-04-10T23:11:52.239144+00:00, 608, 100
2025-04-10T23:11:52.550070+00:00, 604, 115
2025-04-10T23:11:52.867063+00:00, 606, 92
2025-04-10T23:11:53.172390+00:00, 613, 124
2025-04-10T23:11:53.478511+00:00, 602, 87
2025-04-10T23:11:53.787606+00:00, 601, 115
2025-04-10T23:11:54.099333+00:00, 607, 81
2025-04-10T23:11:54.407148+00:00, 616, 83
2025-04-10T23:11:54.711847+00:00, 505, 82
2025-04-10T23:11:55.014406+00:00, 512, 89
2025-04-10T23:11:55.333036+00:00, 509, 71
2025-04-10T23:11:55.638697+00:00, 506, 98
2025-04-10T23:11:55.950612+00:00, 511, 93
2025-04-10T23:11:56.254962+00:00, 501, 59
2025-04-10T23:11:56.570491+00:00, 503, 91
2025-04-10T23:11:56.878141+00:00, 502, 104
2025-04-10T23:11:57.188451+00:00, 508, 77
2025-04-10T23:11:57.507456+00:00, 504, 104
2025-04-10T23:11:57.813292+00:00, 514, 98
2025-04-10T23:11:58.123343+00:00, 605, 123
2025-04-10T23:11:58.446862+00:00, 603, 87
2025-04-10T23:11:58.752940+00:00, 610, 56
2025-04-10T23:11:59.061187+00:00, 608, 103
2025-04-10T23:11:59.371307+00:00, 604, 115
2025-04-10T23:11:59.681562+00:00, 606, 93
2025-04-10T23:11:59.982587+00:00, 613, 124
2025-04-10T23:12:00.285250+00:00, 602, 83
2025-04-10T23:12:00.592356+00:00, 601, 114
2025-04-10T23:12:00.906078+00:00, 607, 81
2025-04-10T23:12:01.209859+00:00, 616, 83
2025-04-10T23:12:01.517416+00:00, 505, 78
2025-04-10T23:12:01.823320+00:00, 512, 94
2025-04-10T23:12:02.117851+00:00, 509, 73
2025-04-10T23:12:02.422035+00:00, 506, 101
2025-04-10T23:12:02.727841+00:00, 511, 96
2025-04-10T23:12:03.041068+00:00, 501, 60
2025-04-10T23:12:03.351515+00:00, 503, 90
2025-04-10T23:12:03.662053+00:00, 502, 105
2025-04-10T23:12:03.962495+00:00, 508, 69
2025-04-10T23:12:04.276978+00:00, 504, 104
2025-04-10T23:12:04.578993+00:00, 514, 98
2025-04-10T23:12:04.885182+00:00, 605, 122
2025-04-10T23:12:05.198056+00:00, 603, 87
2025-04-10T23:12:05.496814+00:00, 610, 54
2025-04-10T23:12:05.802865+00:00, 608, 100
2025-04-10T23:12:06.104958+00:00, 604, 113
2025-04-10T23:12:06.407247+00:00, 606, 93
2025-04-10T23:12:06.717719+00:00, 613, 125
2025-04-10T23:12:07.024450+00:00, 602, 94
2025-04-10T23:12:07.329395+00:00, 601, 114
2025-04-10T23:12:07.636736+00:00, 607, 82
2025-04-10T23:12:07.938656+00:00, 616, 83
2025-04-10T23:12:08.240649+00:00, 505, 81
2025-04-10T23:12:08.555541+00:00, 512, 95
2025-04-10T23:12:08.862341+00:00, 509, 71
2025-04-10T23:12:09.170944+00:00, 506, 101
2025-04-10T23:12:09.472457+00:00, 511, 95
2025-04-10T23:12:09.780251+00:00, 501, 59
2025-04-10T23:12:10.088411+00:00, 503, 91
2025-04-10T23:12:10.392695+00:00, 502, 104
2025-04-10T23:12:10.704730+00:00, 508, 69
2025-04-10T23:12:11.016323+00:00, 504, 105
2025-04-10T23:12:11.318913+00:00, 516, 70
2025-04-10T23:12:11.623011+00:00, 514, 100
2025-04-10T23:12:11.924076+00:00, 515, 78
2025-04-10T23:12:12.222611+00:00, 605, 122
2025-04-10T23:12:12.528742+00:00, 603, 85
2025-04-10T23:12:12.841632+00:00, 610, 56
2025-04-10T23:12:13.148842+00:00, 608, 100
2025-04-10T23:12:13.450006+00:00, 604, 113
2025-04-10T23:12:13.753702+00:00, 606, 93
2025-04-10T23:12:14.057571+00:00, 613, 126
2025-04-10T23:12:14.362866+00:00, 602, 91
2025-04-10T23:12:14.672846+00:00, 601, 114
2025-04-10T23:12:14.978314+00:00, 607, 83
2025-04-10T23:12:15.282448+00:00, 616, 83
2025-04-10T23:12:15.593894+00:00, 505, 76
2025-04-10T23:12:15.904195+00:00, 512, 97
2025-04-10T23:12:16.207510+00:00, 509, 76
2025-04-10T23:12:16.507665+00:00, 506, 97
2025-04-10T23:12:16.821320+00:00, 511, 96
2025-04-10T23:12:17.122654+00:00, 501, 59
2025-04-10T23:12:17.426681+00:00, 503, 90
2025-04-10T23:12:17.730549+00:00, 502, 105
2025-04-10T23:12:18.039309+00:00, 508, 71
2025-04-10T23:12:18.348652+00:00, 504, 105
2025-04-10T23:12:18.657032+00:00, 516, 72
2025-04-10T23:12:18.962351+00:00, 514, 91
2025-04-10T23:12:19.261967+00:00, 515, 77
2025-04-10T23:12:19.567653+00:00, 605, 124
2025-04-10T23:12:19.880265+00:00, 603, 84
2025-04-10T23:12:20.185016+00:00, 610, 56
2025-04-10T23:12:20.491503+00:00, 608, 103
2025-04-10T23:12:20.800218+00:00, 604, 112
2025-04-10T23:12:21.105463+00:00, 611, 85
2025-04-10T23:12:21.411898+00:00, 606, 93
2025-04-10T23:12:21.717027+00:00, 613, 123
2025-04-10T23:12:22.018671+00:00, 602, 87
2025-04-10T23:12:22.344053+00:00, 601, 115
2025-04-10T23:12:22.631152+00:00, 607, 81
2025-04-10T23:12:22.935894+00:00, 616, 82
2025-04-10T23:12:23.247625+00:00, 505, 80
2025-04-10T23:12:23.561451+00:00, 512, 86
2025-04-10T23:12:23.861281+00:00, 509, 74
2025-04-10T23:12:24.169801+00:00, 506, 95
2025-04-10T23:12:24.483327+00:00, 511, 98
2025-04-10T23:12:24.775468+00:00, 501, 60
2025-04-10T23:12:25.083198+00:00, 503, 91
2025-04-10T23:12:25.394672+00:00, 502, 105
2025-04-10T23:12:25.706061+00:00, 508, 73
2025-04-10T23:12:26.015902+00:00, 504, 105
2025-04-10T23:12:26.310468+00:00, 516, 73
2025-04-10T23:12:26.621444+00:00, 514, 93
2025-04-10T23:12:26.931835+00:00, 515, 77
2025-04-10T23:12:27.236215+00:00, 605, 126
2025-04-10T23:12:27.540006+00:00, 603, 85
2025-04-10T23:12:27.846628+00:00, 610, 55
2025-04-10T23:12:28.142984+00:00, 608, 102
2025-04-10T23:12:28.448237+00:00, 604, 107
2025-04-10T23:12:28.759650+00:00, 611, 80
2025-04-10T23:12:29.063702+00:00, 606, 95
2025-04-10T23:12:29.364973+00:00, 613, 115
2025-04-10T23:12:29.666402+00:00, 602, 71
2025-04-10T23:12:29.971060+00:00, 601, 114
2025-04-10T23:12:30.276882+00:00, 607, 82
2025-04-10T23:12:30.588882+00:00, 616, 82
2025-04-10T23:12:30.895489+00:00, 505, 76
2025-04-10T23:12:31.195679+00:00, 512, 92
2025-04-10T23:12:31.502195+00:00, 509, 73
2025-04-10T23:12:31.805420+00:00, 506, 91
2025-04-10T23:12:32.104344+00:00, 511, 94
2025-04-10T23:12:32.419846+00:00, 501, 59
2025-04-10T23:12:32.727902+00:00, 503, 93
2025-04-10T23:12:33.028601+00:00, 502, 105
2025-04-10T23:12:33.337983+00:00, 508, 73
2025-04-10T23:12:33.634944+00:00, 504, 105
2025-04-10T23:12:33.946197+00:00, 516, 73
2025-04-10T23:12:34.252373+00:00, 514, 94
2025-04-10T23:12:34.557973+00:00, 515, 77
2025-04-10T23:12:34.862450+00:00, 605, 126
2025-04-10T23:12:35.173600+00:00, 603, 83
2025-04-10T23:12:35.475561+00:00, 610, 56
2025-04-10T23:12:35.784492+00:00, 608, 103
2025-04-10T23:12:36.088731+00:00, 604, 106
2025-04-10T23:12:36.391966+00:00, 611, 68
2025-04-10T23:12:36.703657+00:00, 606, 93
2025-04-10T23:12:37.006705+00:00, 613, 116
2025-04-10T23:12:37.314706+00:00, 602, 99
2025-04-10T23:12:37.622677+00:00, 601, 114
2025-04-10T23:12:37.926867+00:00, 607, 82
2025-04-10T23:12:38.229952+00:00, 616, 83
2025-04-10T23:12:38.538655+00:00, 505, 78
2025-04-10T23:12:38.844677+00:00, 512, 80
2025-04-10T23:12:39.154383+00:00, 509, 72
2025-04-10T23:12:39.465929+00:00, 506, 88
2025-04-10T23:12:39.765559+00:00, 511, 95
2025-04-10T23:12:40.072460+00:00, 501, 59
2025-04-10T23:12:40.383455+00:00, 503, 93
2025-04-10T23:12:40.683429+00:00, 502, 105
2025-04-10T23:12:40.983887+00:00, 508, 73
2025-04-10T23:12:41.292170+00:00, 504, 104
2025-04-10T23:12:41.603915+00:00, 516, 73
2025-04-10T23:12:41.900208+00:00, 514, 92
2025-04-10T23:12:42.202541+00:00, 515, 82
2025-04-10T23:12:42.515839+00:00, 605, 126
2025-04-10T23:12:42.820307+00:00, 603, 83
2025-04-10T23:12:43.126616+00:00, 610, 55
2025-04-10T23:12:43.423950+00:00, 608, 105
2025-04-10T23:12:43.729361+00:00, 604, 107
2025-04-10T23:12:44.042357+00:00, 611, 76
2025-04-10T23:12:44.350722+00:00, 606, 95
2025-04-10T23:12:44.666922+00:00, 613, 97
2025-04-10T23:12:44.969704+00:00, 602, 98
2025-04-10T23:12:45.263989+00:00, 601, 114
2025-04-10T23:12:45.570112+00:00, 607, 81
2025-04-10T23:12:45.879885+00:00, 616, 82
2025-04-10T23:12:46.186163+00:00, 505, 75
2025-04-10T23:12:46.490008+00:00, 512, 99
2025-04-10T23:12:46.800454+00:00, 509, 72
2025-04-10T23:12:47.101206+00:00, 506, 90
2025-04-10T23:12:47.405855+00:00, 511, 95
2025-04-10T23:12:47.712536+00:00, 501, 60
2025-04-10T23:12:48.023195+00:00, 503, 93
2025-04-10T23:12:48.328540+00:00, 502, 104
2025-04-10T23:12:48.637904+00:00, 508, 77
2025-04-10T23:12:48.935061+00:00, 504, 104
2025-04-10T23:12:49.241510+00:00, 516, 71
2025-04-10T23:12:49.554125+00:00, 514, 91
2025-04-10T23:12:49.857842+00:00, 515, 78
2025-04-10T23:12:50.165251+00:00, 605, 127
2025-04-10T23:12:50.472114+00:00, 603, 84
2025-04-10T23:12:50.770271+00:00, 610, 56
2025-04-10T23:12:51.077119+00:00, 608, 101
2025-04-10T23:12:51.392046+00:00, 604, 108
2025-04-10T23:12:51.691608+00:00, 611, 86
2025-04-10T23:12:51.998813+00:00, 606, 94
2025-04-10T23:12:52.309124+00:00, 613, 108
2025-04-10T23:12:52.610967+00:00, 602, 99
2025-04-10T23:12:52.914310+00:00, 601, 112
2025-04-10T23:12:53.220962+00:00, 607, 81
2025-04-10T23:12:53.535931+00:00, 616, 83
2025-04-10T23:12:53.836046+00:00, 505, 76
2025-04-10T23:12:54.143625+00:00, 512, 96
2025-04-10T23:12:54.451507+00:00, 509, 71
2025-04-10T23:12:54.746212+00:00, 506, 89
2025-04-10T23:12:55.047178+00:00, 511, 96
2025-04-10T23:12:55.361457+00:00, 501, 59
2025-04-10T23:12:55.659600+00:00, 503, 91
2025-04-10T23:12:55.972798+00:00, 502, 104
2025-04-10T23:12:56.275664+00:00, 508, 77
2025-04-10T23:12:56.587953+00:00, 504, 105
2025-04-10T23:12:56.895954+00:00, 516, 71
2025-04-10T23:12:57.197658+00:00, 514, 91
2025-04-10T23:12:57.503462+00:00, 515, 93
2025-04-10T23:12:57.811950+00:00, 605, 125
2025-04-10T23:12:58.106416+00:00, 603, 82
2025-04-10T23:12:58.412575+00:00, 610, 55
2025-04-10T23:12:58.726386+00:00, 608, 101
2025-04-10T23:12:59.032255+00:00, 604, 113
2025-04-10T23:12:59.338352+00:00, 611, 76
2025-04-10T23:12:59.643766+00:00, 606, 96
2025-04-10T23:12:59.949392+00:00, 613, 106
2025-04-10T23:13:00.250146+00:00, 602, 91
2025-04-10T23:13:00.557806+00:00, 601, 113
2025-04-10T23:13:00.868866+00:00, 607, 79
2025-04-10T23:13:01.176567+00:00, 616, 81
2025-04-10T23:13:01.486690+00:00, 505, 76
2025-04-10T23:13:01.787983+00:00, 512, 93
2025-04-10T23:13:02.087471+00:00, 509, 69
2025-04-10T23:13:02.402804+00:00, 506, 88
2025-04-10T23:13:02.703346+00:00, 511, 97
2025-04-10T23:13:03.002510+00:00, 501, 70
2025-04-10T23:13:03.308752+00:00, 503, 96
2025-04-10T23:13:03.619319+00:00, 502, 105
2025-04-10T23:13:03.924900+00:00, 508, 74
2025-04-10T23:13:04.233022+00:00, 504, 105
2025-04-10T23:13:04.536957+00:00, 516, 72
2025-04-10T23:13:04.836546+00:00, 514, 91
2025-04-10T23:13:05.145139+00:00, 515, 86
2025-04-10T23:13:05.454515+00:00, 605, 127
2025-04-10T23:13:05.752706+00:00, 603, 81
2025-04-10T23:13:06.058250+00:00, 610, 57
2025-04-10T23:13:06.370883+00:00, 608, 101
2025-04-10T23:13:06.681720+00:00, 604, 112
2025-04-10T23:13:06.984605+00:00, 611, 89
2025-04-10T23:13:07.290457+00:00, 606, 95
2025-04-10T23:13:07.597120+00:00, 613, 104
2025-04-10T23:13:07.899871+00:00, 602, 95
2025-04-10T23:13:08.195258+00:00, 601, 113
2025-04-10T23:13:08.500694+00:00, 607, 81
2025-04-10T23:13:08.811706+00:00, 616, 80
2025-04-10T23:13:09.123036+00:00, 505, 80
2025-04-10T23:13:09.422886+00:00, 512, 90
2025-04-10T23:13:09.729832+00:00, 509, 68
2025-04-10T23:13:10.038784+00:00, 506, 89
2025-04-10T23:13:10.346205+00:00, 511, 94
2025-04-10T23:13:10.650463+00:00, 501, 65
2025-04-10T23:13:10.952575+00:00, 503, 92
2025-04-10T23:13:11.255205+00:00, 502, 105
2025-04-10T23:13:11.568904+00:00, 508, 72
2025-04-10T23:13:11.873580+00:00, 504, 104
2025-04-10T23:13:12.171661+00:00, 516, 72
2025-04-10T23:13:12.487687+00:00, 514, 93
2025-04-10T23:13:12.788511+00:00, 515, 82
2025-04-10T23:13:13.095670+00:00, 605, 122
2025-04-10T23:13:13.393553+00:00, 603, 83
2025-04-10T23:13:13.699550+00:00, 610, 56
2025-04-10T23:13:14.012910+00:00, 608, 100
2025-04-10T23:13:14.316802+00:00, 604, 109
2025-04-10T23:13:14.620600+00:00, 611, 92
2025-04-10T23:13:14.927609+00:00, 606, 95
2025-04-10T23:13:15.231050+00:00, 613, 105
2025-04-10T23:13:15.536015+00:00, 602, 94
2025-04-10T23:13:15.853836+00:00, 601, 112
2025-04-10T23:13:16.156010+00:00, 607, 79
2025-04-10T23:13:16.461394+00:00, 616, 79
2025-04-10T23:13:16.760897+00:00, 505, 76
2025-04-10T23:13:17.062953+00:00, 512, 69
2025-04-10T23:13:17.371532+00:00, 509, 69
2025-04-10T23:13:17.697270+00:00, 506, 89
2025-04-10T23:13:17.990592+00:00, 511, 98
2025-04-10T23:13:18.297633+00:00, 501, 62
2025-04-10T23:13:18.604265+00:00, 503, 91
2025-04-10T23:13:18.915372+00:00, 502, 104
2025-04-10T23:13:19.211988+00:00, 508, 80
2025-04-10T23:13:19.518753+00:00, 504, 105
2025-04-10T23:13:19.830184+00:00, 516, 72
2025-04-10T23:13:20.138889+00:00, 514, 96
2025-04-10T23:13:20.446691+00:00, 515, 82
2025-04-10T23:13:20.750402+00:00, 605, 126
2025-04-10T23:13:21.056287+00:00, 603, 82
2025-04-10T23:13:21.361861+00:00, 610, 56
2025-04-10T23:13:21.663471+00:00, 608, 100
2025-04-10T23:13:21.963570+00:00, 604, 114
2025-04-10T23:13:22.268359+00:00, 611, 88
2025-04-10T23:13:22.581770+00:00, 606, 95
2025-04-10T23:13:22.887602+00:00, 613, 109
2025-04-10T23:13:23.192692+00:00, 602, 101
2025-04-10T23:13:23.500628+00:00, 601, 112
2025-04-10T23:13:23.805350+00:00, 607, 78
2025-04-10T23:13:24.114542+00:00, 616, 80
2025-04-10T23:13:24.414615+00:00, 505, 76
2025-04-10T23:13:24.716351+00:00, 512, 77
2025-04-10T23:13:25.027359+00:00, 509, 69
2025-04-10T23:13:25.336348+00:00, 506, 89
2025-04-10T23:13:25.639950+00:00, 511, 97
2025-04-10T23:13:25.948804+00:00, 501, 63
2025-04-10T23:13:26.242813+00:00, 503, 88
2025-04-10T23:13:26.548299+00:00, 502, 106
2025-04-10T23:13:26.857855+00:00, 508, 74
2025-04-10T23:13:27.158897+00:00, 504, 106
2025-04-10T23:13:27.467212+00:00, 516, 74
2025-04-10T23:13:27.772106+00:00, 514, 94
2025-04-10T23:13:28.088132+00:00, 515, 79
2025-04-10T23:13:28.384693+00:00, 605, 126
2025-04-10T23:13:28.692963+00:00, 603, 82
2025-04-10T23:13:29.001781+00:00, 610, 56
2025-04-10T23:13:29.306832+00:00, 608, 99
2025-04-10T23:13:29.611441+00:00, 604, 110
2025-04-10T23:13:29.919815+00:00, 606, 95
2025-04-10T23:13:30.222432+00:00, 613, 121
2025-04-10T23:13:30.522337+00:00, 602, 92
2025-04-10T23:13:30.827603+00:00, 601, 112
2025-04-10T23:13:31.138330+00:00, 607, 77
2025-04-10T23:13:31.446368+00:00, 616, 79
2025-04-10T23:13:31.759098+00:00, 505, 74
2025-04-10T23:13:32.054877+00:00, 512, 91
2025-04-10T23:13:32.361275+00:00, 509, 73
2025-04-10T23:13:32.670131+00:00, 506, 95
2025-04-10T23:13:32.975450+00:00, 511, 85
2025-04-10T23:13:33.286714+00:00, 501, 65
2025-04-10T23:13:33.591535+00:00, 503, 87
2025-04-10T23:13:33.905436+00:00, 502, 105
2025-04-10T23:13:34.216069+00:00, 508, 80
2025-04-10T23:13:34.518255+00:00, 504, 106
2025-04-10T23:13:34.820306+00:00, 516, 73
2025-04-10T23:13:35.131598+00:00, 514, 89
2025-04-10T23:13:35.434644+00:00, 515, 78
2025-04-10T23:13:35.743311+00:00, 605, 128
2025-04-10T23:13:36.051167+00:00, 603, 81
2025-04-10T23:13:36.358458+00:00, 610, 48
2025-04-10T23:13:36.664709+00:00, 608, 97
2025-04-10T23:13:36.966977+00:00, 604, 105
2025-04-10T23:13:37.269927+00:00, 611, 94
2025-04-10T23:13:37.575113+00:00, 606, 95
2025-04-10T23:13:37.881660+00:00, 613, 122
2025-04-10T23:13:38.192185+00:00, 602, 100
2025-04-10T23:13:38.498801+00:00, 601, 112
2025-04-10T23:13:38.801068+00:00, 607, 80
2025-04-10T23:13:39.113516+00:00, 616, 80
2025-04-10T23:13:39.432273+00:00, 505, 74
2025-04-10T23:13:39.730160+00:00, 512, 81
2025-04-10T23:13:40.027975+00:00, 509, 72
2025-04-10T23:13:40.335422+00:00, 506, 94
2025-04-10T23:13:40.636498+00:00, 511, 94
2025-04-10T23:13:40.945916+00:00, 501, 63
2025-04-10T23:13:41.255398+00:00, 503, 89
2025-04-10T23:13:41.562071+00:00, 502, 104
2025-04-10T23:13:41.863679+00:00, 508, 81
2025-04-10T23:13:42.162791+00:00, 504, 106
2025-04-10T23:13:42.479183+00:00, 516, 72
2025-04-10T23:13:42.773369+00:00, 514, 96
2025-04-10T23:13:43.081227+00:00, 515, 76
2025-04-10T23:13:43.391437+00:00, 605, 124
2025-04-10T23:13:43.698513+00:00, 603, 81
2025-04-10T23:13:44.003816+00:00, 610, 56
2025-04-10T23:13:44.311293+00:00, 608, 97
2025-04-10T23:13:44.623027+00:00, 604, 108
2025-04-10T23:13:44.929252+00:00, 611, 93
2025-04-10T23:13:45.238230+00:00, 606, 95
2025-04-10T23:13:45.546880+00:00, 613, 126
2025-04-10T23:13:45.850149+00:00, 602, 103
2025-04-10T23:13:46.150732+00:00, 601, 112
2025-04-10T23:13:46.457447+00:00, 607, 78
2025-04-10T23:13:46.769147+00:00, 616, 80
2025-04-10T23:13:47.073758+00:00, 505, 75
2025-04-10T23:13:47.384933+00:00, 512, 96
2025-04-10T23:13:47.686473+00:00, 509, 74
2025-04-10T23:13:47.994789+00:00, 506, 94
2025-04-10T23:13:48.292512+00:00, 511, 95
2025-04-10T23:13:48.598539+00:00, 501, 61
2025-04-10T23:13:48.911424+00:00, 503, 90
2025-04-10T23:13:49.220244+00:00, 502, 105
2025-04-10T23:13:49.523478+00:00, 508, 72
2025-04-10T23:13:49.831357+00:00, 504, 106
2025-04-10T23:13:50.132409+00:00, 516, 95
2025-04-10T23:13:50.444361+00:00, 514, 89
2025-04-10T23:13:50.752540+00:00, 515, 76
2025-04-10T23:13:51.059583+00:00, 605, 124
2025-04-10T23:13:51.368821+00:00, 603, 81
2025-04-10T23:13:51.671543+00:00, 610, 56
2025-04-10T23:13:51.981438+00:00, 608, 106
2025-04-10T23:13:52.279271+00:00, 604, 111
2025-04-10T23:13:52.592393+00:00, 611, 87
2025-04-10T23:13:52.902347+00:00, 606, 96
2025-04-10T23:13:53.214369+00:00, 613, 123
2025-04-10T23:13:53.521030+00:00, 602, 97
2025-04-10T23:13:53.817388+00:00, 601, 113
2025-04-10T23:13:54.123815+00:00, 607, 77
2025-04-10T23:13:54.434231+00:00, 616, 80
2025-04-10T23:13:54.735936+00:00, 505, 75
2025-04-10T23:13:55.044034+00:00, 512, 85
2025-04-10T23:13:55.355134+00:00, 509, 79
2025-04-10T23:13:55.663977+00:00, 506, 92
2025-04-10T23:13:55.970760+00:00, 511, 95
2025-04-10T23:13:56.273323+00:00, 501, 61
2025-04-10T23:13:56.578621+00:00, 503, 91
2025-04-10T23:13:56.891688+00:00, 502, 102
2025-04-10T23:13:57.195011+00:00, 508, 80
2025-04-10T23:13:57.504015+00:00, 504, 105
2025-04-10T23:13:57.812617+00:00, 516, 67
2025-04-10T23:13:58.121276+00:00, 514, 96
2025-04-10T23:13:58.427253+00:00, 515, 76
2025-04-10T23:13:58.736509+00:00, 605, 128
2025-04-10T23:13:59.041976+00:00, 603, 81
2025-04-10T23:13:59.347866+00:00, 610, 56
2025-04-10T23:13:59.651048+00:00, 608, 101
2025-04-10T23:13:59.958746+00:00, 604, 109
2025-04-10T23:14:00.265276+00:00, 611, 88
2025-04-10T23:14:00.575932+00:00, 606, 95
2025-04-10T23:14:00.880377+00:00, 613, 122
2025-04-10T23:14:01.191767+00:00, 602, 104
2025-04-10T23:14:01.500016+00:00, 601, 111
2025-04-10T23:14:01.802715+00:00, 607, 77
2025-04-10T23:14:02.099095+00:00, 616, 80
2025-04-10T23:14:02.407142+00:00, 505, 74
2025-04-10T23:14:02.710292+00:00, 512, 94
2025-04-10T23:14:03.019072+00:00, 509, 77
2025-04-10T23:14:03.332457+00:00, 506, 92
2025-04-10T23:14:03.635627+00:00, 511, 94
2025-04-10T23:14:03.948006+00:00, 501, 59
2025-04-10T23:14:04.253643+00:00, 503, 94
2025-04-10T23:14:04.552490+00:00, 502, 99
2025-04-10T23:14:04.861433+00:00, 508, 81
2025-04-10T23:14:05.165746+00:00, 504, 106
2025-04-10T23:14:05.468478+00:00, 516, 68
2025-04-10T23:14:05.784216+00:00, 514, 95
2025-04-10T23:14:06.086655+00:00, 515, 76
2025-04-10T23:14:06.387306+00:00, 605, 124
2025-04-10T23:14:06.696550+00:00, 603, 80
2025-04-10T23:14:07.008746+00:00, 610, 56
2025-04-10T23:14:07.314200+00:00, 608, 101
2025-04-10T23:14:07.622198+00:00, 604, 109
2025-04-10T23:14:07.923798+00:00, 611, 84
2025-04-10T23:14:08.230668+00:00, 606, 95
2025-04-10T23:14:08.541525+00:00, 613, 119
2025-04-10T23:14:08.845513+00:00, 602, 103
2025-04-10T23:14:09.157012+00:00, 601, 111
2025-04-10T23:14:09.460895+00:00, 607, 77
2025-04-10T23:14:09.776943+00:00, 616, 80
2025-04-10T23:14:10.068168+00:00, 505, 74
2025-04-10T23:14:10.383723+00:00, 512, 90
2025-04-10T23:14:10.680014+00:00, 509, 73
2025-04-10T23:14:10.983009+00:00, 506, 91
2025-04-10T23:14:11.292441+00:00, 511, 94
2025-04-10T23:14:11.600328+00:00, 501, 60
2025-04-10T23:14:11.906388+00:00, 503, 91
2025-04-10T23:14:12.205824+00:00, 502, 104
2025-04-10T23:14:12.513709+00:00, 508, 77
2025-04-10T23:14:12.815847+00:00, 504, 106
2025-04-10T23:14:13.121726+00:00, 516, 72
2025-04-10T23:14:13.431754+00:00, 514, 89
2025-04-10T23:14:13.743876+00:00, 515, 76
2025-04-10T23:14:14.052509+00:00, 605, 126
2025-04-10T23:14:14.357311+00:00, 603, 80
2025-04-10T23:14:14.662307+00:00, 610, 56
2025-04-10T23:14:14.970112+00:00, 608, 104
2025-04-10T23:14:15.269555+00:00, 604, 109
2025-04-10T23:14:15.574501+00:00, 611, 82
2025-04-10T23:14:15.878468+00:00, 606, 94
2025-04-10T23:14:16.182220+00:00, 613, 110
2025-04-10T23:14:16.493307+00:00, 602, 96
2025-04-10T23:14:16.800981+00:00, 601, 111
2025-04-10T23:14:17.105455+00:00, 607, 76
2025-04-10T23:14:17.427798+00:00, 616, 80
2025-04-10T23:14:17.722966+00:00, 505, 74
2025-04-10T23:14:18.035183+00:00, 512, 69
2025-04-10T23:14:18.329649+00:00, 509, 73
2025-04-10T23:14:18.635278+00:00, 506, 93
2025-04-10T23:14:18.948149+00:00, 511, 95
2025-04-10T23:14:19.251728+00:00, 501, 60
2025-04-10T23:14:19.560875+00:00, 503, 92
2025-04-10T23:14:19.870528+00:00, 502, 104
2025-04-10T23:14:20.178440+00:00, 508, 72
2025-04-10T23:14:20.479895+00:00, 504, 106
2025-04-10T23:14:20.785351+00:00, 516, 73
2025-04-10T23:14:21.090647+00:00, 514, 91
2025-04-10T23:14:21.396103+00:00, 515, 75
2025-04-10T23:14:21.708162+00:00, 605, 129
2025-04-10T23:14:22.007367+00:00, 603, 81
2025-04-10T23:14:22.313518+00:00, 610, 56
2025-04-10T23:14:22.614511+00:00, 608, 103
2025-04-10T23:14:22.929409+00:00, 604, 112
2025-04-10T23:14:23.233251+00:00, 611, 91
2025-04-10T23:14:23.544435+00:00, 606, 96
2025-04-10T23:14:23.843453+00:00, 613, 109
2025-04-10T23:14:24.142901+00:00, 602, 102
2025-04-10T23:14:24.454266+00:00, 601, 111
2025-04-10T23:14:24.759988+00:00, 607, 76
2025-04-10T23:14:25.064414+00:00, 616, 80
2025-04-10T23:14:25.372947+00:00, 505, 95
2025-04-10T23:14:25.678976+00:00, 512, 68
2025-04-10T23:14:25.990273+00:00, 509, 70
2025-04-10T23:14:26.292614+00:00, 506, 87
2025-04-10T23:14:26.599415+00:00, 511, 96
2025-04-10T23:14:26.914573+00:00, 501, 58
2025-04-10T23:14:27.215969+00:00, 503, 91
2025-04-10T23:14:27.526716+00:00, 502, 104
2025-04-10T23:14:27.833012+00:00, 508, 71
2025-04-10T23:14:28.144184+00:00, 504, 107
2025-04-10T23:14:28.453844+00:00, 516, 72
2025-04-10T23:14:28.750417+00:00, 514, 94
2025-04-10T23:14:29.056746+00:00, 515, 74
2025-04-10T23:14:29.366133+00:00, 605, 126
2025-04-10T23:14:29.665164+00:00, 603, 80
2025-04-10T23:14:29.974733+00:00, 610, 54
2025-04-10T23:14:30.282002+00:00, 608, 101
2025-04-10T23:14:30.591185+00:00, 604, 111
2025-04-10T23:14:30.892775+00:00, 611, 88
2025-04-10T23:14:31.199985+00:00, 606, 96
2025-04-10T23:14:31.500204+00:00, 613, 104
2025-04-10T23:14:31.801374+00:00, 602, 102
2025-04-10T23:14:32.100480+00:00, 601, 113
2025-04-10T23:14:32.415406+00:00, 607, 76
2025-04-10T23:14:32.719790+00:00, 616, 80
2025-04-10T23:14:33.022182+00:00, 505, 82
2025-04-10T23:14:33.328061+00:00, 512, 82
2025-04-10T23:14:33.637232+00:00, 509, 67
2025-04-10T23:14:33.944901+00:00, 506, 90
2025-04-10T23:14:34.250672+00:00, 511, 95
2025-04-10T23:14:34.557306+00:00, 501, 60
2025-04-10T23:14:34.854968+00:00, 503, 88
2025-04-10T23:14:35.172315+00:00, 502, 105
2025-04-10T23:14:35.466408+00:00, 508, 76
2025-04-10T23:14:35.774487+00:00, 504, 108
2025-04-10T23:14:36.076213+00:00, 516, 74
2025-04-10T23:14:36.380784+00:00, 514, 91
2025-04-10T23:14:36.693382+00:00, 515, 74
2025-04-10T23:14:36.996220+00:00, 605, 126
2025-04-10T23:14:37.295849+00:00, 603, 81
2025-04-10T23:14:37.599976+00:00, 610, 54
2025-04-10T23:14:37.913369+00:00, 608, 104
2025-04-10T23:14:38.222334+00:00, 604, 112
2025-04-10T23:14:38.525632+00:00, 611, 86
2025-04-10T23:14:38.827840+00:00, 606, 95
2025-04-10T23:14:39.135504+00:00, 613, 99
2025-04-10T23:14:39.443257+00:00, 602, 100
2025-04-10T23:14:39.750525+00:00, 601, 112
2025-04-10T23:14:40.047341+00:00, 607, 75
2025-04-10T23:14:40.359114+00:00, 616, 80
2025-04-10T23:14:40.657723+00:00, 505, 78
2025-04-10T23:14:40.960462+00:00, 512, 90
2025-04-10T23:14:41.273500+00:00, 506, 92
2025-04-10T23:14:41.582175+00:00, 511, 96
2025-04-10T23:14:41.890030+00:00, 501, 62
2025-04-10T23:14:42.185594+00:00, 503, 91
2025-04-10T23:14:42.502726+00:00, 502, 108
2025-04-10T23:14:42.800366+00:00, 508, 66
2025-04-10T23:14:43.108793+00:00, 504, 108
2025-04-10T23:14:43.418487+00:00, 516, 84
2025-04-10T23:14:43.724850+00:00, 514, 93
2025-04-10T23:14:44.028480+00:00, 515, 85
2025-04-10T23:14:44.339422+00:00, 605, 126
2025-04-10T23:14:44.643029+00:00, 603, 80
2025-04-10T23:14:44.943406+00:00, 610, 55
2025-04-10T23:14:45.255593+00:00, 608, 106
2025-04-10T23:14:45.561566+00:00, 604, 110
2025-04-10T23:14:45.864069+00:00, 611, 88
2025-04-10T23:14:46.164040+00:00, 606, 95
2025-04-10T23:14:46.469870+00:00, 613, 101
2025-04-10T23:14:46.783759+00:00, 602, 100
2025-04-10T23:14:47.079479+00:00, 601, 116
2025-04-10T23:14:47.390734+00:00, 607, 76
2025-04-10T23:14:47.691329+00:00, 616, 79
2025-04-10T23:14:47.997221+00:00, 505, 75
2025-04-10T23:14:48.307643+00:00, 512, 96
2025-04-10T23:14:48.612743+00:00, 509, 71
2025-04-10T23:14:48.912214+00:00, 506, 93
2025-04-10T23:14:49.223537+00:00, 511, 99
2025-04-10T23:14:49.527727+00:00, 501, 59
2025-04-10T23:14:49.833286+00:00, 503, 91
2025-04-10T23:14:50.137289+00:00, 502, 108
2025-04-10T23:14:50.442102+00:00, 508, 74
2025-04-10T23:14:50.745708+00:00, 504, 108
2025-04-10T23:14:51.059141+00:00, 516, 75
2025-04-10T23:14:51.367672+00:00, 514, 92
2025-04-10T23:14:51.663085+00:00, 515, 82
2025-04-10T23:14:51.964034+00:00, 605, 123
2025-04-10T23:14:52.267812+00:00, 603, 79
2025-04-10T23:14:52.582940+00:00, 610, 57
2025-04-10T23:14:52.889565+00:00, 608, 107
2025-04-10T23:14:53.189872+00:00, 604, 109
2025-04-10T23:14:53.498779+00:00, 611, 88
2025-04-10T23:14:53.798544+00:00, 606, 95
2025-04-10T23:14:54.103353+00:00, 613, 100
2025-04-10T23:14:54.413156+00:00, 602, 106
2025-04-10T23:14:54.722523+00:00, 601, 114
2025-04-10T23:14:55.022464+00:00, 607, 75
2025-04-10T23:14:55.336239+00:00, 616, 80
2025-04-10T23:14:55.636680+00:00, 505, 92
2025-04-10T23:14:55.943487+00:00, 512, 94
2025-04-10T23:14:56.250058+00:00, 509, 69
2025-04-10T23:14:56.548711+00:00, 506, 92
2025-04-10T23:14:56.854158+00:00, 511, 101
2025-04-10T23:14:57.160418+00:00, 501, 60
2025-04-10T23:14:57.473050+00:00, 503, 91
2025-04-10T23:14:57.774540+00:00, 502, 108
2025-04-10T23:14:58.073220+00:00, 508, 76
2025-04-10T23:14:58.378828+00:00, 504, 108
2025-04-10T23:14:58.688952+00:00, 516, 75
2025-04-10T23:14:58.997224+00:00, 514, 97
2025-04-10T23:14:59.298118+00:00, 515, 76
2025-04-10T23:14:59.609147+00:00, 605, 125
2025-04-10T23:14:59.914193+00:00, 603, 80
2025-04-10T23:15:00.224516+00:00, 610, 57
2025-04-10T23:15:00.549125+00:00, 608, 104
2025-04-10T23:15:00.845064+00:00, 604, 112
2025-04-10T23:15:01.144954+00:00, 611, 90
2025-04-10T23:15:01.451269+00:00, 606, 96
2025-04-10T23:15:01.746932+00:00, 613, 105
2025-04-10T23:15:02.051565+00:00, 602, 102
2025-04-10T23:15:02.362392+00:00, 601, 115
2025-04-10T23:15:02.666923+00:00, 607, 75
2025-04-10T23:15:02.971045+00:00, 616, 80
2025-04-10T23:15:03.279372+00:00, 505, 75
2025-04-10T23:15:03.580359+00:00, 512, 91
2025-04-10T23:15:03.881851+00:00, 509, 67
2025-04-10T23:15:04.187918+00:00, 506, 89
2025-04-10T23:15:04.500513+00:00, 511, 96
2025-04-10T23:15:04.796752+00:00, 501, 60
2025-04-10T23:15:05.106487+00:00, 503, 91
2025-04-10T23:15:05.408176+00:00, 502, 107
2025-04-10T23:15:05.719055+00:00, 508, 75
2025-04-10T23:15:06.030715+00:00, 504, 108
2025-04-10T23:15:06.333557+00:00, 516, 75
2025-04-10T23:15:06.633582+00:00, 514, 95
2025-04-10T23:15:06.939180+00:00, 515, 79
2025-04-10T23:15:07.239089+00:00, 605, 123
2025-04-10T23:15:07.544580+00:00, 603, 81
2025-04-10T23:15:07.856127+00:00, 610, 56
2025-04-10T23:15:08.163032+00:00, 608, 105
2025-04-10T23:15:08.471180+00:00, 604, 116
2025-04-10T23:15:08.774533+00:00, 611, 93
2025-04-10T23:15:09.080642+00:00, 606, 96
2025-04-10T23:15:09.384089+00:00, 613, 102
2025-04-10T23:15:09.689793+00:00, 602, 101
2025-04-10T23:15:09.999675+00:00, 601, 114
2025-04-10T23:15:10.307725+00:00, 607, 76
2025-04-10T23:15:10.616868+00:00, 616, 79
2025-04-10T23:15:10.925216+00:00, 505, 78
2025-04-10T23:15:11.231607+00:00, 512, 88
2025-04-10T23:15:11.540440+00:00, 509, 68
2025-04-10T23:15:11.854431+00:00, 506, 88
2025-04-10T23:15:12.146263+00:00, 511, 99
2025-04-10T23:15:12.463939+00:00, 501, 61
2025-04-10T23:15:12.761037+00:00, 503, 91
2025-04-10T23:15:13.066953+00:00, 502, 106
2025-04-10T23:15:13.377109+00:00, 508, 66
2025-04-10T23:15:13.684054+00:00, 504, 113
2025-04-10T23:15:13.994577+00:00, 516, 78
2025-04-10T23:15:14.292738+00:00, 514, 98
2025-04-10T23:15:14.599703+00:00, 515, 78
2025-04-10T23:15:14.897614+00:00, 605, 128
2025-04-10T23:15:15.205046+00:00, 603, 81
2025-04-10T23:15:15.516601+00:00, 610, 57
2025-04-10T23:15:15.825337+00:00, 608, 108
2025-04-10T23:15:16.132573+00:00, 604, 120
2025-04-10T23:15:16.443334+00:00, 611, 92
2025-04-10T23:15:16.751338+00:00, 606, 95
2025-04-10T23:15:17.054746+00:00, 602, 101
2025-04-10T23:15:17.355705+00:00, 601, 113
2025-04-10T23:15:17.658432+00:00, 607, 75
2025-04-10T23:15:17.967188+00:00, 616, 81
2025-04-10T23:15:18.270582+00:00, 505, 73
2025-04-10T23:15:18.582603+00:00, 512, 70
2025-04-10T23:15:18.886887+00:00, 509, 68
2025-04-10T23:15:19.197258+00:00, 506, 82
2025-04-10T23:15:19.501029+00:00, 511, 104
2025-04-10T23:15:19.813114+00:00, 501, 62
2025-04-10T23:15:20.116222+00:00, 503, 91
2025-04-10T23:15:20.424707+00:00, 502, 106
2025-04-10T23:15:20.726388+00:00, 508, 74
2025-04-10T23:15:21.032662+00:00, 504, 107
2025-04-10T23:15:21.347910+00:00, 516, 99
2025-04-10T23:15:21.651539+00:00, 514, 97
2025-04-10T23:15:21.953737+00:00, 515, 76
2025-04-10T23:15:22.254062+00:00, 605, 126
2025-04-10T23:15:22.567475+00:00, 603, 80
2025-04-10T23:15:22.894798+00:00, 610, 56
2025-04-10T23:15:23.169482+00:00, 608, 105
2025-04-10T23:15:23.481910+00:00, 611, 91
2025-04-10T23:15:23.781217+00:00, 606, 96
2025-04-10T23:15:24.086375+00:00, 613, 105
2025-04-10T23:15:24.392594+00:00, 602, 103
2025-04-10T23:15:24.697482+00:00, 601, 115
2025-04-10T23:15:25.004802+00:00, 607, 75
2025-04-10T23:15:25.313327+00:00, 616, 80
2025-04-10T23:15:25.620823+00:00, 505, 73
2025-04-10T23:15:25.926400+00:00, 512, 97
2025-04-10T23:15:26.224381+00:00, 509, 67
2025-04-10T23:15:26.532284+00:00, 506, 84
2025-04-10T23:15:26.843084+00:00, 511, 96
2025-04-10T23:15:27.148740+00:00, 501, 60
2025-04-10T23:15:27.460060+00:00, 503, 93
2025-04-10T23:15:27.766161+00:00, 502, 106
2025-04-10T23:15:28.069283+00:00, 508, 72
2025-04-10T23:15:28.374331+00:00, 504, 108
2025-04-10T23:15:28.685012+00:00, 514, 92
2025-04-10T23:15:28.985598+00:00, 515, 75
2025-04-10T23:15:29.292066+00:00, 605, 124
2025-04-10T23:15:29.594725+00:00, 603, 81
2025-04-10T23:15:29.898034+00:00, 610, 56
2025-04-10T23:15:30.208955+00:00, 608, 107
2025-04-10T23:15:30.519503+00:00, 604, 114
2025-04-10T23:15:30.826348+00:00, 611, 83
2025-04-10T23:15:31.130227+00:00, 606, 95
2025-04-10T23:15:31.439291+00:00, 613, 116
