2025-04-11T02:14:27.590171+00:00, 613, 117
2025-04-11T02:14:27.592800+00:00, 602, 85
2025-04-11T02:14:27.595018+00:00, 601, 114
2025-04-11T02:14:27.596673+00:00, 607, 81
2025-04-11T02:14:27.598088+00:00, 616, 85
2025-04-11T02:14:27.599438+00:00, 505, 76
2025-04-11T02:14:27.601300+00:00, 512, 95
2025-04-11T02:14:27.603261+00:00, 510, 79
2025-04-11T02:14:27.604935+00:00, 509, 90
2025-04-11T02:14:27.606186+00:00, 506, 86
2025-04-11T02:14:27.607836+00:00, 511, 97
2025-04-11T02:14:27.609808+00:00, 501, 59
2025-04-11T02:14:27.611562+00:00, 503, 93
2025-04-11T02:14:27.613569+00:00, 502, 104
2025-04-11T02:14:27.615135+00:00, 508, 70
2025-04-11T02:14:27.616356+00:00, 504, 106
2025-04-11T02:14:27.617598+00:00, 516, 66
2025-04-11T02:14:27.619338+00:00, 514, 93
2025-04-11T02:14:27.620789+00:00, 605, 124
2025-04-11T02:14:27.621981+00:00, 603, 84
2025-04-11T02:14:27.623011+00:00, 610, 56
2025-04-11T02:14:27.624433+00:00, 608, 112
2025-04-11T02:14:27.626184+00:00, 604, 124
2025-04-11T02:14:27.627439+00:00, 611, 73
2025-04-11T02:14:27.628703+00:00, 606, 91
2025-04-11T02:14:27.629665+00:00, 613, 113
2025-04-11T02:14:27.630654+00:00, 602, 93
2025-04-11T02:14:27.631565+00:00, 601, 113
2025-04-11T02:14:27.632460+00:00, 607, 81
2025-04-11T02:14:27.633307+00:00, 616, 85
2025-04-11T02:14:27.634654+00:00, 505, 76
2025-04-11T02:14:27.635594+00:00, 512, 97
2025-04-11T02:14:27.636411+00:00, 510, 72
2025-04-11T02:14:27.637302+00:00, 509, 78
2025-04-11T02:14:27.638193+00:00, 506, 85
2025-04-11T02:14:27.639055+00:00, 511, 81
2025-04-11T02:14:27.639835+00:00, 501, 60
2025-04-11T02:14:27.640847+00:00, 503, 92
2025-04-11T02:14:27.641696+00:00, 502, 104
2025-04-11T02:14:27.642672+00:00, 508, 73
2025-04-11T02:14:27.644110+00:00, 504, 106
2025-04-11T02:14:27.645113+00:00, 516, 67
2025-04-11T02:14:27.646317+00:00, 514, 98
2025-04-11T02:14:27.647569+00:00, 605, 126
2025-04-11T02:14:27.648703+00:00, 603, 85
2025-04-11T02:14:27.649717+00:00, 610, 54
2025-04-11T02:14:27.651168+00:00, 608, 109
2025-04-11T02:14:27.652414+00:00, 604, 118
2025-04-11T02:14:27.653249+00:00, 611, 78
2025-04-11T02:14:27.654123+00:00, 606, 90
2025-04-11T02:14:27.655102+00:00, 613, 116
2025-04-11T02:14:27.656417+00:00, 602, 86
2025-04-11T02:14:27.657304+00:00, 601, 113
2025-04-11T02:14:27.658165+00:00, 607, 82
2025-04-11T02:14:27.659278+00:00, 616, 85
2025-04-11T02:14:27.660303+00:00, 505, 79
2025-04-11T02:14:27.661449+00:00, 512, 98
2025-04-11T02:14:27.662372+00:00, 510, 77
2025-04-11T02:14:27.663298+00:00, 509, 76
2025-04-11T02:14:27.664202+00:00, 506, 92
2025-04-11T02:14:27.665028+00:00, 511, 97
2025-04-11T02:14:27.665912+00:00, 501, 58
2025-04-11T02:14:27.666996+00:00, 503, 93
2025-04-11T02:14:27.668189+00:00, 502, 104
2025-04-11T02:14:27.669092+00:00, 508, 69
2025-04-11T02:14:27.669851+00:00, 504, 106
2025-04-11T02:14:27.670834+00:00, 516, 68
2025-04-11T02:14:27.671812+00:00, 514, 99
2025-04-11T02:14:27.672703+00:00, 605, 127
2025-04-11T02:14:27.673469+00:00, 603, 87
2025-04-11T02:14:27.674290+00:00, 610, 57
2025-04-11T02:14:27.675143+00:00, 608, 107
2025-04-11T02:14:27.676358+00:00, 604, 122
2025-04-11T02:14:27.677206+00:00, 611, 87
2025-04-11T02:14:27.677997+00:00, 606, 91
2025-04-11T02:14:27.679358+00:00, 613, 118
2025-04-11T02:14:27.680268+00:00, 602, 91
2025-04-11T02:14:27.681202+00:00, 601, 113
2025-04-11T02:14:27.681993+00:00, 607, 81
2025-04-11T02:14:27.682784+00:00, 616, 85
2025-04-11T02:14:27.683951+00:00, 505, 77
2025-04-11T02:14:27.684951+00:00, 512, 95
2025-04-11T02:14:27.685923+00:00, 509, 83
2025-04-11T02:14:27.686788+00:00, 506, 94
2025-04-11T02:14:27.687891+00:00, 511, 99
2025-04-11T02:14:27.689066+00:00, 501, 57
2025-04-11T02:14:27.690013+00:00, 503, 95
2025-04-11T02:14:27.690945+00:00, 502, 104
2025-04-11T02:14:27.692204+00:00, 508, 71
2025-04-11T02:14:27.693530+00:00, 504, 105
2025-04-11T02:14:27.694410+00:00, 516, 71
2025-04-11T02:14:27.695258+00:00, 514, 103
2025-04-11T02:14:27.696377+00:00, 605, 121
2025-04-11T02:14:27.697388+00:00, 603, 86
2025-04-11T02:14:27.698293+00:00, 610, 56
2025-04-11T02:14:27.699115+00:00, 608, 103
2025-04-11T02:14:27.699957+00:00, 604, 122
2025-04-11T02:14:27.700847+00:00, 611, 76
2025-04-11T02:14:27.702108+00:00, 606, 90
2025-04-11T02:14:27.703013+00:00, 613, 117
2025-04-11T02:14:27.703842+00:00, 602, 92
2025-04-11T02:14:27.704751+00:00, 601, 113
2025-04-11T02:14:27.705874+00:00, 607, 82
2025-04-11T02:14:27.707364+00:00, 616, 84
2025-04-11T02:14:27.708611+00:00, 505, 75
2025-04-11T02:14:27.709774+00:00, 512, 96
2025-04-11T02:14:27.710882+00:00, 509, 74
2025-04-11T02:14:27.711907+00:00, 506, 94
2025-04-11T02:14:27.713273+00:00, 511, 94
2025-04-11T02:14:27.714741+00:00, 501, 59
2025-04-11T02:14:27.715963+00:00, 503, 93
2025-04-11T02:14:27.717256+00:00, 502, 104
2025-04-11T02:14:27.718641+00:00, 508, 67
2025-04-11T02:14:27.719662+00:00, 504, 105
2025-04-11T02:14:27.720857+00:00, 516, 67
2025-04-11T02:14:27.722080+00:00, 514, 96
2025-04-11T02:14:27.723268+00:00, 605, 123
2025-04-11T02:14:27.724437+00:00, 603, 87
2025-04-11T02:14:27.725953+00:00, 610, 55
2025-04-11T02:14:27.727383+00:00, 608, 102
2025-04-11T02:14:27.728387+00:00, 604, 121
2025-04-11T02:14:27.729726+00:00, 611, 78
2025-04-11T02:14:27.731139+00:00, 606, 90
2025-04-11T02:14:27.732412+00:00, 613, 118
2025-04-11T02:14:27.733696+00:00, 602, 93
2025-04-11T02:14:27.735112+00:00, 601, 113
2025-04-11T02:14:27.982745+00:00, 607, 83
2025-04-11T02:14:28.283664+00:00, 616, 85
2025-04-11T02:14:28.592715+00:00, 505, 75
2025-04-11T02:14:28.912204+00:00, 512, 95
2025-04-11T02:14:29.221266+00:00, 509, 78
2025-04-11T02:14:29.532882+00:00, 506, 94
2025-04-11T02:14:29.837547+00:00, 511, 96
2025-04-11T02:14:30.143360+00:00, 501, 60
2025-04-11T02:14:30.461363+00:00, 503, 92
2025-04-11T02:14:30.762204+00:00, 502, 104
2025-04-11T02:14:31.067224+00:00, 508, 74
2025-04-11T02:14:31.376712+00:00, 504, 105
2025-04-11T02:14:31.695833+00:00, 516, 67
2025-04-11T02:14:32.000194+00:00, 514, 93
2025-04-11T02:14:32.308971+00:00, 605, 124
2025-04-11T02:14:32.608838+00:00, 603, 86
2025-04-11T02:14:32.913692+00:00, 610, 55
2025-04-11T02:14:33.207949+00:00, 608, 104
2025-04-11T02:14:33.518671+00:00, 604, 117
2025-04-11T02:14:33.831649+00:00, 611, 88
2025-04-11T02:14:34.138628+00:00, 606, 90
2025-04-11T02:14:34.450213+00:00, 613, 119
2025-04-11T02:14:34.743312+00:00, 602, 71
2025-04-11T02:14:35.055984+00:00, 601, 112
2025-04-11T02:14:35.372471+00:00, 607, 82
2025-04-11T02:14:35.676791+00:00, 616, 84
2025-04-11T02:14:35.985574+00:00, 505, 77
2025-04-11T02:14:36.294559+00:00, 512, 98
2025-04-11T02:14:36.600367+00:00, 509, 69
2025-04-11T02:14:36.903447+00:00, 506, 96
2025-04-11T02:14:37.215594+00:00, 511, 97
2025-04-11T02:14:37.518852+00:00, 501, 59
2025-04-11T02:14:37.828960+00:00, 503, 92
2025-04-11T02:14:38.136640+00:00, 502, 103
2025-04-11T02:14:38.444919+00:00, 508, 71
2025-04-11T02:14:38.753677+00:00, 504, 105
2025-04-11T02:14:39.063977+00:00, 516, 69
2025-04-11T02:14:39.373191+00:00, 514, 93
2025-04-11T02:14:39.677140+00:00, 605, 124
2025-04-11T02:14:39.994615+00:00, 603, 87
2025-04-11T02:14:40.297284+00:00, 610, 54
2025-04-11T02:14:40.609651+00:00, 608, 99
2025-04-11T02:14:40.905410+00:00, 604, 117
2025-04-11T02:14:41.213113+00:00, 611, 71
2025-04-11T02:14:41.519929+00:00, 606, 90
2025-04-11T02:14:41.823609+00:00, 613, 119
2025-04-11T02:14:42.129669+00:00, 602, 69
2025-04-11T02:14:42.429233+00:00, 601, 114
2025-04-11T02:14:42.741055+00:00, 607, 82
2025-04-11T02:14:43.058832+00:00, 616, 83
2025-04-11T02:14:43.366189+00:00, 505, 76
2025-04-11T02:14:43.670065+00:00, 512, 95
2025-04-11T02:14:43.978831+00:00, 509, 71
2025-04-11T02:14:44.285283+00:00, 506, 98
2025-04-11T02:14:44.594021+00:00, 511, 99
2025-04-11T02:14:44.915779+00:00, 501, 59
2025-04-11T02:14:45.223302+00:00, 503, 92
2025-04-11T02:14:45.540866+00:00, 502, 103
2025-04-11T02:14:45.859326+00:00, 508, 67
2025-04-11T02:14:46.163092+00:00, 504, 104
2025-04-11T02:14:46.467527+00:00, 516, 68
2025-04-11T02:14:46.776672+00:00, 514, 98
2025-04-11T02:14:47.090025+00:00, 605, 123
2025-04-11T02:14:47.393692+00:00, 603, 86
2025-04-11T02:14:47.701771+00:00, 610, 55
2025-04-11T02:14:48.002203+00:00, 608, 101
2025-04-11T02:14:48.303409+00:00, 604, 116
2025-04-11T02:14:48.619720+00:00, 611, 81
2025-04-11T02:14:48.934043+00:00, 606, 89
2025-04-11T02:14:49.263610+00:00, 613, 115
2025-04-11T02:14:49.552504+00:00, 602, 101
2025-04-11T02:14:49.855596+00:00, 601, 113
2025-04-11T02:14:50.166074+00:00, 607, 81
2025-04-11T02:14:50.486963+00:00, 616, 84
2025-04-11T02:14:50.794890+00:00, 505, 80
2025-04-11T02:14:51.103994+00:00, 512, 93
2025-04-11T02:14:51.413377+00:00, 509, 73
2025-04-11T02:14:51.726963+00:00, 506, 96
2025-04-11T02:14:52.031816+00:00, 511, 97
2025-04-11T02:14:52.340120+00:00, 501, 60
2025-04-11T02:14:52.645659+00:00, 503, 92
2025-04-11T02:14:52.957062+00:00, 502, 104
2025-04-11T02:14:53.263013+00:00, 508, 67
2025-04-11T02:14:53.560499+00:00, 504, 104
2025-04-11T02:14:53.862176+00:00, 516, 67
2025-04-11T02:14:54.167175+00:00, 514, 99
2025-04-11T02:14:54.482771+00:00, 605, 122
2025-04-11T02:14:54.781973+00:00, 603, 86
2025-04-11T02:14:55.091267+00:00, 610, 55
2025-04-11T02:14:55.396288+00:00, 608, 105
2025-04-11T02:14:55.705540+00:00, 604, 115
2025-04-11T02:14:56.010152+00:00, 611, 87
2025-04-11T02:14:56.323555+00:00, 606, 90
2025-04-11T02:14:56.635604+00:00, 613, 115
2025-04-11T02:14:56.941756+00:00, 602, 95
2025-04-11T02:14:57.246433+00:00, 601, 114
2025-04-11T02:14:57.558529+00:00, 607, 80
2025-04-11T02:14:57.874171+00:00, 616, 84
2025-04-11T02:14:58.176190+00:00, 505, 81
2025-04-11T02:14:58.476459+00:00, 512, 93
2025-04-11T02:14:58.792113+00:00, 509, 72
2025-04-11T02:14:59.092851+00:00, 506, 99
2025-04-11T02:14:59.402779+00:00, 511, 102
2025-04-11T02:14:59.713229+00:00, 501, 59
2025-04-11T02:15:00.022500+00:00, 503, 92
2025-04-11T02:15:00.332370+00:00, 502, 103
2025-04-11T02:15:00.644343+00:00, 508, 70
2025-04-11T02:15:00.948967+00:00, 504, 105
2025-04-11T02:15:01.259709+00:00, 516, 79
2025-04-11T02:15:01.568384+00:00, 514, 95
2025-04-11T02:15:01.877265+00:00, 605, 126
2025-04-11T02:15:02.191552+00:00, 603, 86
2025-04-11T02:15:02.492675+00:00, 610, 56
2025-04-11T02:15:02.798509+00:00, 608, 102
2025-04-11T02:15:03.108452+00:00, 604, 115
2025-04-11T02:15:03.416593+00:00, 606, 91
2025-04-11T02:15:03.719077+00:00, 613, 120
2025-04-11T02:15:04.021709+00:00, 602, 96
2025-04-11T02:15:04.326440+00:00, 601, 113
2025-04-11T02:15:04.626847+00:00, 607, 80
2025-04-11T02:15:04.932552+00:00, 616, 84
2025-04-11T02:15:05.256728+00:00, 505, 79
2025-04-11T02:15:05.552755+00:00, 512, 93
2025-04-11T02:15:05.860377+00:00, 509, 72
2025-04-11T02:15:06.161110+00:00, 506, 96
2025-04-11T02:15:06.472216+00:00, 511, 93
2025-04-11T02:15:06.788714+00:00, 501, 59
2025-04-11T02:15:07.093370+00:00, 503, 92
2025-04-11T02:15:07.407739+00:00, 502, 103
2025-04-11T02:15:07.714846+00:00, 508, 72
2025-04-11T02:15:08.025033+00:00, 504, 105
2025-04-11T02:15:08.327148+00:00, 516, 66
2025-04-11T02:15:08.649144+00:00, 514, 101
2025-04-11T02:15:08.951009+00:00, 605, 129
2025-04-11T02:15:09.264102+00:00, 603, 86
2025-04-11T02:15:09.577099+00:00, 610, 56
2025-04-11T02:15:09.879857+00:00, 608, 100
2025-04-11T02:15:10.181554+00:00, 604, 115
2025-04-11T02:15:10.496156+00:00, 606, 92
2025-04-11T02:15:10.805550+00:00, 613, 124
2025-04-11T02:15:11.118245+00:00, 602, 87
2025-04-11T02:15:11.419397+00:00, 601, 115
2025-04-11T02:15:11.744757+00:00, 607, 81
2025-04-11T02:15:12.029376+00:00, 616, 83
2025-04-11T02:15:12.342623+00:00, 505, 82
2025-04-11T02:15:12.658185+00:00, 512, 89
2025-04-11T02:15:12.961969+00:00, 509, 71
2025-04-11T02:15:13.272436+00:00, 506, 98
2025-04-11T02:15:13.581336+00:00, 511, 93
2025-04-11T02:15:13.895032+00:00, 501, 59
2025-04-11T02:15:14.198517+00:00, 503, 91
2025-04-11T02:15:14.504884+00:00, 502, 104
2025-04-11T02:15:14.805459+00:00, 508, 77
2025-04-11T02:15:15.117700+00:00, 504, 104
2025-04-11T02:15:15.421370+00:00, 514, 98
2025-04-11T02:15:15.732064+00:00, 605, 123
2025-04-11T02:15:16.049108+00:00, 603, 87
2025-04-11T02:15:16.361057+00:00, 610, 56
2025-04-11T02:15:16.667762+00:00, 608, 103
2025-04-11T02:15:16.986508+00:00, 604, 115
2025-04-11T02:15:17.294015+00:00, 606, 93
2025-04-11T02:15:17.606063+00:00, 613, 124
2025-04-11T02:15:17.905196+00:00, 602, 83
2025-04-11T02:15:18.219132+00:00, 601, 114
2025-04-11T02:15:18.528801+00:00, 607, 81
2025-04-11T02:15:18.837904+00:00, 616, 83
2025-04-11T02:15:19.143104+00:00, 505, 78
2025-04-11T02:15:19.449875+00:00, 512, 94
2025-04-11T02:15:19.749612+00:00, 509, 73
2025-04-11T02:15:20.050745+00:00, 506, 101
2025-04-11T02:15:20.360571+00:00, 511, 96
2025-04-11T02:15:20.671887+00:00, 501, 60
2025-04-11T02:15:20.991278+00:00, 503, 90
2025-04-11T02:15:21.293093+00:00, 502, 105
2025-04-11T02:15:21.600848+00:00, 508, 69
2025-04-11T02:15:21.911570+00:00, 504, 104
2025-04-11T02:15:22.209183+00:00, 514, 98
2025-04-11T02:15:22.522616+00:00, 605, 122
2025-04-11T02:15:22.833091+00:00, 603, 87
2025-04-11T02:15:23.135795+00:00, 610, 54
2025-04-11T02:15:23.441316+00:00, 608, 100
2025-04-11T02:15:23.746375+00:00, 604, 113
2025-04-11T02:15:24.049785+00:00, 606, 93
2025-04-11T02:15:24.360201+00:00, 613, 125
2025-04-11T02:15:24.657600+00:00, 602, 94
2025-04-11T02:15:24.970895+00:00, 601, 114
2025-04-11T02:15:25.276867+00:00, 607, 82
2025-04-11T02:15:25.581230+00:00, 616, 83
2025-04-11T02:15:25.900578+00:00, 505, 81
2025-04-11T02:15:26.213508+00:00, 512, 95
2025-04-11T02:15:26.518143+00:00, 509, 71
2025-04-11T02:15:26.830012+00:00, 506, 101
2025-04-11T02:15:27.132453+00:00, 511, 95
2025-04-11T02:15:27.451347+00:00, 501, 59
2025-04-11T02:15:27.754226+00:00, 503, 91
2025-04-11T02:15:28.056771+00:00, 502, 104
2025-04-11T02:15:28.357997+00:00, 508, 69
2025-04-11T02:15:28.669403+00:00, 504, 105
2025-04-11T02:15:28.980570+00:00, 516, 70
2025-04-11T02:15:29.290013+00:00, 514, 100
2025-04-11T02:15:29.598975+00:00, 515, 78
2025-04-11T02:15:29.904954+00:00, 605, 122
2025-04-11T02:15:30.211154+00:00, 603, 85
2025-04-11T02:15:30.513705+00:00, 610, 56
2025-04-11T02:15:30.827378+00:00, 608, 100
2025-04-11T02:15:31.144015+00:00, 604, 113
2025-04-11T02:15:31.448887+00:00, 606, 93
2025-04-11T02:15:31.758351+00:00, 613, 126
2025-04-11T02:15:32.066173+00:00, 602, 91
2025-04-11T02:15:32.366736+00:00, 601, 114
2025-04-11T02:15:32.673034+00:00, 607, 83
2025-04-11T02:15:32.988150+00:00, 616, 83
2025-04-11T02:15:33.299399+00:00, 505, 76
2025-04-11T02:15:33.601316+00:00, 512, 97
2025-04-11T02:15:33.913906+00:00, 509, 76
2025-04-11T02:15:34.219851+00:00, 506, 97
2025-04-11T02:15:34.522275+00:00, 511, 96
2025-04-11T02:15:34.834131+00:00, 501, 59
2025-04-11T02:15:35.152873+00:00, 503, 90
2025-04-11T02:15:35.457740+00:00, 502, 105
2025-04-11T02:15:35.770636+00:00, 508, 71
2025-04-11T02:15:36.075855+00:00, 504, 105
2025-04-11T02:15:36.391555+00:00, 516, 72
2025-04-11T02:15:36.697855+00:00, 514, 91
2025-04-11T02:15:37.004076+00:00, 515, 77
2025-04-11T02:15:37.310121+00:00, 605, 124
2025-04-11T02:15:37.617043+00:00, 603, 84
2025-04-11T02:15:37.913820+00:00, 610, 56
2025-04-11T02:15:38.225072+00:00, 608, 103
2025-04-11T02:15:38.532806+00:00, 604, 112
2025-04-11T02:15:38.848451+00:00, 611, 85
2025-04-11T02:15:39.156627+00:00, 606, 93
2025-04-11T02:15:39.464399+00:00, 613, 123
2025-04-11T02:15:39.769476+00:00, 602, 87
2025-04-11T02:15:40.086166+00:00, 601, 115
2025-04-11T02:15:40.398208+00:00, 607, 81
2025-04-11T02:15:40.714021+00:00, 616, 82
2025-04-11T02:15:41.016263+00:00, 505, 80
2025-04-11T02:15:41.324544+00:00, 512, 86
2025-04-11T02:15:41.627997+00:00, 509, 74
2025-04-11T02:15:41.939502+00:00, 506, 95
2025-04-11T02:15:42.251632+00:00, 511, 98
2025-04-11T02:15:42.560119+00:00, 501, 60
2025-04-11T02:15:42.867247+00:00, 503, 91
2025-04-11T02:15:43.172600+00:00, 502, 105
2025-04-11T02:15:43.486069+00:00, 508, 73
2025-04-11T02:15:43.793545+00:00, 504, 105
2025-04-11T02:15:44.108758+00:00, 516, 73
2025-04-11T02:15:44.404953+00:00, 514, 93
2025-04-11T02:15:44.713799+00:00, 515, 77
2025-04-11T02:15:45.043630+00:00, 605, 126
2025-04-11T02:15:45.332855+00:00, 603, 85
2025-04-11T02:15:45.633097+00:00, 610, 55
2025-04-11T02:15:45.948575+00:00, 608, 102
2025-04-11T02:15:46.247741+00:00, 604, 107
2025-04-11T02:15:46.558493+00:00, 611, 80
2025-04-11T02:15:46.876507+00:00, 606, 95
2025-04-11T02:15:47.185529+00:00, 613, 115
2025-04-11T02:15:47.495152+00:00, 602, 71
2025-04-11T02:15:47.794814+00:00, 601, 114
2025-04-11T02:15:48.105978+00:00, 607, 82
2025-04-11T02:15:48.412182+00:00, 616, 82
2025-04-11T02:15:48.731595+00:00, 505, 76
2025-04-11T02:15:49.039851+00:00, 512, 92
2025-04-11T02:15:49.345739+00:00, 509, 73
2025-04-11T02:15:49.659902+00:00, 506, 91
2025-04-11T02:15:49.960048+00:00, 511, 94
2025-04-11T02:15:50.270711+00:00, 501, 59
2025-04-11T02:15:50.576172+00:00, 503, 93
2025-04-11T02:15:50.894160+00:00, 502, 105
2025-04-11T02:15:51.204926+00:00, 508, 73
2025-04-11T02:15:51.508739+00:00, 504, 105
2025-04-11T02:15:51.810634+00:00, 516, 73
2025-04-11T02:15:52.112597+00:00, 514, 94
2025-04-11T02:15:52.425583+00:00, 515, 77
2025-04-11T02:15:52.745495+00:00, 605, 126
2025-04-11T02:15:53.043927+00:00, 603, 83
2025-04-11T02:15:53.347419+00:00, 610, 56
2025-04-11T02:15:53.658784+00:00, 608, 103
2025-04-11T02:15:53.972096+00:00, 604, 106
2025-04-11T02:15:54.284604+00:00, 611, 68
2025-04-11T02:15:54.587971+00:00, 606, 93
2025-04-11T02:15:54.894598+00:00, 613, 116
2025-04-11T02:15:55.211407+00:00, 602, 99
2025-04-11T02:15:55.526365+00:00, 601, 114
2025-04-11T02:15:55.841068+00:00, 607, 82
2025-04-11T02:15:56.140987+00:00, 616, 83
2025-04-11T02:15:56.450498+00:00, 505, 78
2025-04-11T02:15:56.753756+00:00, 512, 80
2025-04-11T02:15:57.061680+00:00, 509, 72
2025-04-11T02:15:57.360963+00:00, 506, 88
2025-04-11T02:15:57.673217+00:00, 511, 95
2025-04-11T02:15:57.991387+00:00, 501, 59
2025-04-11T02:15:58.300327+00:00, 503, 93
2025-04-11T02:15:58.606493+00:00, 502, 105
2025-04-11T02:15:58.916923+00:00, 508, 73
2025-04-11T02:15:59.216777+00:00, 504, 104
2025-04-11T02:15:59.526407+00:00, 516, 73
2025-04-11T02:15:59.837445+00:00, 514, 92
2025-04-11T02:16:00.153652+00:00, 515, 82
2025-04-11T02:16:00.461541+00:00, 605, 126
2025-04-11T02:16:00.773520+00:00, 603, 83
2025-04-11T02:16:01.075439+00:00, 610, 55
2025-04-11T02:16:01.394135+00:00, 608, 105
2025-04-11T02:16:01.697488+00:00, 604, 107
2025-04-11T02:16:02.002472+00:00, 611, 76
2025-04-11T02:16:02.310563+00:00, 606, 95
2025-04-11T02:16:02.627725+00:00, 613, 97
2025-04-11T02:16:02.932244+00:00, 602, 98
2025-04-11T02:16:03.237880+00:00, 601, 114
2025-04-11T02:16:03.554900+00:00, 607, 81
2025-04-11T02:16:03.864171+00:00, 616, 82
2025-04-11T02:16:04.172271+00:00, 505, 75
2025-04-11T02:16:04.473900+00:00, 512, 99
2025-04-11T02:16:04.780694+00:00, 509, 72
2025-04-11T02:16:05.097226+00:00, 506, 90
2025-04-11T02:16:05.404879+00:00, 511, 95
2025-04-11T02:16:05.717256+00:00, 501, 60
2025-04-11T02:16:06.028035+00:00, 503, 93
2025-04-11T02:16:06.333781+00:00, 502, 104
2025-04-11T02:16:06.640031+00:00, 508, 77
2025-04-11T02:16:06.951417+00:00, 504, 104
2025-04-11T02:16:07.255722+00:00, 516, 71
2025-04-11T02:16:07.575471+00:00, 514, 91
2025-04-11T02:16:07.879873+00:00, 515, 78
2025-04-11T02:16:08.177901+00:00, 605, 127
2025-04-11T02:16:08.486661+00:00, 603, 84
2025-04-11T02:16:08.801749+00:00, 610, 56
2025-04-11T02:16:09.126950+00:00, 608, 101
2025-04-11T02:16:09.426610+00:00, 604, 108
2025-04-11T02:16:09.726671+00:00, 611, 86
2025-04-11T02:16:10.037606+00:00, 606, 94
2025-04-11T02:16:10.348429+00:00, 613, 108
2025-04-11T02:16:10.659175+00:00, 602, 99
2025-04-11T02:16:10.978686+00:00, 601, 112
2025-04-11T02:16:11.289443+00:00, 607, 81
2025-04-11T02:16:11.596505+00:00, 616, 83
2025-04-11T02:16:11.905731+00:00, 505, 76
2025-04-11T02:16:12.207767+00:00, 512, 96
2025-04-11T02:16:12.523531+00:00, 509, 71
2025-04-11T02:16:12.836322+00:00, 506, 89
2025-04-11T02:16:13.144637+00:00, 511, 96
2025-04-11T02:16:13.451562+00:00, 501, 59
2025-04-11T02:16:13.756149+00:00, 503, 91
2025-04-11T02:16:14.059823+00:00, 502, 104
2025-04-11T02:16:14.372348+00:00, 508, 77
2025-04-11T02:16:14.679261+00:00, 504, 105
2025-04-11T02:16:14.990530+00:00, 516, 71
2025-04-11T02:16:15.302018+00:00, 514, 91
2025-04-11T02:16:15.610212+00:00, 515, 93
2025-04-11T02:16:15.922105+00:00, 605, 125
2025-04-11T02:16:16.233021+00:00, 603, 82
2025-04-11T02:16:16.535779+00:00, 610, 55
2025-04-11T02:16:16.841813+00:00, 608, 101
2025-04-11T02:16:17.145245+00:00, 604, 113
2025-04-11T02:16:17.452683+00:00, 611, 76
2025-04-11T02:16:17.768022+00:00, 606, 96
2025-04-11T02:16:18.065803+00:00, 613, 106
2025-04-11T02:16:18.362711+00:00, 602, 91
2025-04-11T02:16:18.672011+00:00, 601, 113
2025-04-11T02:16:18.982204+00:00, 607, 79
2025-04-11T02:16:19.301403+00:00, 616, 81
2025-04-11T02:16:19.607954+00:00, 505, 76
2025-04-11T02:16:19.918936+00:00, 512, 93
2025-04-11T02:16:20.213938+00:00, 509, 69
2025-04-11T02:16:20.525155+00:00, 506, 88
2025-04-11T02:16:20.839088+00:00, 511, 97
2025-04-11T02:16:21.147858+00:00, 501, 70
2025-04-11T02:16:21.460041+00:00, 503, 96
2025-04-11T02:16:21.778300+00:00, 502, 105
2025-04-11T02:16:22.086428+00:00, 508, 74
2025-04-11T02:16:22.390591+00:00, 504, 105
2025-04-11T02:16:22.696198+00:00, 516, 72
2025-04-11T02:16:23.008429+00:00, 514, 91
2025-04-11T02:16:23.320633+00:00, 515, 86
2025-04-11T02:16:23.623901+00:00, 605, 127
2025-04-11T02:16:23.925505+00:00, 603, 81
2025-04-11T02:16:24.225340+00:00, 610, 57
2025-04-11T02:16:24.536391+00:00, 608, 101
2025-04-11T02:16:24.846602+00:00, 604, 112
2025-04-11T02:16:25.153310+00:00, 611, 89
2025-04-11T02:16:25.461763+00:00, 606, 95
2025-04-11T02:16:25.767742+00:00, 613, 104
2025-04-11T02:16:26.080081+00:00, 602, 95
2025-04-11T02:16:26.393891+00:00, 601, 113
2025-04-11T02:16:26.701776+00:00, 607, 81
2025-04-11T02:16:27.001589+00:00, 616, 80
2025-04-11T02:16:27.302838+00:00, 505, 80
2025-04-11T02:16:27.619484+00:00, 512, 90
2025-04-11T02:16:27.922690+00:00, 509, 68
2025-04-11T02:16:28.232811+00:00, 506, 89
2025-04-11T02:16:28.534802+00:00, 511, 94
2025-04-11T02:16:28.838456+00:00, 501, 65
2025-04-11T02:16:29.142458+00:00, 503, 92
2025-04-11T02:16:29.458728+00:00, 502, 105
2025-04-11T02:16:29.762613+00:00, 508, 72
2025-04-11T02:16:30.067247+00:00, 504, 104
2025-04-11T02:16:30.376987+00:00, 516, 72
2025-04-11T02:16:30.680560+00:00, 514, 93
2025-04-11T02:16:31.003016+00:00, 515, 82
2025-04-11T02:16:31.310351+00:00, 605, 122
2025-04-11T02:16:31.615101+00:00, 603, 83
2025-04-11T02:16:31.918667+00:00, 610, 56
2025-04-11T02:16:32.226673+00:00, 608, 100
2025-04-11T02:16:32.536576+00:00, 604, 109
2025-04-11T02:16:32.843135+00:00, 611, 92
2025-04-11T02:16:33.152427+00:00, 606, 95
2025-04-11T02:16:33.458462+00:00, 613, 105
2025-04-11T02:16:33.754915+00:00, 602, 94
2025-04-11T02:16:34.060313+00:00, 601, 112
2025-04-11T02:16:34.356219+00:00, 607, 79
2025-04-11T02:16:34.662154+00:00, 616, 79
2025-04-11T02:16:34.974020+00:00, 505, 76
2025-04-11T02:16:35.291134+00:00, 512, 69
2025-04-11T02:16:35.594926+00:00, 509, 69
2025-04-11T02:16:35.898339+00:00, 506, 89
2025-04-11T02:16:36.207900+00:00, 511, 98
2025-04-11T02:16:36.527335+00:00, 501, 62
2025-04-11T02:16:36.829554+00:00, 503, 91
2025-04-11T02:16:37.137986+00:00, 502, 104
2025-04-11T02:16:37.442553+00:00, 508, 80
2025-04-11T02:16:37.747593+00:00, 504, 105
2025-04-11T02:16:38.060839+00:00, 516, 72
2025-04-11T02:16:38.361080+00:00, 514, 96
2025-04-11T02:16:38.674435+00:00, 515, 82
2025-04-11T02:16:38.979080+00:00, 605, 126
2025-04-11T02:16:39.287226+00:00, 603, 82
2025-04-11T02:16:39.596188+00:00, 610, 56
2025-04-11T02:16:39.904432+00:00, 608, 100
2025-04-11T02:16:40.202984+00:00, 604, 114
2025-04-11T02:16:40.512540+00:00, 611, 88
2025-04-11T02:16:40.829424+00:00, 606, 95
2025-04-11T02:16:41.136128+00:00, 613, 109
2025-04-11T02:16:41.453413+00:00, 602, 101
2025-04-11T02:16:41.746523+00:00, 601, 112
2025-04-11T02:16:42.065811+00:00, 607, 78
2025-04-11T02:16:42.368380+00:00, 616, 80
2025-04-11T02:16:42.670201+00:00, 505, 76
2025-04-11T02:16:42.982035+00:00, 512, 77
2025-04-11T02:16:43.294842+00:00, 509, 69
2025-04-11T02:16:43.596589+00:00, 506, 89
2025-04-11T02:16:43.910880+00:00, 511, 97
2025-04-11T02:16:44.215071+00:00, 501, 63
2025-04-11T02:16:44.528174+00:00, 503, 88
2025-04-11T02:16:44.832953+00:00, 502, 106
2025-04-11T02:16:45.151365+00:00, 508, 74
2025-04-11T02:16:45.448093+00:00, 504, 106
2025-04-11T02:16:45.760617+00:00, 516, 74
2025-04-11T02:16:46.076616+00:00, 514, 94
2025-04-11T02:16:46.378273+00:00, 515, 79
2025-04-11T02:16:46.684336+00:00, 605, 126
2025-04-11T02:16:46.989116+00:00, 603, 82
2025-04-11T02:16:47.300335+00:00, 610, 56
2025-04-11T02:16:47.617079+00:00, 608, 99
2025-04-11T02:16:47.929483+00:00, 604, 110
2025-04-11T02:16:48.234996+00:00, 606, 95
2025-04-11T02:16:48.531393+00:00, 613, 121
2025-04-11T02:16:48.841614+00:00, 602, 92
2025-04-11T02:16:49.145519+00:00, 601, 112
2025-04-11T02:16:49.451677+00:00, 607, 77
2025-04-11T02:16:49.756032+00:00, 616, 79
2025-04-11T02:16:50.065311+00:00, 505, 74
2025-04-11T02:16:50.375553+00:00, 512, 91
2025-04-11T02:16:50.673873+00:00, 509, 73
2025-04-11T02:16:50.990518+00:00, 506, 95
2025-04-11T02:16:51.288222+00:00, 511, 85
2025-04-11T02:16:51.609423+00:00, 501, 65
2025-04-11T02:16:51.910280+00:00, 503, 87
2025-04-11T02:16:52.230687+00:00, 502, 105
2025-04-11T02:16:52.530974+00:00, 508, 80
2025-04-11T02:16:52.833132+00:00, 504, 106
2025-04-11T02:16:53.145313+00:00, 516, 73
2025-04-11T02:16:53.453970+00:00, 514, 89
2025-04-11T02:16:53.762778+00:00, 515, 78
2025-04-11T02:16:54.076151+00:00, 605, 128
2025-04-11T02:16:54.374267+00:00, 603, 81
2025-04-11T02:16:54.678011+00:00, 610, 48
2025-04-11T02:16:54.980002+00:00, 608, 97
2025-04-11T02:16:55.295892+00:00, 604, 105
2025-04-11T02:16:55.595886+00:00, 611, 94
2025-04-11T02:16:55.923304+00:00, 606, 95
2025-04-11T02:16:56.232755+00:00, 613, 122
2025-04-11T02:16:56.533935+00:00, 602, 100
2025-04-11T02:16:56.843690+00:00, 601, 112
2025-04-11T02:16:57.161370+00:00, 607, 80
2025-04-11T02:16:57.470535+00:00, 616, 80
2025-04-11T02:16:57.766629+00:00, 505, 74
2025-04-11T02:16:58.082476+00:00, 512, 81
2025-04-11T02:16:58.378729+00:00, 509, 72
2025-04-11T02:16:58.691438+00:00, 506, 94
2025-04-11T02:16:59.001747+00:00, 511, 94
2025-04-11T02:16:59.309278+00:00, 501, 63
2025-04-11T02:16:59.617588+00:00, 503, 89
2025-04-11T02:16:59.917267+00:00, 502, 104
2025-04-11T02:17:00.236007+00:00, 508, 81
2025-04-11T02:17:00.545035+00:00, 504, 106
2025-04-11T02:17:00.853622+00:00, 516, 72
2025-04-11T02:17:01.153881+00:00, 514, 96
2025-04-11T02:17:01.469679+00:00, 515, 76
2025-04-11T02:17:01.787512+00:00, 605, 124
2025-04-11T02:17:02.080721+00:00, 603, 81
2025-04-11T02:17:02.392281+00:00, 610, 56
2025-04-11T02:17:02.720742+00:00, 608, 97
2025-04-11T02:17:03.022090+00:00, 604, 108
2025-04-11T02:17:03.327761+00:00, 611, 93
2025-04-11T02:17:03.628567+00:00, 606, 95
2025-04-11T02:17:03.946633+00:00, 613, 126
2025-04-11T02:17:04.235036+00:00, 602, 103
2025-04-11T02:17:04.545988+00:00, 601, 112
2025-04-11T02:17:04.841975+00:00, 607, 78
2025-04-11T02:17:05.161935+00:00, 616, 80
2025-04-11T02:17:05.468828+00:00, 505, 75
2025-04-11T02:17:05.772407+00:00, 512, 96
2025-04-11T02:17:06.075257+00:00, 509, 74
2025-04-11T02:17:06.384975+00:00, 506, 94
2025-04-11T02:17:06.705144+00:00, 511, 95
2025-04-11T02:17:07.014183+00:00, 501, 61
2025-04-11T02:17:07.325779+00:00, 503, 90
2025-04-11T02:17:07.631197+00:00, 502, 105
2025-04-11T02:17:07.934784+00:00, 508, 72
2025-04-11T02:17:08.244475+00:00, 504, 106
2025-04-11T02:17:08.542222+00:00, 516, 95
2025-04-11T02:17:08.861074+00:00, 514, 89
2025-04-11T02:17:09.159693+00:00, 515, 76
2025-04-11T02:17:09.472157+00:00, 605, 124
2025-04-11T02:17:09.783318+00:00, 603, 81
2025-04-11T02:17:10.097792+00:00, 610, 56
2025-04-11T02:17:10.407566+00:00, 608, 106
2025-04-11T02:17:10.700231+00:00, 604, 111
2025-04-11T02:17:11.021670+00:00, 611, 87
2025-04-11T02:17:11.327319+00:00, 606, 96
2025-04-11T02:17:11.625760+00:00, 613, 123
2025-04-11T02:17:11.934944+00:00, 602, 97
2025-04-11T02:17:12.251406+00:00, 601, 113
2025-04-11T02:17:12.559016+00:00, 607, 77
2025-04-11T02:17:12.864886+00:00, 616, 80
2025-04-11T02:17:13.179323+00:00, 505, 75
2025-04-11T02:17:13.487202+00:00, 512, 85
2025-04-11T02:17:13.785693+00:00, 509, 79
2025-04-11T02:17:14.096494+00:00, 506, 92
2025-04-11T02:17:14.416794+00:00, 511, 95
2025-04-11T02:17:14.717657+00:00, 501, 61
2025-04-11T02:17:15.032910+00:00, 503, 91
2025-04-11T02:17:15.334312+00:00, 502, 102
2025-04-11T02:17:15.642027+00:00, 508, 80
2025-04-11T02:17:15.952196+00:00, 504, 105
2025-04-11T02:17:16.249849+00:00, 516, 67
2025-04-11T02:17:16.566325+00:00, 514, 96
2025-04-11T02:17:16.873650+00:00, 515, 76
2025-04-11T02:17:17.181970+00:00, 605, 128
2025-04-11T02:17:17.496343+00:00, 603, 81
2025-04-11T02:17:17.804074+00:00, 610, 56
2025-04-11T02:17:18.105067+00:00, 608, 101
2025-04-11T02:17:18.411196+00:00, 604, 109
2025-04-11T02:17:18.716839+00:00, 611, 88
2025-04-11T02:17:19.026482+00:00, 606, 95
2025-04-11T02:17:19.337092+00:00, 613, 122
2025-04-11T02:17:19.634263+00:00, 602, 104
2025-04-11T02:17:19.943160+00:00, 601, 111
2025-04-11T02:17:20.258386+00:00, 607, 77
2025-04-11T02:17:20.570255+00:00, 616, 80
2025-04-11T02:17:20.879135+00:00, 505, 74
2025-04-11T02:17:21.178445+00:00, 512, 94
2025-04-11T02:17:21.483846+00:00, 509, 77
2025-04-11T02:17:21.798213+00:00, 506, 92
2025-04-11T02:17:22.104001+00:00, 511, 94
2025-04-11T02:17:22.411524+00:00, 501, 59
2025-04-11T02:17:22.729631+00:00, 503, 94
2025-04-11T02:17:23.044786+00:00, 502, 99
2025-04-11T02:17:23.347126+00:00, 508, 81
2025-04-11T02:17:23.651284+00:00, 504, 106
2025-04-11T02:17:23.959299+00:00, 516, 68
2025-04-11T02:17:24.269127+00:00, 514, 95
2025-04-11T02:17:24.575477+00:00, 515, 76
2025-04-11T02:17:24.886007+00:00, 605, 124
2025-04-11T02:17:25.200975+00:00, 603, 80
2025-04-11T02:17:25.510238+00:00, 610, 56
2025-04-11T02:17:25.813513+00:00, 608, 101
2025-04-11T02:17:26.150188+00:00, 604, 109
2025-04-11T02:17:26.430190+00:00, 611, 84
2025-04-11T02:17:26.738589+00:00, 606, 95
2025-04-11T02:17:27.041068+00:00, 613, 119
2025-04-11T02:17:27.353056+00:00, 602, 103
2025-04-11T02:17:27.664736+00:00, 601, 111
2025-04-11T02:17:27.969253+00:00, 607, 77
2025-04-11T02:17:28.279460+00:00, 616, 80
2025-04-11T02:17:28.585383+00:00, 505, 74
2025-04-11T02:17:28.894850+00:00, 512, 90
2025-04-11T02:17:29.200038+00:00, 509, 73
2025-04-11T02:17:29.506497+00:00, 506, 91
2025-04-11T02:17:29.814446+00:00, 511, 94
2025-04-11T02:17:30.118189+00:00, 501, 60
2025-04-11T02:17:30.424608+00:00, 503, 91
2025-04-11T02:17:30.730409+00:00, 502, 104
2025-04-11T02:17:31.040011+00:00, 508, 77
2025-04-11T02:17:31.346874+00:00, 504, 106
2025-04-11T02:17:31.656791+00:00, 516, 72
2025-04-11T02:17:31.960391+00:00, 514, 89
2025-04-11T02:17:32.270181+00:00, 515, 76
2025-04-11T02:17:32.577766+00:00, 605, 126
2025-04-11T02:17:32.885717+00:00, 603, 80
2025-04-11T02:17:33.200608+00:00, 610, 56
2025-04-11T02:17:33.492914+00:00, 608, 104
2025-04-11T02:17:33.797989+00:00, 604, 109
2025-04-11T02:17:34.113379+00:00, 611, 82
2025-04-11T02:17:34.427088+00:00, 606, 94
2025-04-11T02:17:34.730871+00:00, 613, 110
2025-04-11T02:17:35.046218+00:00, 602, 96
2025-04-11T02:17:35.346366+00:00, 601, 111
2025-04-11T02:17:35.667190+00:00, 607, 76
2025-04-11T02:17:35.965611+00:00, 616, 80
2025-04-11T02:17:36.275904+00:00, 505, 74
2025-04-11T02:17:36.591189+00:00, 512, 69
2025-04-11T02:17:36.902977+00:00, 509, 73
2025-04-11T02:17:37.220122+00:00, 506, 93
2025-04-11T02:17:37.520601+00:00, 511, 95
2025-04-11T02:17:37.827690+00:00, 501, 60
2025-04-11T02:17:38.134135+00:00, 503, 92
2025-04-11T02:17:38.428422+00:00, 502, 104
2025-04-11T02:17:38.749283+00:00, 508, 72
2025-04-11T02:17:39.055337+00:00, 504, 106
2025-04-11T02:17:39.364441+00:00, 516, 73
2025-04-11T02:17:39.683699+00:00, 514, 91
2025-04-11T02:17:39.986811+00:00, 515, 75
2025-04-11T02:17:40.301250+00:00, 605, 129
2025-04-11T02:17:40.608647+00:00, 603, 81
2025-04-11T02:17:40.915528+00:00, 610, 56
2025-04-11T02:17:41.220305+00:00, 608, 103
2025-04-11T02:17:41.534407+00:00, 604, 112
2025-04-11T02:17:41.833624+00:00, 611, 91
2025-04-11T02:17:42.149240+00:00, 606, 96
2025-04-11T02:17:42.453872+00:00, 613, 109
2025-04-11T02:17:42.763655+00:00, 602, 102
2025-04-11T02:17:43.078229+00:00, 601, 111
2025-04-11T02:17:43.390734+00:00, 607, 76
2025-04-11T02:17:43.692048+00:00, 616, 80
2025-04-11T02:17:44.000517+00:00, 505, 95
2025-04-11T02:17:44.306038+00:00, 512, 68
2025-04-11T02:17:44.617637+00:00, 509, 70
2025-04-11T02:17:44.925891+00:00, 506, 87
2025-04-11T02:17:45.247756+00:00, 511, 96
2025-04-11T02:17:45.552376+00:00, 501, 58
2025-04-11T02:17:45.858152+00:00, 503, 91
2025-04-11T02:17:46.165505+00:00, 502, 104
2025-04-11T02:17:46.477509+00:00, 508, 71
2025-04-11T02:17:46.783985+00:00, 504, 107
2025-04-11T02:17:47.082260+00:00, 516, 72
2025-04-11T02:17:47.384474+00:00, 514, 94
2025-04-11T02:17:47.696774+00:00, 515, 74
2025-04-11T02:17:48.001806+00:00, 605, 126
2025-04-11T02:17:48.315161+00:00, 603, 80
2025-04-11T02:17:48.613528+00:00, 610, 54
2025-04-11T02:17:48.940768+00:00, 608, 101
2025-04-11T02:17:49.239696+00:00, 604, 111
2025-04-11T02:17:49.549411+00:00, 611, 88
2025-04-11T02:17:49.850284+00:00, 606, 96
2025-04-11T02:17:50.150077+00:00, 613, 104
2025-04-11T02:17:50.472074+00:00, 602, 102
2025-04-11T02:17:50.761871+00:00, 601, 113
2025-04-11T02:17:51.080020+00:00, 607, 76
2025-04-11T02:17:51.385007+00:00, 616, 80
2025-04-11T02:17:51.696839+00:00, 505, 82
2025-04-11T02:17:52.004320+00:00, 512, 82
2025-04-11T02:17:52.307468+00:00, 509, 67
2025-04-11T02:17:52.622480+00:00, 506, 90
2025-04-11T02:17:52.933829+00:00, 511, 95
2025-04-11T02:17:53.238805+00:00, 501, 60
2025-04-11T02:17:53.548992+00:00, 503, 88
2025-04-11T02:17:53.861223+00:00, 502, 105
2025-04-11T02:17:54.168601+00:00, 508, 76
2025-04-11T02:17:54.482686+00:00, 504, 108
2025-04-11T02:17:54.792847+00:00, 516, 74
2025-04-11T02:17:55.101216+00:00, 514, 91
2025-04-11T02:17:55.409307+00:00, 515, 74
2025-04-11T02:17:55.718784+00:00, 605, 126
2025-04-11T02:17:56.015470+00:00, 603, 81
2025-04-11T02:17:56.331394+00:00, 610, 54
2025-04-11T02:17:56.646916+00:00, 608, 104
2025-04-11T02:17:56.951742+00:00, 604, 112
2025-04-11T02:17:57.257496+00:00, 611, 86
2025-04-11T02:17:57.557053+00:00, 606, 95
2025-04-11T02:17:57.866444+00:00, 613, 99
2025-04-11T02:17:58.166464+00:00, 602, 100
2025-04-11T02:17:58.469154+00:00, 601, 112
2025-04-11T02:17:58.787812+00:00, 607, 75
2025-04-11T02:17:59.095462+00:00, 616, 80
2025-04-11T02:17:59.405163+00:00, 505, 78
2025-04-11T02:17:59.709312+00:00, 512, 90
2025-04-11T02:18:00.012499+00:00, 506, 92
2025-04-11T02:18:00.330904+00:00, 511, 96
2025-04-11T02:18:00.637684+00:00, 501, 62
2025-04-11T02:18:00.948046+00:00, 503, 91
2025-04-11T02:18:01.250200+00:00, 502, 108
2025-04-11T02:18:01.551846+00:00, 508, 66
2025-04-11T02:18:01.857153+00:00, 504, 108
2025-04-11T02:18:02.171769+00:00, 516, 84
2025-04-11T02:18:02.478928+00:00, 514, 93
2025-04-11T02:18:02.791697+00:00, 515, 85
2025-04-11T02:18:03.096279+00:00, 605, 126
2025-04-11T02:18:03.399658+00:00, 603, 80
2025-04-11T02:18:03.709431+00:00, 610, 55
2025-04-11T02:18:04.017953+00:00, 608, 106
2025-04-11T02:18:04.325848+00:00, 604, 110
2025-04-11T02:18:04.637645+00:00, 611, 88
2025-04-11T02:18:04.939873+00:00, 606, 95
2025-04-11T02:18:05.256162+00:00, 613, 101
2025-04-11T02:18:05.559127+00:00, 602, 100
2025-04-11T02:18:05.867990+00:00, 601, 116
2025-04-11T02:18:06.173781+00:00, 607, 76
2025-04-11T02:18:06.477200+00:00, 616, 79
2025-04-11T02:18:06.783235+00:00, 505, 75
2025-04-11T02:18:07.088792+00:00, 512, 96
2025-04-11T02:18:07.405434+00:00, 509, 71
2025-04-11T02:18:07.707894+00:00, 506, 93
2025-04-11T02:18:08.020369+00:00, 511, 99
2025-04-11T02:18:08.328347+00:00, 501, 59
2025-04-11T02:18:08.624277+00:00, 503, 91
2025-04-11T02:18:08.938608+00:00, 502, 108
2025-04-11T02:18:09.246278+00:00, 508, 74
2025-04-11T02:18:09.555770+00:00, 504, 108
2025-04-11T02:18:09.863199+00:00, 516, 75
2025-04-11T02:18:10.167929+00:00, 514, 92
2025-04-11T02:18:10.469401+00:00, 515, 82
2025-04-11T02:18:10.768343+00:00, 605, 123
2025-04-11T02:18:11.079744+00:00, 603, 79
2025-04-11T02:18:11.401133+00:00, 610, 57
2025-04-11T02:18:11.704877+00:00, 608, 107
2025-04-11T02:18:12.002907+00:00, 604, 109
2025-04-11T02:18:12.315728+00:00, 611, 88
2025-04-11T02:18:12.616879+00:00, 606, 95
2025-04-11T02:18:12.934542+00:00, 613, 100
2025-04-11T02:18:13.243302+00:00, 602, 106
2025-04-11T02:18:13.546672+00:00, 601, 114
2025-04-11T02:18:13.854146+00:00, 607, 75
2025-04-11T02:18:14.153428+00:00, 616, 80
2025-04-11T02:18:14.466074+00:00, 505, 92
2025-04-11T02:18:14.779515+00:00, 512, 94
2025-04-11T02:18:15.087229+00:00, 509, 69
2025-04-11T02:18:15.400601+00:00, 506, 92
2025-04-11T02:18:15.717517+00:00, 511, 101
2025-04-11T02:18:16.020881+00:00, 501, 60
2025-04-11T02:18:16.332523+00:00, 503, 91
2025-04-11T02:18:16.641399+00:00, 502, 108
2025-04-11T02:18:16.938882+00:00, 508, 76
2025-04-11T02:18:17.248041+00:00, 504, 108
2025-04-11T02:18:17.567964+00:00, 516, 75
2025-04-11T02:18:17.877563+00:00, 514, 97
2025-04-11T02:18:18.198446+00:00, 515, 76
2025-04-11T02:18:18.496226+00:00, 605, 125
2025-04-11T02:18:18.813577+00:00, 603, 80
2025-04-11T02:18:19.122162+00:00, 610, 57
2025-04-11T02:18:19.427854+00:00, 608, 104
2025-04-11T02:18:19.739504+00:00, 604, 112
2025-04-11T02:18:20.047233+00:00, 611, 90
2025-04-11T02:18:20.356093+00:00, 606, 96
2025-04-11T02:18:20.666128+00:00, 613, 105
2025-04-11T02:18:20.972722+00:00, 602, 102
2025-04-11T02:18:21.271023+00:00, 601, 115
2025-04-11T02:18:21.587292+00:00, 607, 75
2025-04-11T02:18:21.896229+00:00, 616, 80
2025-04-11T02:18:22.195939+00:00, 505, 75
2025-04-11T02:18:22.509371+00:00, 512, 91
2025-04-11T02:18:22.823866+00:00, 509, 67
2025-04-11T02:18:23.133298+00:00, 506, 89
2025-04-11T02:18:23.444210+00:00, 511, 96
2025-04-11T02:18:23.752594+00:00, 501, 60
2025-04-11T02:18:24.080397+00:00, 503, 91
2025-04-11T02:18:24.371384+00:00, 502, 107
2025-04-11T02:18:24.680123+00:00, 508, 75
2025-04-11T02:18:24.987117+00:00, 504, 108
2025-04-11T02:18:25.315827+00:00, 516, 75
2025-04-11T02:18:25.604348+00:00, 514, 95
2025-04-11T02:18:25.912878+00:00, 515, 79
2025-04-11T02:18:26.231171+00:00, 605, 123
2025-04-11T02:18:26.543964+00:00, 603, 81
2025-04-11T02:18:26.848179+00:00, 610, 56
2025-04-11T02:18:27.147733+00:00, 608, 105
2025-04-11T02:18:27.453240+00:00, 604, 116
2025-04-11T02:18:27.758615+00:00, 611, 93
2025-04-11T02:18:28.071079+00:00, 606, 96
2025-04-11T02:18:28.375179+00:00, 613, 102
2025-04-11T02:18:28.689549+00:00, 602, 101
2025-04-11T02:18:29.002285+00:00, 601, 114
2025-04-11T02:18:29.304394+00:00, 607, 76
2025-04-11T02:18:29.611704+00:00, 616, 79
2025-04-11T02:18:29.917590+00:00, 505, 78
2025-04-11T02:18:30.233459+00:00, 512, 88
2025-04-11T02:18:30.545488+00:00, 509, 68
2025-04-11T02:18:30.848168+00:00, 506, 88
2025-04-11T02:18:31.160820+00:00, 511, 99
2025-04-11T02:18:31.463242+00:00, 501, 61
2025-04-11T02:18:31.779636+00:00, 503, 91
2025-04-11T02:18:32.093020+00:00, 502, 106
2025-04-11T02:18:32.398984+00:00, 508, 66
2025-04-11T02:18:32.708047+00:00, 504, 113
2025-04-11T02:18:33.014270+00:00, 516, 78
2025-04-11T02:18:33.322737+00:00, 514, 98
2025-04-11T02:18:33.624703+00:00, 515, 78
2025-04-11T02:18:33.940671+00:00, 605, 128
2025-04-11T02:18:34.255591+00:00, 603, 81
2025-04-11T02:18:34.566615+00:00, 610, 57
2025-04-11T02:18:34.871375+00:00, 608, 108
2025-04-11T02:18:35.186118+00:00, 604, 120
2025-04-11T02:18:35.497887+00:00, 611, 92
2025-04-11T02:18:35.810580+00:00, 606, 95
2025-04-11T02:18:36.124958+00:00, 602, 101
2025-04-11T02:18:36.418048+00:00, 601, 113
2025-04-11T02:18:36.734231+00:00, 607, 75
2025-04-11T02:18:37.037833+00:00, 616, 81
2025-04-11T02:18:37.344934+00:00, 505, 73
2025-04-11T02:18:37.653449+00:00, 512, 70
2025-04-11T02:18:37.963632+00:00, 509, 68
2025-04-11T02:18:38.271748+00:00, 506, 82
2025-04-11T02:18:38.570228+00:00, 511, 104
2025-04-11T02:18:38.891040+00:00, 501, 62
2025-04-11T02:18:39.206382+00:00, 503, 91
2025-04-11T02:18:39.519718+00:00, 502, 106
2025-04-11T02:18:39.830038+00:00, 508, 74
2025-04-11T02:18:40.141851+00:00, 504, 107
2025-04-11T02:18:40.455215+00:00, 516, 99
2025-04-11T02:18:40.759351+00:00, 514, 97
2025-04-11T02:18:41.061868+00:00, 515, 76
2025-04-11T02:18:41.370500+00:00, 605, 126
2025-04-11T02:18:41.674661+00:00, 603, 80
2025-04-11T02:18:41.986700+00:00, 610, 56
2025-04-11T02:18:42.303319+00:00, 608, 105
2025-04-11T02:18:42.610183+00:00, 611, 91
2025-04-11T02:18:42.918546+00:00, 606, 96
2025-04-11T02:18:43.222312+00:00, 613, 105
2025-04-11T02:18:43.537273+00:00, 602, 103
2025-04-11T02:18:43.833142+00:00, 601, 115
2025-04-11T02:18:44.144192+00:00, 607, 75
2025-04-11T02:18:44.462504+00:00, 616, 80
2025-04-11T02:18:44.768727+00:00, 505, 73
2025-04-11T02:18:45.079785+00:00, 512, 97
2025-04-11T02:18:45.387209+00:00, 509, 67
2025-04-11T02:18:45.695800+00:00, 506, 84
2025-04-11T02:18:46.014299+00:00, 511, 96
2025-04-11T02:18:46.328426+00:00, 501, 60
2025-04-11T02:18:46.636019+00:00, 503, 93
2025-04-11T02:18:46.936169+00:00, 502, 106
2025-04-11T02:18:47.243677+00:00, 508, 72
2025-04-11T02:18:47.555553+00:00, 504, 108
2025-04-11T02:18:47.872949+00:00, 514, 92
2025-04-11T02:18:48.173985+00:00, 515, 75
2025-04-11T02:18:48.479091+00:00, 605, 124
2025-04-11T02:18:48.794610+00:00, 603, 81
2025-04-11T02:18:49.101245+00:00, 610, 56
